{"uid":"1d83e178f12d4e07","name":"authorizedUserShouldNotBeAbleToCreateNewProjectFromPrivateRepository","fullName":"com.example.teamcity.ui.CreateNewProjectTest.authorizedUserShouldNotBeAbleToCreateNewProjectFromPrivateRepository","historyId":"1470e6bda8f89b3c19dbc2e6804f8238","time":{"start":1717083945241,"stop":1717083945588,"duration":347},"status":"broken","statusMessage":"com.fasterxml.jackson.databind.exc.UnrecognizedPropertyException: Unrecognized field \"id\" (class com.example.teamcity.api.models.User), not marked as ignorable (4 known properties: \"password\", \"email\", \"roles\", \"username\"])\n at [Source: (String)\"{\"username\":\"user_test_jltqjlqrkw\",\"id\":5,\"email\":\"test_cCwDoSsmhb@gmail.com\",\"href\":\"/app/rest/users/id:5\",\"properties\":{\"property\":[{\"name\":\"addTriggeredBuildToFavorites\",\"value\":\"true\"},{\"name\":\"plugin:vcs:anyVcs:anyVcsRoot\",\"value\":\"user_test_jltQjlqRkw\"},{\"name\":\"teamcity.server.buildNumber\",\"value\":\"147412\"}],\"count\":3,\"href\":\"/app/rest/users/id:5/properties\"},\"roles\":{\"role\":[{\"roleId\":\"SYSTEM_ADMIN\",\"scope\":\"g\",\"href\":\"/app/rest/users/id:5/roles/SYSTEM_ADMIN/g\"}]},\"groups\":{\"count\":1,\"gr\"[truncated 147 chars]; line: 1, column: 42] (through reference chain: com.example.teamcity.api.models.User[\"id\"])","statusTrace":"java.lang.RuntimeException: com.fasterxml.jackson.databind.exc.UnrecognizedPropertyException: Unrecognized field \"id\" (class com.example.teamcity.api.models.User), not marked as ignorable (4 known properties: \"password\", \"email\", \"roles\", \"username\"])\n at [Source: (String)\"{\"username\":\"user_test_jltqjlqrkw\",\"id\":5,\"email\":\"test_cCwDoSsmhb@gmail.com\",\"href\":\"/app/rest/users/id:5\",\"properties\":{\"property\":[{\"name\":\"addTriggeredBuildToFavorites\",\"value\":\"true\"},{\"name\":\"plugin:vcs:anyVcs:anyVcsRoot\",\"value\":\"user_test_jltQjlqRkw\"},{\"name\":\"teamcity.server.buildNumber\",\"value\":\"147412\"}],\"count\":3,\"href\":\"/app/rest/users/id:5/properties\"},\"roles\":{\"role\":[{\"roleId\":\"SYSTEM_ADMIN\",\"scope\":\"g\",\"href\":\"/app/rest/users/id:5/roles/SYSTEM_ADMIN/g\"}]},\"groups\":{\"count\":1,\"gr\"[truncated 147 chars]; line: 1, column: 42] (through reference chain: com.example.teamcity.api.models.User[\"id\"])\n\tat io.restassured.internal.path.json.mapping.JsonPathJackson2ObjectDeserializer.deserialize(JsonPathJackson2ObjectDeserializer.java:30)\n\tat io.restassured.path.json.mapping.JsonPathObjectDeserializer$deserialize.call(Unknown Source)\n\tat io.restassured.internal.mapping.Jackson2Mapper.deserialize(Jackson2Mapper.groovy:58)\n\tat io.restassured.mapper.ObjectMapper$deserialize$0.call(Unknown Source)\n\tat io.restassured.internal.mapping.ObjectMapping.parseWithJackson2(ObjectMapping.groovy:254)\n\tat io.restassured.internal.mapping.ObjectMapping$parseWithJackson2$1.callStatic(Unknown Source)\n\tat io.restassured.internal.mapping.ObjectMapping.deserialize(ObjectMapping.groovy:56)\n\tat io.restassured.internal.mapping.ObjectMapping$deserialize$0.call(Unknown Source)\n\tat io.restassured.internal.RestAssuredResponseOptionsGroovyImpl.as(RestAssuredResponseOptionsGroovyImpl.groovy:229)\n\tat io.restassured.internal.RestAssuredResponseOptionsImpl.as(RestAssuredResponseOptionsImpl.java:169)\n\tat com.example.teamcity.api.requests.checked.CheckedRequestGenerator.create(CheckedRequestGenerator.java:25)\n\tat com.example.teamcity.ui.BaseUiTest.loginAsUser(BaseUiTest.java:26)\n\tat com.example.teamcity.ui.CreateNewProjectTest.authorizedUserShouldNotBeAbleToCreateNewProjectFromPrivateRepository(CreateNewProjectTest.java:50)\n\tat java.base/jdk.internal.reflect.NativeMethodAccessorImpl.invoke0(Native Method)\n\tat java.base/jdk.internal.reflect.NativeMethodAccessorImpl.invoke(NativeMethodAccessorImpl.java:77)\n\tat java.base/jdk.internal.reflect.DelegatingMethodAccessorImpl.invoke(DelegatingMethodAccessorImpl.java:43)\n\tat java.base/java.lang.reflect.Method.invoke(Method.java:568)\n\tat org.testng.internal.invokers.MethodInvocationHelper.invokeMethod(MethodInvocationHelper.java:139)\n\tat org.testng.internal.invokers.TestInvoker.invokeMethod(TestInvoker.java:677)\n\tat org.testng.internal.invokers.TestInvoker.invokeTestMethod(TestInvoker.java:221)\n\tat org.testng.internal.invokers.MethodRunner.runInSequence(MethodRunner.java:50)\n\tat org.testng.internal.invokers.TestInvoker$MethodInvocationAgent.invoke(TestInvoker.java:969)\n\tat org.testng.internal.invokers.TestInvoker.invokeTestMethods(TestInvoker.java:194)\n\tat org.testng.internal.invokers.TestMethodWorker.invokeTestMethods(TestMethodWorker.java:148)\n\tat org.testng.internal.invokers.TestMethodWorker.run(TestMethodWorker.java:128)\n\tat java.base/java.util.ArrayList.forEach(ArrayList.java:1511)\n\tat org.testng.TestRunner.privateRun(TestRunner.java:829)\n\tat org.testng.TestRunner.run(TestRunner.java:602)\n\tat org.testng.SuiteRunner.runTest(SuiteRunner.java:437)\n\tat org.testng.SuiteRunner.runSequentially(SuiteRunner.java:431)\n\tat org.testng.SuiteRunner.privateRun(SuiteRunner.java:391)\n\tat org.testng.SuiteRunner.run(SuiteRunner.java:330)\n\tat org.testng.SuiteRunnerWorker.runSuite(SuiteRunnerWorker.java:52)\n\tat org.testng.SuiteRunnerWorker.run(SuiteRunnerWorker.java:95)\n\tat org.testng.TestNG.runSuitesSequentially(TestNG.java:1256)\n\tat org.testng.TestNG.runSuitesLocally(TestNG.java:1176)\n\tat org.testng.TestNG.runSuites(TestNG.java:1099)\n\tat org.testng.TestNG.run(TestNG.java:1067)\n\tat org.apache.maven.surefire.testng.TestNGExecutor.run(TestNGExecutor.java:283)\n\tat org.apache.maven.surefire.testng.TestNGXmlTestSuite.execute(TestNGXmlTestSuite.java:75)\n\tat org.apache.maven.surefire.testng.TestNGProvider.invoke(TestNGProvider.java:120)\n\tat org.apache.maven.surefire.booter.ForkedBooter.invokeProviderInSameClassLoader(ForkedBooter.java:384)\n\tat org.apache.maven.surefire.booter.ForkedBooter.runSuitesInProcess(ForkedBooter.java:345)\n\tat org.apache.maven.surefire.booter.ForkedBooter.execute(ForkedBooter.java:126)\n\tat org.apache.maven.surefire.booter.ForkedBooter.main(ForkedBooter.java:418)\nCaused by: com.fasterxml.jackson.databind.exc.UnrecognizedPropertyException: Unrecognized field \"id\" (class com.example.teamcity.api.models.User), not marked as ignorable (4 known properties: \"password\", \"email\", \"roles\", \"username\"])\n at [Source: (String)\"{\"username\":\"user_test_jltqjlqrkw\",\"id\":5,\"email\":\"test_cCwDoSsmhb@gmail.com\",\"href\":\"/app/rest/users/id:5\",\"properties\":{\"property\":[{\"name\":\"addTriggeredBuildToFavorites\",\"value\":\"true\"},{\"name\":\"plugin:vcs:anyVcs:anyVcsRoot\",\"value\":\"user_test_jltQjlqRkw\"},{\"name\":\"teamcity.server.buildNumber\",\"value\":\"147412\"}],\"count\":3,\"href\":\"/app/rest/users/id:5/properties\"},\"roles\":{\"role\":[{\"roleId\":\"SYSTEM_ADMIN\",\"scope\":\"g\",\"href\":\"/app/rest/users/id:5/roles/SYSTEM_ADMIN/g\"}]},\"groups\":{\"count\":1,\"gr\"[truncated 147 chars]; line: 1, column: 42] (through reference chain: com.example.teamcity.api.models.User[\"id\"])\n\tat com.fasterxml.jackson.databind.exc.UnrecognizedPropertyException.from(UnrecognizedPropertyException.java:61)\n\tat com.fasterxml.jackson.databind.DeserializationContext.handleUnknownProperty(DeserializationContext.java:987)\n\tat com.fasterxml.jackson.databind.deser.std.StdDeserializer.handleUnknownProperty(StdDeserializer.java:1974)\n\tat com.fasterxml.jackson.databind.deser.BeanDeserializerBase.handleUnknownProperty(BeanDeserializerBase.java:1701)\n\tat com.fasterxml.jackson.databind.deser.BeanDeserializerBase.handleUnknownVanilla(BeanDeserializerBase.java:1679)\n\tat com.fasterxml.jackson.databind.deser.BeanDeserializer.vanillaDeserialize(BeanDeserializer.java:330)\n\tat com.fasterxml.jackson.databind.deser.BeanDeserializer.deserialize(BeanDeserializer.java:187)\n\tat com.fasterxml.jackson.databind.deser.DefaultDeserializationContext.readRootValue(DefaultDeserializationContext.java:322)\n\tat com.fasterxml.jackson.databind.ObjectMapper._readMapAndClose(ObjectMapper.java:4593)\n\tat com.fasterxml.jackson.databind.ObjectMapper.readValue(ObjectMapper.java:3548)\n\tat io.restassured.internal.path.json.mapping.JsonPathJackson2ObjectDeserializer.deserialize(JsonPathJackson2ObjectDeserializer.java:28)\n\t... 44 more\n","flaky":false,"newFailed":false,"newBroken":true,"newPassed":false,"retriesCount":0,"retriesStatusChange":false,"beforeStages":[{"name":"beforeTest","time":{"start":1717083945240,"stop":1717083945240,"duration":0},"description":"","status":"passed","steps":[],"attachments":[],"parameters":[],"shouldDisplayMessage":false,"stepsCount":0,"attachmentsCount":0,"hasContent":false}],"afterStages":[{"name":"afterTest","time":{"start":1717083945589,"stop":1717083946150,"duration":561},"description":"","status":"passed","steps":[],"attachments":[],"parameters":[],"shouldDisplayMessage":false,"stepsCount":0,"attachmentsCount":0,"hasContent":false}],"labels":[{"name":"package","value":"com.example.teamcity.ui.CreateNewProjectTest"},{"name":"testClass","value":"com.example.teamcity.ui.CreateNewProjectTest"},{"name":"testMethod","value":"authorizedUserShouldNotBeAbleToCreateNewProjectFromPrivateRepository"},{"name":"parentSuite","value":"UI Suite"},{"name":"suite","value":"UI Test"},{"name":"subSuite","value":"com.example.teamcity.ui.CreateNewProjectTest"},{"name":"host","value":"fv-az1391-240"},{"name":"thread","value":"4431@fv-az1391-240.main(1)"},{"name":"framework","value":"testng"},{"name":"language","value":"java"},{"name":"resultFormat","value":"allure2"}],"parameters":[],"links":[],"hidden":false,"retry":false,"extra":{"severity":"normal","retries":[],"categories":[{"name":"Test defects","matchedStatuses":[],"flaky":false}],"history":{"statistic":{"failed":9,"broken":1,"skipped":0,"passed":0,"unknown":0,"total":10},"items":[{"uid":"7f7aca14643cd4bb","reportUrl":"https://katerina-klinova.github.io/teamcity-testing-framework/114//#testresult/7f7aca14643cd4bb","status":"failed","statusDetails":"Element not found {[id=\"error_url\"]}\nExpected: text \"Anonymous authentication has failed. The repository is either private or does not exist\"\nScreenshot: file:/home/runner/work/teamcity-testing-framework/teamcity-testing-framework/target/surefire-reports/1717081644157.0.png\nPage source: file:/home/runner/work/teamcity-testing-framework/teamcity-testing-framework/target/surefire-reports/1717081644157.0.html\nTimeout: 4 s.\nCaused by: NoSuchElementException: Unable to locate element: [id=\"error_url\"]","time":{"start":1717081635466,"stop":1717081644533,"duration":9067}},{"uid":"72d21db12661047b","reportUrl":"https://katerina-klinova.github.io/teamcity-testing-framework/113//#testresult/72d21db12661047b","status":"failed","statusDetails":"Element not found {[id=\"error_url\"]}\nExpected: text \"Anonymous authentication has failed. The repository is either private or does not exist\"\nScreenshot: file:/home/runner/work/teamcity-testing-framework/teamcity-testing-framework/target/surefire-reports/1717080142841.0.png\nPage source: file:/home/runner/work/teamcity-testing-framework/teamcity-testing-framework/target/surefire-reports/1717080142841.0.html\nTimeout: 4 s.\nCaused by: NoSuchElementException: Unable to locate element: [id=\"error_url\"]","time":{"start":1717080134503,"stop":1717080143114,"duration":8611}},{"uid":"e8a30f52d63b72b0","reportUrl":"https://katerina-klinova.github.io/teamcity-testing-framework/112//#testresult/e8a30f52d63b72b0","status":"failed","statusDetails":"Element not found {[id=\"error_url\"]}\nExpected: text \"Anonymous authentication has failed. The repository is either private or does not exist\"\nScreenshot: file:/home/runner/work/teamcity-testing-framework/teamcity-testing-framework/target/surefire-reports/1717079732052.1.png\nPage source: file:/home/runner/work/teamcity-testing-framework/teamcity-testing-framework/target/surefire-reports/1717079732052.1.html\nTimeout: 4 s.\nCaused by: NoSuchElementException: Unable to locate element: [id=\"error_url\"]","time":{"start":1717079723465,"stop":1717079732220,"duration":8755}},{"uid":"4f8620b2ce2d257f","reportUrl":"https://katerina-klinova.github.io/teamcity-testing-framework/109//#testresult/4f8620b2ce2d257f","status":"failed","statusDetails":"Element not found {[id=\"error_url\"]}\nExpected: text \"Anonymous authentication has failed. The repository is either private or does not exist\"\nScreenshot: file:/home/runner/work/teamcity-testing-framework/teamcity-testing-framework/target/surefire-reports/1717078723531.0.png\nPage source: file:/home/runner/work/teamcity-testing-framework/teamcity-testing-framework/target/surefire-reports/1717078723531.0.html\nTimeout: 4 s.\nCaused by: NoSuchElementException: Unable to locate element: [id=\"error_url\"]","time":{"start":1717078714972,"stop":1717078723704,"duration":8732}},{"uid":"b9abe22b3f5c410b","reportUrl":"https://katerina-klinova.github.io/teamcity-testing-framework/108//#testresult/b9abe22b3f5c410b","status":"failed","statusDetails":"Element not found {[id=\"error_url\"]}\nExpected: text \"Anonymous authentication has failed. The repository is either private or does not exist\"\nScreenshot: file:/home/runner/work/teamcity-testing-framework/teamcity-testing-framework/target/surefire-reports/1717078153395.0.png\nPage source: file:/home/runner/work/teamcity-testing-framework/teamcity-testing-framework/target/surefire-reports/1717078153395.0.html\nTimeout: 4 s.\nCaused by: NoSuchElementException: Unable to locate element: [id=\"error_url\"]","time":{"start":1717078145059,"stop":1717078153700,"duration":8641}},{"uid":"e0bb128648bcd635","reportUrl":"https://katerina-klinova.github.io/teamcity-testing-framework/107//#testresult/e0bb128648bcd635","status":"failed","statusDetails":"Element not found {[id=\"error_url\"]}\nExpected: text \"Anonymous authentication has failed. The repository is either private or does not exist\"\nScreenshot: file:/home/runner/work/teamcity-testing-framework/teamcity-testing-framework/target/surefire-reports/1717077696592.0.png\nPage source: file:/home/runner/work/teamcity-testing-framework/teamcity-testing-framework/target/surefire-reports/1717077696592.0.html\nTimeout: 4 s.\nCaused by: NoSuchElementException: Unable to locate element: [id=\"error_url\"]","time":{"start":1717077688059,"stop":1717077696798,"duration":8739}},{"uid":"cce780b48a0a181f","reportUrl":"https://katerina-klinova.github.io/teamcity-testing-framework/106//#testresult/cce780b48a0a181f","status":"failed","statusDetails":"Element not found {[id=\"error_url\"]}\nExpected: text \"Anonymous authentication has failed. The repository is either private or does not exist\"\nScreenshot: file:/home/runner/work/teamcity-testing-framework/teamcity-testing-framework/target/surefire-reports/1717077070791.0.png\nPage source: file:/home/runner/work/teamcity-testing-framework/teamcity-testing-framework/target/surefire-reports/1717077070791.0.html\nTimeout: 4 s.\nCaused by: NoSuchElementException: Unable to locate element: [id=\"error_url\"]","time":{"start":1717077061318,"stop":1717077071099,"duration":9781}},{"uid":"b6ffc0cd26260b28","reportUrl":"https://katerina-klinova.github.io/teamcity-testing-framework/105//#testresult/b6ffc0cd26260b28","status":"failed","statusDetails":"Element not found {[id=\"error_url\"]}\nExpected: text \"Anonymous authentication has failed. The repository is either private or does not exist\"\nScreenshot: file:/home/runner/work/teamcity-testing-framework/teamcity-testing-framework/target/surefire-reports/1717075679116.0.png\nPage source: file:/home/runner/work/teamcity-testing-framework/teamcity-testing-framework/target/surefire-reports/1717075679116.0.html\nTimeout: 4 s.\nCaused by: NoSuchElementException: Unable to locate element: [id=\"error_url\"]","time":{"start":1717075670103,"stop":1717075680260,"duration":10157}},{"uid":"90bd8e51a0a8ff0e","reportUrl":"https://katerina-klinova.github.io/teamcity-testing-framework/104//#testresult/90bd8e51a0a8ff0e","status":"failed","statusDetails":"Element not found {[id=\"error_url\"]}\nExpected: text \"Anonymous authentication has failed. The repository is either private or does not exist\"\nScreenshot: file:/home/runner/work/teamcity-testing-framework/teamcity-testing-framework/target/surefire-reports/1717074967673.0.png\nPage source: file:/home/runner/work/teamcity-testing-framework/teamcity-testing-framework/target/surefire-reports/1717074967673.0.html\nTimeout: 4 s.\nCaused by: NoSuchElementException: Unable to locate element: [id=\"error_url\"]","time":{"start":1717074958970,"stop":1717074968438,"duration":9468}}]},"tags":[]},"source":"1d83e178f12d4e07.json","parameterValues":[]}