{"uid":"8fa561d7d35ebc80","name":"buildConfigShouldNotGetCreatedHavingBuildIdEmpty","fullName":"com.example.teamcity.api.BuildConfigurationTest.buildConfigShouldNotGetCreatedHavingBuildIdEmpty","historyId":"894e5444d204f109cc5a9ef09dced6f6","time":{"start":1717083939636,"stop":1717083939917,"duration":281},"status":"broken","statusMessage":"com.fasterxml.jackson.databind.exc.UnrecognizedPropertyException: Unrecognized field \"virtual\" (class com.example.teamcity.api.models.Project), not marked as ignorable (4 known properties: \"parentProjectId\", \"id\", \"locator\", \"name\"])\n at [Source: (String)\"{\"id\":\"project_test_FpNyEjRACO\",\"name\":\"test_TTWDDpFLSt\",\"parentProjectId\":\"_Root\",\"virtual\":false,\"href\":\"/app/rest/projects/id:project_test_FpNyEjRACO\",\"webUrl\":\"http://localhost:8111/project.html?projectId=project_test_FpNyEjRACO\",\"parentProject\":{\"id\":\"_Root\",\"name\":\"<Root project>\",\"description\":\"Contains all other projects\",\"href\":\"/app/rest/projects/id:_Root\",\"webUrl\":\"http://localhost:8111/project.html?projectId=_Root\"},\"buildTypes\":{\"count\":0,\"buildType\":[]},\"templates\":{\"count\":0,\"buil\"[truncated 372 chars]; line: 1, column: 99] (through reference chain: com.example.teamcity.api.models.Project[\"virtual\"])","statusTrace":"java.lang.RuntimeException: com.fasterxml.jackson.databind.exc.UnrecognizedPropertyException: Unrecognized field \"virtual\" (class com.example.teamcity.api.models.Project), not marked as ignorable (4 known properties: \"parentProjectId\", \"id\", \"locator\", \"name\"])\n at [Source: (String)\"{\"id\":\"project_test_FpNyEjRACO\",\"name\":\"test_TTWDDpFLSt\",\"parentProjectId\":\"_Root\",\"virtual\":false,\"href\":\"/app/rest/projects/id:project_test_FpNyEjRACO\",\"webUrl\":\"http://localhost:8111/project.html?projectId=project_test_FpNyEjRACO\",\"parentProject\":{\"id\":\"_Root\",\"name\":\"<Root project>\",\"description\":\"Contains all other projects\",\"href\":\"/app/rest/projects/id:_Root\",\"webUrl\":\"http://localhost:8111/project.html?projectId=_Root\"},\"buildTypes\":{\"count\":0,\"buildType\":[]},\"templates\":{\"count\":0,\"buil\"[truncated 372 chars]; line: 1, column: 99] (through reference chain: com.example.teamcity.api.models.Project[\"virtual\"])\n\tat io.restassured.internal.path.json.mapping.JsonPathJackson2ObjectDeserializer.deserialize(JsonPathJackson2ObjectDeserializer.java:30)\n\tat io.restassured.path.json.mapping.JsonPathObjectDeserializer$deserialize.call(Unknown Source)\n\tat io.restassured.internal.mapping.Jackson2Mapper.deserialize(Jackson2Mapper.groovy:58)\n\tat io.restassured.mapper.ObjectMapper$deserialize$0.call(Unknown Source)\n\tat io.restassured.internal.mapping.ObjectMapping.parseWithJackson2(ObjectMapping.groovy:254)\n\tat io.restassured.internal.mapping.ObjectMapping$parseWithJackson2$1.callStatic(Unknown Source)\n\tat io.restassured.internal.mapping.ObjectMapping.deserialize(ObjectMapping.groovy:56)\n\tat io.restassured.internal.mapping.ObjectMapping$deserialize$0.call(Unknown Source)\n\tat io.restassured.internal.RestAssuredResponseOptionsGroovyImpl.as(RestAssuredResponseOptionsGroovyImpl.groovy:229)\n\tat io.restassured.internal.RestAssuredResponseOptionsImpl.as(RestAssuredResponseOptionsImpl.java:169)\n\tat com.example.teamcity.api.requests.checked.CheckedRequestGenerator.create(CheckedRequestGenerator.java:25)\n\tat com.example.teamcity.api.BuildConfigurationTest.buildConfigShouldNotGetCreatedHavingBuildIdEmpty(BuildConfigurationTest.java:53)\n\tat java.base/jdk.internal.reflect.NativeMethodAccessorImpl.invoke0(Native Method)\n\tat java.base/jdk.internal.reflect.NativeMethodAccessorImpl.invoke(NativeMethodAccessorImpl.java:77)\n\tat java.base/jdk.internal.reflect.DelegatingMethodAccessorImpl.invoke(DelegatingMethodAccessorImpl.java:43)\n\tat java.base/java.lang.reflect.Method.invoke(Method.java:568)\n\tat org.testng.internal.invokers.MethodInvocationHelper.invokeMethod(MethodInvocationHelper.java:139)\n\tat org.testng.internal.invokers.TestInvoker.invokeMethod(TestInvoker.java:677)\n\tat org.testng.internal.invokers.TestInvoker.invokeTestMethod(TestInvoker.java:221)\n\tat org.testng.internal.invokers.MethodRunner.runInSequence(MethodRunner.java:50)\n\tat org.testng.internal.invokers.TestInvoker$MethodInvocationAgent.invoke(TestInvoker.java:969)\n\tat org.testng.internal.invokers.TestInvoker.invokeTestMethods(TestInvoker.java:194)\n\tat org.testng.internal.invokers.TestMethodWorker.invokeTestMethods(TestMethodWorker.java:148)\n\tat org.testng.internal.invokers.TestMethodWorker.run(TestMethodWorker.java:128)\n\tat java.base/java.util.ArrayList.forEach(ArrayList.java:1511)\n\tat org.testng.TestRunner.privateRun(TestRunner.java:829)\n\tat org.testng.TestRunner.run(TestRunner.java:602)\n\tat org.testng.SuiteRunner.runTest(SuiteRunner.java:437)\n\tat org.testng.SuiteRunner.runSequentially(SuiteRunner.java:431)\n\tat org.testng.SuiteRunner.privateRun(SuiteRunner.java:391)\n\tat org.testng.SuiteRunner.run(SuiteRunner.java:330)\n\tat org.testng.SuiteRunnerWorker.runSuite(SuiteRunnerWorker.java:52)\n\tat org.testng.SuiteRunnerWorker.run(SuiteRunnerWorker.java:95)\n\tat org.testng.TestNG.runSuitesSequentially(TestNG.java:1256)\n\tat org.testng.TestNG.runSuitesLocally(TestNG.java:1176)\n\tat org.testng.TestNG.runSuites(TestNG.java:1099)\n\tat org.testng.TestNG.run(TestNG.java:1067)\n\tat org.apache.maven.surefire.testng.TestNGExecutor.run(TestNGExecutor.java:283)\n\tat org.apache.maven.surefire.testng.TestNGXmlTestSuite.execute(TestNGXmlTestSuite.java:75)\n\tat org.apache.maven.surefire.testng.TestNGProvider.invoke(TestNGProvider.java:120)\n\tat org.apache.maven.surefire.booter.ForkedBooter.invokeProviderInSameClassLoader(ForkedBooter.java:384)\n\tat org.apache.maven.surefire.booter.ForkedBooter.runSuitesInProcess(ForkedBooter.java:345)\n\tat org.apache.maven.surefire.booter.ForkedBooter.execute(ForkedBooter.java:126)\n\tat org.apache.maven.surefire.booter.ForkedBooter.main(ForkedBooter.java:418)\nCaused by: com.fasterxml.jackson.databind.exc.UnrecognizedPropertyException: Unrecognized field \"virtual\" (class com.example.teamcity.api.models.Project), not marked as ignorable (4 known properties: \"parentProjectId\", \"id\", \"locator\", \"name\"])\n at [Source: (String)\"{\"id\":\"project_test_FpNyEjRACO\",\"name\":\"test_TTWDDpFLSt\",\"parentProjectId\":\"_Root\",\"virtual\":false,\"href\":\"/app/rest/projects/id:project_test_FpNyEjRACO\",\"webUrl\":\"http://localhost:8111/project.html?projectId=project_test_FpNyEjRACO\",\"parentProject\":{\"id\":\"_Root\",\"name\":\"<Root project>\",\"description\":\"Contains all other projects\",\"href\":\"/app/rest/projects/id:_Root\",\"webUrl\":\"http://localhost:8111/project.html?projectId=_Root\"},\"buildTypes\":{\"count\":0,\"buildType\":[]},\"templates\":{\"count\":0,\"buil\"[truncated 372 chars]; line: 1, column: 99] (through reference chain: com.example.teamcity.api.models.Project[\"virtual\"])\n\tat com.fasterxml.jackson.databind.exc.UnrecognizedPropertyException.from(UnrecognizedPropertyException.java:61)\n\tat com.fasterxml.jackson.databind.DeserializationContext.handleUnknownProperty(DeserializationContext.java:987)\n\tat com.fasterxml.jackson.databind.deser.std.StdDeserializer.handleUnknownProperty(StdDeserializer.java:1974)\n\tat com.fasterxml.jackson.databind.deser.BeanDeserializerBase.handleUnknownProperty(BeanDeserializerBase.java:1701)\n\tat com.fasterxml.jackson.databind.deser.BeanDeserializerBase.handleUnknownVanilla(BeanDeserializerBase.java:1679)\n\tat com.fasterxml.jackson.databind.deser.BeanDeserializer.vanillaDeserialize(BeanDeserializer.java:330)\n\tat com.fasterxml.jackson.databind.deser.BeanDeserializer.deserialize(BeanDeserializer.java:187)\n\tat com.fasterxml.jackson.databind.deser.DefaultDeserializationContext.readRootValue(DefaultDeserializationContext.java:322)\n\tat com.fasterxml.jackson.databind.ObjectMapper._readMapAndClose(ObjectMapper.java:4593)\n\tat com.fasterxml.jackson.databind.ObjectMapper.readValue(ObjectMapper.java:3548)\n\tat io.restassured.internal.path.json.mapping.JsonPathJackson2ObjectDeserializer.deserialize(JsonPathJackson2ObjectDeserializer.java:28)\n\t... 43 more\n","flaky":false,"newFailed":false,"newBroken":true,"newPassed":false,"retriesCount":0,"retriesStatusChange":false,"beforeStages":[{"name":"beforeTest","time":{"start":1717083939627,"stop":1717083939627,"duration":0},"description":"","status":"passed","steps":[],"attachments":[],"parameters":[],"shouldDisplayMessage":false,"stepsCount":0,"attachmentsCount":0,"hasContent":false}],"afterStages":[{"name":"afterTest","time":{"start":1717083939938,"stop":1717083940809,"duration":871},"description":"","status":"passed","steps":[],"attachments":[],"parameters":[],"shouldDisplayMessage":false,"stepsCount":0,"attachmentsCount":0,"hasContent":false}],"labels":[{"name":"package","value":"com.example.teamcity.api.BuildConfigurationTest"},{"name":"testClass","value":"com.example.teamcity.api.BuildConfigurationTest"},{"name":"testMethod","value":"buildConfigShouldNotGetCreatedHavingBuildIdEmpty"},{"name":"parentSuite","value":"API Suite"},{"name":"suite","value":"API Test"},{"name":"subSuite","value":"com.example.teamcity.api.BuildConfigurationTest"},{"name":"host","value":"fv-az1391-240"},{"name":"thread","value":"4431@fv-az1391-240.main(1)"},{"name":"framework","value":"testng"},{"name":"language","value":"java"},{"name":"resultFormat","value":"allure2"}],"parameters":[],"links":[],"hidden":false,"retry":false,"extra":{"severity":"normal","retries":[],"categories":[{"name":"Test defects","matchedStatuses":[],"flaky":false}],"history":{"statistic":{"failed":9,"broken":1,"skipped":0,"passed":0,"unknown":0,"total":10},"items":[{"uid":"b8d359cc7cf9ccfa","reportUrl":"https://katerina-klinova.github.io/teamcity-testing-framework/114//#testresult/b8d359cc7cf9ccfa","status":"failed","statusDetails":"1 expectation failed.\nExpected status code <400> but was <500>.\n","time":{"start":1717081569090,"stop":1717081569179,"duration":89}},{"uid":"52db91330bb4ec2f","reportUrl":"https://katerina-klinova.github.io/teamcity-testing-framework/113//#testresult/52db91330bb4ec2f","status":"failed","statusDetails":"1 expectation failed.\nExpected status code <400> but was <500>.\n","time":{"start":1717080066980,"stop":1717080067063,"duration":83}},{"uid":"be0df901bdb7facd","reportUrl":"https://katerina-klinova.github.io/teamcity-testing-framework/112//#testresult/be0df901bdb7facd","status":"failed","statusDetails":"1 expectation failed.\nExpected status code <400> but was <500>.\n","time":{"start":1717079653773,"stop":1717079653839,"duration":66}},{"uid":"dca140ee648a8e13","reportUrl":"https://katerina-klinova.github.io/teamcity-testing-framework/109//#testresult/dca140ee648a8e13","status":"failed","statusDetails":"1 expectation failed.\nExpected status code <400> but was <500>.\n","time":{"start":1717078652476,"stop":1717078652543,"duration":67}},{"uid":"b123b3b5946d310","reportUrl":"https://katerina-klinova.github.io/teamcity-testing-framework/108//#testresult/b123b3b5946d310","status":"failed","statusDetails":"1 expectation failed.\nExpected status code <400> but was <500>.\n","time":{"start":1717078081004,"stop":1717078081103,"duration":99}},{"uid":"6b379f79aca2dacf","reportUrl":"https://katerina-klinova.github.io/teamcity-testing-framework/107//#testresult/6b379f79aca2dacf","status":"failed","statusDetails":"1 expectation failed.\nExpected status code <400> but was <500>.\n","time":{"start":1717077624759,"stop":1717077624818,"duration":59}},{"uid":"7617df1af4b9c75d","reportUrl":"https://katerina-klinova.github.io/teamcity-testing-framework/106//#testresult/7617df1af4b9c75d","status":"failed","statusDetails":"1 expectation failed.\nExpected status code <400> but was <500>.\n","time":{"start":1717076997595,"stop":1717076997673,"duration":78}},{"uid":"a043a4da61669af4","reportUrl":"https://katerina-klinova.github.io/teamcity-testing-framework/105//#testresult/a043a4da61669af4","status":"failed","statusDetails":"1 expectation failed.\nExpected status code <400> but was <500>.\n","time":{"start":1717075609108,"stop":1717075609190,"duration":82}},{"uid":"ccea9226df899fa7","reportUrl":"https://katerina-klinova.github.io/teamcity-testing-framework/104//#testresult/ccea9226df899fa7","status":"failed","statusDetails":"1 expectation failed.\nExpected status code <400> but was <500>.\n","time":{"start":1717074891236,"stop":1717074891352,"duration":116}}]},"tags":[]},"source":"8fa561d7d35ebc80.json","parameterValues":[]}