{"uid":"23cbfcc53b7c4829","name":"projectAdminShouldNotHaveRightsToCreateBuildConfigToAnotherProject","fullName":"com.example.teamcity.api.RolesTest.projectAdminShouldNotHaveRightsToCreateBuildConfigToAnotherProject","historyId":"3015efe1cf857d34767aefd598dc847b","time":{"start":1717176949935,"stop":1717176950222,"duration":287},"status":"failed","statusMessage":"1 expectation failed.\nResponse body doesn't match expectation.\nExpected: a string containing \"You do not have enough permissions to access project with internal id: project\"\n  Actual: Responding with error, status code: 403 (Forbidden).\nDetails: jetbrains.buildServer.serverSide.auth.AccessDeniedException: You do not have enough permissions to edit project with id: ProjectIdTestrzbGgXpUQK\nAccess denied. Check the user has enough permissions to perform the operation.\n","statusTrace":"java.lang.AssertionError: 1 expectation failed.\nResponse body doesn't match expectation.\nExpected: a string containing \"You do not have enough permissions to access project with internal id: project\"\n  Actual: Responding with error, status code: 403 (Forbidden).\nDetails: jetbrains.buildServer.serverSide.auth.AccessDeniedException: You do not have enough permissions to edit project with id: ProjectIdTestrzbGgXpUQK\nAccess denied. Check the user has enough permissions to perform the operation.\n\n\tat java.base/jdk.internal.reflect.NativeConstructorAccessorImpl.newInstance0(Native Method)\n\tat java.base/jdk.internal.reflect.NativeConstructorAccessorImpl.newInstance(NativeConstructorAccessorImpl.java:77)\n\tat java.base/jdk.internal.reflect.DelegatingConstructorAccessorImpl.newInstance(DelegatingConstructorAccessorImpl.java:45)\n\tat java.base/java.lang.reflect.Constructor.newInstanceWithCaller(Constructor.java:499)\n\tat java.base/java.lang.reflect.Constructor.newInstance(Constructor.java:480)\n\tat org.codehaus.groovy.reflection.CachedConstructor.invoke(CachedConstructor.java:73)\n\tat org.codehaus.groovy.runtime.callsite.ConstructorSite$ConstructorSiteNoUnwrapNoCoerce.callConstructor(ConstructorSite.java:108)\n\tat org.codehaus.groovy.runtime.callsite.AbstractCallSite.callConstructor(AbstractCallSite.java:277)\n\tat io.restassured.internal.ResponseSpecificationImpl$HamcrestAssertionClosure.validate(ResponseSpecificationImpl.groovy:512)\n\tat io.restassured.internal.ResponseSpecificationImpl$HamcrestAssertionClosure$validate$1.call(Unknown Source)\n\tat io.restassured.internal.ResponseSpecificationImpl.validateResponseIfRequired(ResponseSpecificationImpl.groovy:696)\n\tat io.restassured.internal.ResponseSpecificationImpl.this$2$validateResponseIfRequired(ResponseSpecificationImpl.groovy)\n\tat jdk.internal.reflect.GeneratedMethodAccessor187.invoke(Unknown Source)\n\tat java.base/jdk.internal.reflect.DelegatingMethodAccessorImpl.invoke(DelegatingMethodAccessorImpl.java:43)\n\tat java.base/java.lang.reflect.Method.invoke(Method.java:568)\n\tat org.codehaus.groovy.runtime.callsite.PlainObjectMetaMethodSite.doInvoke(PlainObjectMetaMethodSite.java:43)\n\tat org.codehaus.groovy.runtime.callsite.PogoMetaMethodSite$PogoCachedMethodSiteNoUnwrapNoCoerce.invoke(PogoMetaMethodSite.java:198)\n\tat org.codehaus.groovy.runtime.callsite.PogoMetaMethodSite.callCurrent(PogoMetaMethodSite.java:62)\n\tat org.codehaus.groovy.runtime.callsite.AbstractCallSite.callCurrent(AbstractCallSite.java:185)\n\tat io.restassured.internal.ResponseSpecificationImpl.body(ResponseSpecificationImpl.groovy:107)\n\tat io.restassured.internal.ValidatableResponseOptionsImpl.body(ValidatableResponseOptionsImpl.java:238)\n\tat com.example.teamcity.api.RolesTest.projectAdminShouldNotHaveRightsToCreateBuildConfigToAnotherProject(RolesTest.java:98)\n\tat java.base/jdk.internal.reflect.NativeMethodAccessorImpl.invoke0(Native Method)\n\tat java.base/jdk.internal.reflect.NativeMethodAccessorImpl.invoke(NativeMethodAccessorImpl.java:77)\n\tat java.base/jdk.internal.reflect.DelegatingMethodAccessorImpl.invoke(DelegatingMethodAccessorImpl.java:43)\n\tat java.base/java.lang.reflect.Method.invoke(Method.java:568)\n\tat org.testng.internal.invokers.MethodInvocationHelper.invokeMethod(MethodInvocationHelper.java:139)\n\tat org.testng.internal.invokers.TestInvoker.invokeMethod(TestInvoker.java:677)\n\tat org.testng.internal.invokers.TestInvoker.invokeTestMethod(TestInvoker.java:221)\n\tat org.testng.internal.invokers.MethodRunner.runInSequence(MethodRunner.java:50)\n\tat org.testng.internal.invokers.TestInvoker$MethodInvocationAgent.invoke(TestInvoker.java:969)\n\tat org.testng.internal.invokers.TestInvoker.invokeTestMethods(TestInvoker.java:194)\n\tat org.testng.internal.invokers.TestMethodWorker.invokeTestMethods(TestMethodWorker.java:148)\n\tat org.testng.internal.invokers.TestMethodWorker.run(TestMethodWorker.java:128)\n\tat java.base/java.util.ArrayList.forEach(ArrayList.java:1511)\n\tat org.testng.TestRunner.privateRun(TestRunner.java:829)\n\tat org.testng.TestRunner.run(TestRunner.java:602)\n\tat org.testng.SuiteRunner.runTest(SuiteRunner.java:437)\n\tat org.testng.SuiteRunner.runSequentially(SuiteRunner.java:431)\n\tat org.testng.SuiteRunner.privateRun(SuiteRunner.java:391)\n\tat org.testng.SuiteRunner.run(SuiteRunner.java:330)\n\tat org.testng.SuiteRunnerWorker.runSuite(SuiteRunnerWorker.java:52)\n\tat org.testng.SuiteRunnerWorker.run(SuiteRunnerWorker.java:95)\n\tat org.testng.TestNG.runSuitesSequentially(TestNG.java:1256)\n\tat org.testng.TestNG.runSuitesLocally(TestNG.java:1176)\n\tat org.testng.TestNG.runSuites(TestNG.java:1099)\n\tat org.testng.TestNG.run(TestNG.java:1067)\n\tat org.apache.maven.surefire.testng.TestNGExecutor.run(TestNGExecutor.java:283)\n\tat org.apache.maven.surefire.testng.TestNGXmlTestSuite.execute(TestNGXmlTestSuite.java:75)\n\tat org.apache.maven.surefire.testng.TestNGProvider.invoke(TestNGProvider.java:120)\n\tat org.apache.maven.surefire.booter.ForkedBooter.invokeProviderInSameClassLoader(ForkedBooter.java:384)\n\tat org.apache.maven.surefire.booter.ForkedBooter.runSuitesInProcess(ForkedBooter.java:345)\n\tat org.apache.maven.surefire.booter.ForkedBooter.execute(ForkedBooter.java:126)\n\tat org.apache.maven.surefire.booter.ForkedBooter.main(ForkedBooter.java:418)\n","flaky":false,"newFailed":false,"newBroken":false,"newPassed":false,"retriesCount":0,"retriesStatusChange":false,"beforeStages":[{"name":"beforeTest","time":{"start":1717176949934,"stop":1717176949934,"duration":0},"description":"","status":"passed","steps":[],"attachments":[],"parameters":[],"shouldDisplayMessage":false,"stepsCount":0,"attachmentsCount":0,"hasContent":false}],"afterStages":[{"name":"afterTest","time":{"start":1717176950224,"stop":1717176950778,"duration":554},"description":"","status":"passed","steps":[],"attachments":[],"parameters":[],"shouldDisplayMessage":false,"stepsCount":0,"attachmentsCount":0,"hasContent":false}],"labels":[{"name":"package","value":"com.example.teamcity.api.RolesTest"},{"name":"testClass","value":"com.example.teamcity.api.RolesTest"},{"name":"testMethod","value":"projectAdminShouldNotHaveRightsToCreateBuildConfigToAnotherProject"},{"name":"parentSuite","value":"API Suite"},{"name":"suite","value":"API Test"},{"name":"subSuite","value":"com.example.teamcity.api.RolesTest"},{"name":"host","value":"fv-az840-545"},{"name":"thread","value":"4371@fv-az840-545.main(1)"},{"name":"framework","value":"testng"},{"name":"language","value":"java"},{"name":"resultFormat","value":"allure2"}],"parameters":[],"links":[],"hidden":false,"retry":false,"extra":{"severity":"normal","retries":[],"categories":[{"name":"Product defects","matchedStatuses":[],"flaky":false}],"history":{"statistic":{"failed":21,"broken":3,"skipped":0,"passed":0,"unknown":0,"total":24},"items":[{"uid":"16b4cd9d0fe6e650","reportUrl":"https://katerina-klinova.github.io/teamcity-testing-framework/126//#testresult/16b4cd9d0fe6e650","status":"failed","statusDetails":"1 expectation failed.\nResponse body doesn't match expectation.\nExpected: a string containing \"You do not have enough permissions to access project with internal id: project\"\n  Actual: Responding with error, status code: 403 (Forbidden).\nDetails: jetbrains.buildServer.serverSide.auth.AccessDeniedException: You do not have enough permissions to edit project with id: ProjectIdTestFMIfEKpiAo\nAccess denied. Check the user has enough permissions to perform the operation.\n","time":{"start":1717176152204,"stop":1717176152494,"duration":290}},{"uid":"4dcec28ccbda0363","reportUrl":"https://katerina-klinova.github.io/teamcity-testing-framework/125//#testresult/4dcec28ccbda0363","status":"failed","statusDetails":"1 expectation failed.\nResponse body doesn't match expectation.\nExpected: a string containing \"You do not have enough permissions to access project with internal id: project\"\n  Actual: Responding with error, status code: 403 (Forbidden).\nDetails: jetbrains.buildServer.serverSide.auth.AccessDeniedException: You do not have enough permissions to edit project with id: ProjectIdTestynflmsIAme\nAccess denied. Check the user has enough permissions to perform the operation.\n","time":{"start":1717175989794,"stop":1717175990180,"duration":386}},{"uid":"1c251b09b9289a07","reportUrl":"https://katerina-klinova.github.io/teamcity-testing-framework/124//#testresult/1c251b09b9289a07","status":"failed","statusDetails":"1 expectation failed.\nResponse body doesn't match expectation.\nExpected: a string containing \"You do not have enough permissions to access project with internal id: project\"\n  Actual: Responding with error, status code: 403 (Forbidden).\nDetails: jetbrains.buildServer.serverSide.auth.AccessDeniedException: You do not have enough permissions to edit project with id: ProjectIdTesttYCvRaiPbp\nAccess denied. Check the user has enough permissions to perform the operation.\n","time":{"start":1717175394327,"stop":1717175394733,"duration":406}},{"uid":"1eef2a74af8e66b8","reportUrl":"https://katerina-klinova.github.io/teamcity-testing-framework/123//#testresult/1eef2a74af8e66b8","status":"failed","statusDetails":"1 expectation failed.\nResponse body doesn't match expectation.\nExpected: a string containing \"You do not have enough permissions to access project with internal id: project\"\n  Actual: Responding with error, status code: 403 (Forbidden).\nDetails: jetbrains.buildServer.serverSide.auth.AccessDeniedException: You do not have enough permissions to edit project with id: project_test_WNcbsPYmHr\nAccess denied. Check the user has enough permissions to perform the operation.\n","time":{"start":1717149442036,"stop":1717149442431,"duration":395}},{"uid":"172533d38b1e88b5","reportUrl":"https://katerina-klinova.github.io/teamcity-testing-framework/122//#testresult/172533d38b1e88b5","status":"failed","statusDetails":"1 expectation failed.\nResponse body doesn't match expectation.\nExpected: a string containing \"You do not have enough permissions to access project with internal id: project\"\n  Actual: Responding with error, status code: 403 (Forbidden).\nDetails: jetbrains.buildServer.serverSide.auth.AccessDeniedException: You do not have enough permissions to edit project with id: project_test_AgvxJJJPwK\nAccess denied. Check the user has enough permissions to perform the operation.\n","time":{"start":1717148929131,"stop":1717148929516,"duration":385}},{"uid":"341bce8089c04450","reportUrl":"https://katerina-klinova.github.io/teamcity-testing-framework/121//#testresult/341bce8089c04450","status":"failed","statusDetails":"1 expectation failed.\nResponse body doesn't match expectation.\nExpected: a string containing \"You do not have enough permissions to access project with internal id: project\"\n  Actual: Responding with error, status code: 403 (Forbidden).\nDetails: jetbrains.buildServer.serverSide.auth.AccessDeniedException: You do not have enough permissions to edit project with id: project_test_vrndiiSPXz\nAccess denied. Check the user has enough permissions to perform the operation.\n","time":{"start":1717148156049,"stop":1717148156385,"duration":336}},{"uid":"1a6faa0938ae6ac3","reportUrl":"https://katerina-klinova.github.io/teamcity-testing-framework/120//#testresult/1a6faa0938ae6ac3","status":"failed","statusDetails":"1 expectation failed.\nResponse body doesn't match expectation.\nExpected: a string containing \"You do not have enough permissions to access project with internal id: project\"\n  Actual: Responding with error, status code: 403 (Forbidden).\nDetails: jetbrains.buildServer.serverSide.auth.AccessDeniedException: You do not have enough permissions to edit project with id: project_test_feOhvstBuU\nAccess denied. Check the user has enough permissions to perform the operation.\n","time":{"start":1717147469765,"stop":1717147470036,"duration":271}},{"uid":"5b78d18d31d49471","reportUrl":"https://katerina-klinova.github.io/teamcity-testing-framework/119//#testresult/5b78d18d31d49471","status":"failed","statusDetails":"1 expectation failed.\nResponse body doesn't match expectation.\nExpected: a string containing \"You do not have enough permissions to access project with internal id: project\"\n  Actual: Responding with error, status code: 403 (Forbidden).\nDetails: jetbrains.buildServer.serverSide.auth.AccessDeniedException: You do not have enough permissions to edit project with id: project_test_OvFadpiOXj\nAccess denied. Check the user has enough permissions to perform the operation.\n","time":{"start":1717146643729,"stop":1717146644543,"duration":814}},{"uid":"fa56d92a0804152","reportUrl":"https://katerina-klinova.github.io/teamcity-testing-framework/118//#testresult/fa56d92a0804152","status":"failed","statusDetails":"1 expectation failed.\nResponse body doesn't match expectation.\nExpected: a string containing \"You do not have enough permissions to access project with internal id: project\"\n  Actual: Responding with error, status code: 403 (Forbidden).\nDetails: jetbrains.buildServer.serverSide.auth.AccessDeniedException: You do not have enough permissions to edit project with id: project_test_nbOAUEsjbI\nAccess denied. Check the user has enough permissions to perform the operation.\n","time":{"start":1717145618138,"stop":1717145618947,"duration":809}},{"uid":"93ad1cbd39130827","reportUrl":"https://katerina-klinova.github.io/teamcity-testing-framework/104//#testresult/93ad1cbd39130827","status":"failed","statusDetails":"1 expectation failed.\nExpected status code <403> but was <200>.\n","time":{"start":1717143581292,"stop":1717143581560,"duration":268}},{"uid":"e7ce67b74d1040e4","reportUrl":"https://katerina-klinova.github.io/teamcity-testing-framework/104//#testresult/e7ce67b74d1040e4","status":"failed","statusDetails":"1 expectation failed.\nExpected status code <403> but was <200>.\n","time":{"start":1717095879481,"stop":1717095879686,"duration":205}},{"uid":"d49fb4ec747ca351","reportUrl":"https://katerina-klinova.github.io/teamcity-testing-framework/117//#testresult/d49fb4ec747ca351","status":"broken","statusDetails":"com.fasterxml.jackson.databind.exc.UnrecognizedPropertyException: Unrecognized field \"virtual\" (class com.example.teamcity.api.models.Project), not marked as ignorable (4 known properties: \"parentProjectId\", \"id\", \"locator\", \"name\"])\n at [Source: (String)\"{\"id\":\"project_test_MviLXXNgYs\",\"name\":\"test_raCCOfKjcx\",\"parentProjectId\":\"_Root\",\"virtual\":false,\"href\":\"/app/rest/projects/id:project_test_MviLXXNgYs\",\"webUrl\":\"http://localhost:8111/project.html?projectId=project_test_MviLXXNgYs\",\"parentProject\":{\"id\":\"_Root\",\"name\":\"<Root project>\",\"description\":\"Contains all other projects\",\"href\":\"/app/rest/projects/id:_Root\",\"webUrl\":\"http://localhost:8111/project.html?projectId=_Root\"},\"buildTypes\":{\"count\":0,\"buildType\":[]},\"templates\":{\"count\":0,\"buil\"[truncated 372 chars]; line: 1, column: 99] (through reference chain: com.example.teamcity.api.models.Project[\"virtual\"])","time":{"start":1717084948509,"stop":1717084948590,"duration":81}},{"uid":"a7ac3c45020ab559","reportUrl":"https://katerina-klinova.github.io/teamcity-testing-framework/116//#testresult/a7ac3c45020ab559","status":"broken","statusDetails":"com.fasterxml.jackson.databind.exc.UnrecognizedPropertyException: Unrecognized field \"virtual\" (class com.example.teamcity.api.models.Project), not marked as ignorable (4 known properties: \"parentProjectId\", \"id\", \"locator\", \"name\"])\n at [Source: (String)\"{\"id\":\"project_test_SNxGJHzJpc\",\"name\":\"test_EpqTwDbcoY\",\"parentProjectId\":\"_Root\",\"virtual\":false,\"href\":\"/app/rest/projects/id:project_test_SNxGJHzJpc\",\"webUrl\":\"http://localhost:8111/project.html?projectId=project_test_SNxGJHzJpc\",\"parentProject\":{\"id\":\"_Root\",\"name\":\"<Root project>\",\"description\":\"Contains all other projects\",\"href\":\"/app/rest/projects/id:_Root\",\"webUrl\":\"http://localhost:8111/project.html?projectId=_Root\"},\"buildTypes\":{\"count\":0,\"buildType\":[]},\"templates\":{\"count\":0,\"buil\"[truncated 372 chars]; line: 1, column: 99] (through reference chain: com.example.teamcity.api.models.Project[\"virtual\"])","time":{"start":1717084376075,"stop":1717084376161,"duration":86}},{"uid":"ca00517ae5df3d2f","reportUrl":"https://katerina-klinova.github.io/teamcity-testing-framework/115//#testresult/ca00517ae5df3d2f","status":"broken","statusDetails":"com.fasterxml.jackson.databind.exc.UnrecognizedPropertyException: Unrecognized field \"virtual\" (class com.example.teamcity.api.models.Project), not marked as ignorable (4 known properties: \"parentProjectId\", \"id\", \"locator\", \"name\"])\n at [Source: (String)\"{\"id\":\"project_test_IDaoXTpgGw\",\"name\":\"test_UvNlyaQIPb\",\"parentProjectId\":\"_Root\",\"virtual\":false,\"href\":\"/app/rest/projects/id:project_test_IDaoXTpgGw\",\"webUrl\":\"http://localhost:8111/project.html?projectId=project_test_IDaoXTpgGw\",\"parentProject\":{\"id\":\"_Root\",\"name\":\"<Root project>\",\"description\":\"Contains all other projects\",\"href\":\"/app/rest/projects/id:_Root\",\"webUrl\":\"http://localhost:8111/project.html?projectId=_Root\"},\"buildTypes\":{\"count\":0,\"buildType\":[]},\"templates\":{\"count\":0,\"buil\"[truncated 372 chars]; line: 1, column: 99] (through reference chain: com.example.teamcity.api.models.Project[\"virtual\"])","time":{"start":1717083938565,"stop":1717083938669,"duration":104}},{"uid":"1fd2b03431b93077","reportUrl":"https://katerina-klinova.github.io/teamcity-testing-framework/114//#testresult/1fd2b03431b93077","status":"failed","statusDetails":"1 expectation failed.\nExpected status code <403> but was <200>.\n","time":{"start":1717081565189,"stop":1717081565534,"duration":345}},{"uid":"371c0d8d550cd05e","reportUrl":"https://katerina-klinova.github.io/teamcity-testing-framework/113//#testresult/371c0d8d550cd05e","status":"failed","statusDetails":"1 expectation failed.\nExpected status code <403> but was <200>.\n","time":{"start":1717080063351,"stop":1717080063732,"duration":381}},{"uid":"28a738537d70bafc","reportUrl":"https://katerina-klinova.github.io/teamcity-testing-framework/112//#testresult/28a738537d70bafc","status":"failed","statusDetails":"1 expectation failed.\nExpected status code <403> but was <200>.\n","time":{"start":1717079651129,"stop":1717079651409,"duration":280}},{"uid":"d322ee0d80fc3f0","reportUrl":"https://katerina-klinova.github.io/teamcity-testing-framework/109//#testresult/d322ee0d80fc3f0","status":"failed","statusDetails":"1 expectation failed.\nExpected status code <403> but was <200>.\n","time":{"start":1717078649611,"stop":1717078649935,"duration":324}},{"uid":"686b75ca8c570728","reportUrl":"https://katerina-klinova.github.io/teamcity-testing-framework/108//#testresult/686b75ca8c570728","status":"failed","statusDetails":"1 expectation failed.\nExpected status code <403> but was <200>.\n","time":{"start":1717078078073,"stop":1717078078386,"duration":313}},{"uid":"531eb6d9b92db7c2","reportUrl":"https://katerina-klinova.github.io/teamcity-testing-framework/107//#testresult/531eb6d9b92db7c2","status":"failed","statusDetails":"1 expectation failed.\nExpected status code <403> but was <200>.\n","time":{"start":1717077621653,"stop":1717077621957,"duration":304}}]},"tags":[]},"source":"23cbfcc53b7c4829.json","parameterValues":[]}