{"uid":"e54f450c7669bd8","name":"buildConfigShouldNotGetCreatedHavingBuildIdEmpty","fullName":"com.example.teamcity.api.BuildConfigurationTest.buildConfigShouldNotGetCreatedHavingBuildIdEmpty","historyId":"894e5444d204f109cc5a9ef09dced6f6","time":{"start":1717149445177,"stop":1717149445487,"duration":310},"status":"failed","statusMessage":"1 expectation failed.\nExpected status code <400> but was <500>.\n","statusTrace":"java.lang.AssertionError: 1 expectation failed.\nExpected status code <400> but was <500>.\n\n\tat java.base/jdk.internal.reflect.NativeConstructorAccessorImpl.newInstance0(Native Method)\n\tat java.base/jdk.internal.reflect.NativeConstructorAccessorImpl.newInstance(NativeConstructorAccessorImpl.java:77)\n\tat java.base/jdk.internal.reflect.DelegatingConstructorAccessorImpl.newInstance(DelegatingConstructorAccessorImpl.java:45)\n\tat java.base/java.lang.reflect.Constructor.newInstanceWithCaller(Constructor.java:499)\n\tat java.base/java.lang.reflect.Constructor.newInstance(Constructor.java:480)\n\tat org.codehaus.groovy.reflection.CachedConstructor.invoke(CachedConstructor.java:73)\n\tat org.codehaus.groovy.runtime.callsite.ConstructorSite$ConstructorSiteNoUnwrapNoCoerce.callConstructor(ConstructorSite.java:108)\n\tat org.codehaus.groovy.runtime.callsite.AbstractCallSite.callConstructor(AbstractCallSite.java:277)\n\tat io.restassured.internal.ResponseSpecificationImpl$HamcrestAssertionClosure.validate(ResponseSpecificationImpl.groovy:512)\n\tat io.restassured.internal.ResponseSpecificationImpl$HamcrestAssertionClosure$validate$1.call(Unknown Source)\n\tat io.restassured.internal.ResponseSpecificationImpl.validateResponseIfRequired(ResponseSpecificationImpl.groovy:696)\n\tat io.restassured.internal.ResponseSpecificationImpl.this$2$validateResponseIfRequired(ResponseSpecificationImpl.groovy)\n\tat jdk.internal.reflect.GeneratedMethodAccessor187.invoke(Unknown Source)\n\tat java.base/jdk.internal.reflect.DelegatingMethodAccessorImpl.invoke(DelegatingMethodAccessorImpl.java:43)\n\tat java.base/java.lang.reflect.Method.invoke(Method.java:568)\n\tat org.codehaus.groovy.runtime.callsite.PlainObjectMetaMethodSite.doInvoke(PlainObjectMetaMethodSite.java:43)\n\tat org.codehaus.groovy.runtime.callsite.PogoMetaMethodSite$PogoCachedMethodSiteNoUnwrapNoCoerce.invoke(PogoMetaMethodSite.java:198)\n\tat org.codehaus.groovy.runtime.callsite.PogoMetaMethodSite.callCurrent(PogoMetaMethodSite.java:62)\n\tat org.codehaus.groovy.runtime.callsite.AbstractCallSite.callCurrent(AbstractCallSite.java:185)\n\tat io.restassured.internal.ResponseSpecificationImpl.statusCode(ResponseSpecificationImpl.groovy:135)\n\tat io.restassured.specification.ResponseSpecification$statusCode$0.callCurrent(Unknown Source)\n\tat io.restassured.internal.ResponseSpecificationImpl.statusCode(ResponseSpecificationImpl.groovy:143)\n\tat io.restassured.internal.ValidatableResponseOptionsImpl.statusCode(ValidatableResponseOptionsImpl.java:89)\n\tat com.example.teamcity.api.BuildConfigurationTest.buildConfigShouldNotGetCreatedHavingBuildIdEmpty(BuildConfigurationTest.java:60)\n\tat java.base/jdk.internal.reflect.NativeMethodAccessorImpl.invoke0(Native Method)\n\tat java.base/jdk.internal.reflect.NativeMethodAccessorImpl.invoke(NativeMethodAccessorImpl.java:77)\n\tat java.base/jdk.internal.reflect.DelegatingMethodAccessorImpl.invoke(DelegatingMethodAccessorImpl.java:43)\n\tat java.base/java.lang.reflect.Method.invoke(Method.java:568)\n\tat org.testng.internal.invokers.MethodInvocationHelper.invokeMethod(MethodInvocationHelper.java:139)\n\tat org.testng.internal.invokers.TestInvoker.invokeMethod(TestInvoker.java:677)\n\tat org.testng.internal.invokers.TestInvoker.invokeTestMethod(TestInvoker.java:221)\n\tat org.testng.internal.invokers.MethodRunner.runInSequence(MethodRunner.java:50)\n\tat org.testng.internal.invokers.TestInvoker$MethodInvocationAgent.invoke(TestInvoker.java:969)\n\tat org.testng.internal.invokers.TestInvoker.invokeTestMethods(TestInvoker.java:194)\n\tat org.testng.internal.invokers.TestMethodWorker.invokeTestMethods(TestMethodWorker.java:148)\n\tat org.testng.internal.invokers.TestMethodWorker.run(TestMethodWorker.java:128)\n\tat java.base/java.util.ArrayList.forEach(ArrayList.java:1511)\n\tat org.testng.TestRunner.privateRun(TestRunner.java:829)\n\tat org.testng.TestRunner.run(TestRunner.java:602)\n\tat org.testng.SuiteRunner.runTest(SuiteRunner.java:437)\n\tat org.testng.SuiteRunner.runSequentially(SuiteRunner.java:431)\n\tat org.testng.SuiteRunner.privateRun(SuiteRunner.java:391)\n\tat org.testng.SuiteRunner.run(SuiteRunner.java:330)\n\tat org.testng.SuiteRunnerWorker.runSuite(SuiteRunnerWorker.java:52)\n\tat org.testng.SuiteRunnerWorker.run(SuiteRunnerWorker.java:95)\n\tat org.testng.TestNG.runSuitesSequentially(TestNG.java:1256)\n\tat org.testng.TestNG.runSuitesLocally(TestNG.java:1176)\n\tat org.testng.TestNG.runSuites(TestNG.java:1099)\n\tat org.testng.TestNG.run(TestNG.java:1067)\n\tat org.apache.maven.surefire.testng.TestNGExecutor.run(TestNGExecutor.java:283)\n\tat org.apache.maven.surefire.testng.TestNGXmlTestSuite.execute(TestNGXmlTestSuite.java:75)\n\tat org.apache.maven.surefire.testng.TestNGProvider.invoke(TestNGProvider.java:120)\n\tat org.apache.maven.surefire.booter.ForkedBooter.invokeProviderInSameClassLoader(ForkedBooter.java:384)\n\tat org.apache.maven.surefire.booter.ForkedBooter.runSuitesInProcess(ForkedBooter.java:345)\n\tat org.apache.maven.surefire.booter.ForkedBooter.execute(ForkedBooter.java:126)\n\tat org.apache.maven.surefire.booter.ForkedBooter.main(ForkedBooter.java:418)\n","flaky":false,"newFailed":false,"newBroken":false,"newPassed":false,"retriesCount":0,"retriesStatusChange":false,"beforeStages":[{"name":"beforeTest","time":{"start":1717149445176,"stop":1717149445176,"duration":0},"description":"","status":"passed","steps":[],"attachments":[],"parameters":[],"shouldDisplayMessage":false,"stepsCount":0,"attachmentsCount":0,"hasContent":false}],"afterStages":[{"name":"afterTest","time":{"start":1717149445489,"stop":1717149445911,"duration":422},"description":"","status":"passed","steps":[],"attachments":[],"parameters":[],"shouldDisplayMessage":false,"stepsCount":0,"attachmentsCount":0,"hasContent":false}],"labels":[{"name":"package","value":"com.example.teamcity.api.BuildConfigurationTest"},{"name":"testClass","value":"com.example.teamcity.api.BuildConfigurationTest"},{"name":"testMethod","value":"buildConfigShouldNotGetCreatedHavingBuildIdEmpty"},{"name":"parentSuite","value":"API Suite"},{"name":"suite","value":"API Test"},{"name":"subSuite","value":"com.example.teamcity.api.BuildConfigurationTest"},{"name":"host","value":"fv-az770-847"},{"name":"thread","value":"4465@fv-az770-847.main(1)"},{"name":"framework","value":"testng"},{"name":"language","value":"java"},{"name":"resultFormat","value":"allure2"}],"parameters":[],"links":[],"hidden":false,"retry":false,"extra":{"severity":"normal","retries":[],"categories":[{"name":"Product defects","matchedStatuses":[],"flaky":false}],"history":{"statistic":{"failed":17,"broken":3,"skipped":0,"passed":0,"unknown":0,"total":20},"items":[{"uid":"d4c85efa0c32bdf","reportUrl":"https://katerina-klinova.github.io/teamcity-testing-framework/122//#testresult/d4c85efa0c32bdf","status":"failed","statusDetails":"1 expectation failed.\nExpected status code <400> but was <500>.\n","time":{"start":1717148932008,"stop":1717148932285,"duration":277}},{"uid":"f2d3095782684125","reportUrl":"https://katerina-klinova.github.io/teamcity-testing-framework/121//#testresult/f2d3095782684125","status":"failed","statusDetails":"1 expectation failed.\nExpected status code <400> but was <500>.\n","time":{"start":1717148159467,"stop":1717148159738,"duration":271}},{"uid":"7f7e01aec638aa6d","reportUrl":"https://katerina-klinova.github.io/teamcity-testing-framework/120//#testresult/7f7e01aec638aa6d","status":"failed","statusDetails":"1 expectation failed.\nExpected status code <400> but was <500>.\n","time":{"start":1717147472711,"stop":1717147472945,"duration":234}},{"uid":"c66f642b8ec889ae","reportUrl":"https://katerina-klinova.github.io/teamcity-testing-framework/119//#testresult/c66f642b8ec889ae","status":"failed","statusDetails":"1 expectation failed.\nExpected status code <400> but was <500>.\n","time":{"start":1717146646872,"stop":1717146647127,"duration":255}},{"uid":"fb14d78a1c121a25","reportUrl":"https://katerina-klinova.github.io/teamcity-testing-framework/118//#testresult/fb14d78a1c121a25","status":"failed","statusDetails":"1 expectation failed.\nExpected status code <400> but was <500>.\n","time":{"start":1717145621524,"stop":1717145621640,"duration":116}},{"uid":"ab61981e53002680","reportUrl":"https://katerina-klinova.github.io/teamcity-testing-framework/104//#testresult/ab61981e53002680","status":"failed","statusDetails":"1 expectation failed.\nExpected status code <400> but was <500>.\n","time":{"start":1717143584966,"stop":1717143585026,"duration":60}},{"uid":"d19efa3572cbe309","reportUrl":"https://katerina-klinova.github.io/teamcity-testing-framework/104//#testresult/d19efa3572cbe309","status":"failed","statusDetails":"1 expectation failed.\nExpected status code <400> but was <500>.\n","time":{"start":1717095882480,"stop":1717095882562,"duration":82}},{"uid":"b86d2ff8e990e95f","reportUrl":"https://katerina-klinova.github.io/teamcity-testing-framework/117//#testresult/b86d2ff8e990e95f","status":"broken","statusDetails":"com.fasterxml.jackson.databind.exc.UnrecognizedPropertyException: Unrecognized field \"virtual\" (class com.example.teamcity.api.models.Project), not marked as ignorable (4 known properties: \"parentProjectId\", \"id\", \"locator\", \"name\"])\n at [Source: (String)\"{\"id\":\"project_test_yFzwbMjZzt\",\"name\":\"test_AXuLpPsehz\",\"parentProjectId\":\"_Root\",\"virtual\":false,\"href\":\"/app/rest/projects/id:project_test_yFzwbMjZzt\",\"webUrl\":\"http://localhost:8111/project.html?projectId=project_test_yFzwbMjZzt\",\"parentProject\":{\"id\":\"_Root\",\"name\":\"<Root project>\",\"description\":\"Contains all other projects\",\"href\":\"/app/rest/projects/id:_Root\",\"webUrl\":\"http://localhost:8111/project.html?projectId=_Root\"},\"buildTypes\":{\"count\":0,\"buildType\":[]},\"templates\":{\"count\":0,\"buil\"[truncated 372 chars]; line: 1, column: 99] (through reference chain: com.example.teamcity.api.models.Project[\"virtual\"])","time":{"start":1717084949177,"stop":1717084949247,"duration":70}},{"uid":"5381afe9e0331ec5","reportUrl":"https://katerina-klinova.github.io/teamcity-testing-framework/116//#testresult/5381afe9e0331ec5","status":"broken","statusDetails":"com.fasterxml.jackson.databind.exc.UnrecognizedPropertyException: Unrecognized field \"virtual\" (class com.example.teamcity.api.models.Project), not marked as ignorable (4 known properties: \"parentProjectId\", \"id\", \"locator\", \"name\"])\n at [Source: (String)\"{\"id\":\"project_test_eRpjpooXdB\",\"name\":\"test_WrrJeqAmft\",\"parentProjectId\":\"_Root\",\"virtual\":false,\"href\":\"/app/rest/projects/id:project_test_eRpjpooXdB\",\"webUrl\":\"http://localhost:8111/project.html?projectId=project_test_eRpjpooXdB\",\"parentProject\":{\"id\":\"_Root\",\"name\":\"<Root project>\",\"description\":\"Contains all other projects\",\"href\":\"/app/rest/projects/id:_Root\",\"webUrl\":\"http://localhost:8111/project.html?projectId=_Root\"},\"buildTypes\":{\"count\":0,\"buildType\":[]},\"templates\":{\"count\":0,\"buil\"[truncated 372 chars]; line: 1, column: 99] (through reference chain: com.example.teamcity.api.models.Project[\"virtual\"])","time":{"start":1717084376915,"stop":1717084377031,"duration":116}},{"uid":"8fa561d7d35ebc80","reportUrl":"https://katerina-klinova.github.io/teamcity-testing-framework/115//#testresult/8fa561d7d35ebc80","status":"broken","statusDetails":"com.fasterxml.jackson.databind.exc.UnrecognizedPropertyException: Unrecognized field \"virtual\" (class com.example.teamcity.api.models.Project), not marked as ignorable (4 known properties: \"parentProjectId\", \"id\", \"locator\", \"name\"])\n at [Source: (String)\"{\"id\":\"project_test_FpNyEjRACO\",\"name\":\"test_TTWDDpFLSt\",\"parentProjectId\":\"_Root\",\"virtual\":false,\"href\":\"/app/rest/projects/id:project_test_FpNyEjRACO\",\"webUrl\":\"http://localhost:8111/project.html?projectId=project_test_FpNyEjRACO\",\"parentProject\":{\"id\":\"_Root\",\"name\":\"<Root project>\",\"description\":\"Contains all other projects\",\"href\":\"/app/rest/projects/id:_Root\",\"webUrl\":\"http://localhost:8111/project.html?projectId=_Root\"},\"buildTypes\":{\"count\":0,\"buildType\":[]},\"templates\":{\"count\":0,\"buil\"[truncated 372 chars]; line: 1, column: 99] (through reference chain: com.example.teamcity.api.models.Project[\"virtual\"])","time":{"start":1717083939636,"stop":1717083939917,"duration":281}},{"uid":"b8d359cc7cf9ccfa","reportUrl":"https://katerina-klinova.github.io/teamcity-testing-framework/114//#testresult/b8d359cc7cf9ccfa","status":"failed","statusDetails":"1 expectation failed.\nExpected status code <400> but was <500>.\n","time":{"start":1717081569090,"stop":1717081569179,"duration":89}},{"uid":"52db91330bb4ec2f","reportUrl":"https://katerina-klinova.github.io/teamcity-testing-framework/113//#testresult/52db91330bb4ec2f","status":"failed","statusDetails":"1 expectation failed.\nExpected status code <400> but was <500>.\n","time":{"start":1717080066980,"stop":1717080067063,"duration":83}},{"uid":"be0df901bdb7facd","reportUrl":"https://katerina-klinova.github.io/teamcity-testing-framework/112//#testresult/be0df901bdb7facd","status":"failed","statusDetails":"1 expectation failed.\nExpected status code <400> but was <500>.\n","time":{"start":1717079653773,"stop":1717079653839,"duration":66}},{"uid":"dca140ee648a8e13","reportUrl":"https://katerina-klinova.github.io/teamcity-testing-framework/109//#testresult/dca140ee648a8e13","status":"failed","statusDetails":"1 expectation failed.\nExpected status code <400> but was <500>.\n","time":{"start":1717078652476,"stop":1717078652543,"duration":67}},{"uid":"b123b3b5946d310","reportUrl":"https://katerina-klinova.github.io/teamcity-testing-framework/108//#testresult/b123b3b5946d310","status":"failed","statusDetails":"1 expectation failed.\nExpected status code <400> but was <500>.\n","time":{"start":1717078081004,"stop":1717078081103,"duration":99}},{"uid":"6b379f79aca2dacf","reportUrl":"https://katerina-klinova.github.io/teamcity-testing-framework/107//#testresult/6b379f79aca2dacf","status":"failed","statusDetails":"1 expectation failed.\nExpected status code <400> but was <500>.\n","time":{"start":1717077624759,"stop":1717077624818,"duration":59}},{"uid":"7617df1af4b9c75d","reportUrl":"https://katerina-klinova.github.io/teamcity-testing-framework/106//#testresult/7617df1af4b9c75d","status":"failed","statusDetails":"1 expectation failed.\nExpected status code <400> but was <500>.\n","time":{"start":1717076997595,"stop":1717076997673,"duration":78}},{"uid":"a043a4da61669af4","reportUrl":"https://katerina-klinova.github.io/teamcity-testing-framework/105//#testresult/a043a4da61669af4","status":"failed","statusDetails":"1 expectation failed.\nExpected status code <400> but was <500>.\n","time":{"start":1717075609108,"stop":1717075609190,"duration":82}},{"uid":"ccea9226df899fa7","reportUrl":"https://katerina-klinova.github.io/teamcity-testing-framework/104//#testresult/ccea9226df899fa7","status":"failed","statusDetails":"1 expectation failed.\nExpected status code <400> but was <500>.\n","time":{"start":1717074891236,"stop":1717074891352,"duration":116}}]},"tags":[]},"source":"e54f450c7669bd8.json","parameterValues":[]}