{"uid":"4c065254f9ce9432","name":"User should be able to start build","fullName":"com.teamcity.api.StartBuildTest.userStartsBuildTest","historyId":"71cbaf3174a16ded8759f2de3e4b99a7","time":{"start":1719159032000,"stop":1719159047232,"duration":15232},"status":"broken","statusMessage":"Condition with com.teamcity.api.StartBuildTest was not fulfilled within 15 seconds.","statusTrace":"org.awaitility.core.ConditionTimeoutException: Condition with com.teamcity.api.StartBuildTest was not fulfilled within 15 seconds.\n\tat org.awaitility.core.ConditionAwaiter.await(ConditionAwaiter.java:167)\n\tat org.awaitility.core.CallableCondition.await(CallableCondition.java:78)\n\tat org.awaitility.core.CallableCondition.await(CallableCondition.java:26)\n\tat org.awaitility.core.ConditionFactory.until(ConditionFactory.java:985)\n\tat org.awaitility.core.ConditionFactory.until(ConditionFactory.java:954)\n\tat com.teamcity.api.StartBuildTest.waitUntilBuildIsFinished(StartBuildTest.java:57)\n\tat com.teamcity.api.StartBuildTest.userStartsBuildTest(StartBuildTest.java:44)\n\tat java.base/jdk.internal.reflect.NativeMethodAccessorImpl.invoke0(Native Method)\n\tat java.base/jdk.internal.reflect.NativeMethodAccessorImpl.invoke(NativeMethodAccessorImpl.java:77)\n\tat java.base/jdk.internal.reflect.DelegatingMethodAccessorImpl.invoke(DelegatingMethodAccessorImpl.java:43)\n\tat java.base/java.lang.reflect.Method.invoke(Method.java:568)\n\tat org.testng.internal.invokers.MethodInvocationHelper.invokeMethod(MethodInvocationHelper.java:139)\n\tat org.testng.internal.invokers.TestInvoker.invokeMethod(TestInvoker.java:664)\n\tat org.testng.internal.invokers.TestInvoker.retryFailed(TestInvoker.java:248)\n\tat org.testng.internal.invokers.MethodRunner.runInSequence(MethodRunner.java:62)\n\tat org.testng.internal.invokers.TestInvoker$MethodInvocationAgent.invoke(TestInvoker.java:957)\n\tat org.testng.internal.invokers.TestInvoker.invokeTestMethods(TestInvoker.java:200)\n\tat org.testng.internal.invokers.TestMethodWorker.invokeTestMethods(TestMethodWorker.java:148)\n\tat org.testng.internal.invokers.TestMethodWorker.run(TestMethodWorker.java:128)\n\tat java.base/java.util.ArrayList.forEach(ArrayList.java:1511)\n\tat org.testng.TestRunner.privateRun(TestRunner.java:848)\n\tat org.testng.TestRunner.run(TestRunner.java:621)\n\tat org.testng.SuiteRunner.runTest(SuiteRunner.java:443)\n\tat org.testng.SuiteRunner.runSequentially(SuiteRunner.java:437)\n\tat org.testng.SuiteRunner.privateRun(SuiteRunner.java:397)\n\tat org.testng.SuiteRunner.run(SuiteRunner.java:336)\n\tat org.testng.SuiteRunnerWorker.runSuite(SuiteRunnerWorker.java:52)\n\tat org.testng.SuiteRunnerWorker.run(SuiteRunnerWorker.java:95)\n\tat org.testng.TestNG.runSuitesSequentially(TestNG.java:1280)\n\tat org.testng.TestNG.runSuitesLocally(TestNG.java:1200)\n\tat org.testng.TestNG.runSuites(TestNG.java:1114)\n\tat org.testng.TestNG.run(TestNG.java:1082)\n\tat org.apache.maven.surefire.testng.TestNGExecutor.run(TestNGExecutor.java:155)\n\tat org.apache.maven.surefire.testng.TestNGDirectoryTestSuite.executeMulti(TestNGDirectoryTestSuite.java:169)\n\tat org.apache.maven.surefire.testng.TestNGDirectoryTestSuite.execute(TestNGDirectoryTestSuite.java:88)\n\tat org.apache.maven.surefire.testng.TestNGProvider.invoke(TestNGProvider.java:137)\n\tat org.apache.maven.surefire.booter.ForkedBooter.runSuitesInProcess(ForkedBooter.java:385)\n\tat org.apache.maven.surefire.booter.ForkedBooter.execute(ForkedBooter.java:162)\n\tat org.apache.maven.surefire.booter.ForkedBooter.run(ForkedBooter.java:507)\n\tat org.apache.maven.surefire.booter.ForkedBooter.main(ForkedBooter.java:495)\n","flaky":false,"newFailed":false,"newBroken":false,"newPassed":false,"retriesCount":1,"retriesStatusChange":true,"beforeStages":[{"name":"generateBaseTestData","time":{"start":1719159031998,"stop":1719159031998,"duration":0},"description":"","status":"passed","steps":[],"attachments":[],"parameters":[],"shouldDisplayMessage":false,"stepsCount":0,"attachmentsCount":0,"hasContent":false}],"testStage":{"status":"broken","statusMessage":"Condition with com.teamcity.api.StartBuildTest was not fulfilled within 15 seconds.","statusTrace":"org.awaitility.core.ConditionTimeoutException: Condition with com.teamcity.api.StartBuildTest was not fulfilled within 15 seconds.\n\tat org.awaitility.core.ConditionAwaiter.await(ConditionAwaiter.java:167)\n\tat org.awaitility.core.CallableCondition.await(CallableCondition.java:78)\n\tat org.awaitility.core.CallableCondition.await(CallableCondition.java:26)\n\tat org.awaitility.core.ConditionFactory.until(ConditionFactory.java:985)\n\tat org.awaitility.core.ConditionFactory.until(ConditionFactory.java:954)\n\tat com.teamcity.api.StartBuildTest.waitUntilBuildIsFinished(StartBuildTest.java:57)\n\tat com.teamcity.api.StartBuildTest.userStartsBuildTest(StartBuildTest.java:44)\n\tat java.base/jdk.internal.reflect.NativeMethodAccessorImpl.invoke0(Native Method)\n\tat java.base/jdk.internal.reflect.NativeMethodAccessorImpl.invoke(NativeMethodAccessorImpl.java:77)\n\tat java.base/jdk.internal.reflect.DelegatingMethodAccessorImpl.invoke(DelegatingMethodAccessorImpl.java:43)\n\tat java.base/java.lang.reflect.Method.invoke(Method.java:568)\n\tat org.testng.internal.invokers.MethodInvocationHelper.invokeMethod(MethodInvocationHelper.java:139)\n\tat org.testng.internal.invokers.TestInvoker.invokeMethod(TestInvoker.java:664)\n\tat org.testng.internal.invokers.TestInvoker.retryFailed(TestInvoker.java:248)\n\tat org.testng.internal.invokers.MethodRunner.runInSequence(MethodRunner.java:62)\n\tat org.testng.internal.invokers.TestInvoker$MethodInvocationAgent.invoke(TestInvoker.java:957)\n\tat org.testng.internal.invokers.TestInvoker.invokeTestMethods(TestInvoker.java:200)\n\tat org.testng.internal.invokers.TestMethodWorker.invokeTestMethods(TestMethodWorker.java:148)\n\tat org.testng.internal.invokers.TestMethodWorker.run(TestMethodWorker.java:128)\n\tat java.base/java.util.ArrayList.forEach(ArrayList.java:1511)\n\tat org.testng.TestRunner.privateRun(TestRunner.java:848)\n\tat org.testng.TestRunner.run(TestRunner.java:621)\n\tat org.testng.SuiteRunner.runTest(SuiteRunner.java:443)\n\tat org.testng.SuiteRunner.runSequentially(SuiteRunner.java:437)\n\tat org.testng.SuiteRunner.privateRun(SuiteRunner.java:397)\n\tat org.testng.SuiteRunner.run(SuiteRunner.java:336)\n\tat org.testng.SuiteRunnerWorker.runSuite(SuiteRunnerWorker.java:52)\n\tat org.testng.SuiteRunnerWorker.run(SuiteRunnerWorker.java:95)\n\tat org.testng.TestNG.runSuitesSequentially(TestNG.java:1280)\n\tat org.testng.TestNG.runSuitesLocally(TestNG.java:1200)\n\tat org.testng.TestNG.runSuites(TestNG.java:1114)\n\tat org.testng.TestNG.run(TestNG.java:1082)\n\tat org.apache.maven.surefire.testng.TestNGExecutor.run(TestNGExecutor.java:155)\n\tat org.apache.maven.surefire.testng.TestNGDirectoryTestSuite.executeMulti(TestNGDirectoryTestSuite.java:169)\n\tat org.apache.maven.surefire.testng.TestNGDirectoryTestSuite.execute(TestNGDirectoryTestSuite.java:88)\n\tat org.apache.maven.surefire.testng.TestNGProvider.invoke(TestNGProvider.java:137)\n\tat org.apache.maven.surefire.booter.ForkedBooter.runSuitesInProcess(ForkedBooter.java:385)\n\tat org.apache.maven.surefire.booter.ForkedBooter.execute(ForkedBooter.java:162)\n\tat org.apache.maven.surefire.booter.ForkedBooter.run(ForkedBooter.java:507)\n\tat org.apache.maven.surefire.booter.ForkedBooter.main(ForkedBooter.java:495)\n","steps":[{"name":"Create User(id=null, username=TestwXbkMvNyfh, email=TestiPnBktkTFG, password=TestKConCxYGdB, roles=Roles(role=[Role(roleId=SYSTEM_ADMIN, scope=g)]))","time":{"start":1719159032000,"stop":1719159032026,"duration":26},"status":"passed","steps":[],"attachments":[{"uid":"ac73a00a01a6b61c","name":"Request","source":"ac73a00a01a6b61c.html","type":"text/html","size":1384},{"uid":"ff7402ceada2aa47","name":"HTTP/1.1 200 ","source":"ff7402ceada2aa47.html","type":"text/html","size":2141}],"parameters":[{"name":"model","value":"User(id=null, username=TestwXbkMvNyfh, email=TestiPnBktkTFG, password=TestKConCxYGdB, roles=Roles(role=[Role(roleId=SYSTEM_ADMIN, scope=g)]))"}],"shouldDisplayMessage":false,"stepsCount":0,"attachmentsCount":2,"hasContent":true},{"name":"Create NewProjectDescription(id=TestMIlpiFmgTP, name=TestwdJTtEbnYO, parentProject=Project(id=null, name=null, locator=_Root))","time":{"start":1719159032028,"stop":1719159032057,"duration":29},"status":"passed","steps":[],"attachments":[{"uid":"c5dcba6ac338e601","name":"Request","source":"c5dcba6ac338e601.html","type":"text/html","size":1096},{"uid":"35441b97eec081b6","name":"HTTP/1.1 200 ","source":"35441b97eec081b6.html","type":"text/html","size":2218}],"parameters":[{"name":"model","value":"NewProjectDescription(id=TestMIlpiFmgTP, name=TestwdJTtEbnYO, parentProject=Project(id=null, name=null, locator=_Root))"}],"shouldDisplayMessage":false,"stepsCount":0,"attachmentsCount":2,"hasContent":true},{"name":"Create BuildType(id=TestfOTdHAzCre, name=TesthNseLMIDYu, project=NewProjectDescription(id=TestMIlpiFmgTP, name=TestwdJTtEbnYO, parentProject=Project(id=null, name=null, locator=_Root)), steps=Steps(step=[Step(name=TestglduIxlSdV, type=simpleRunner, properties=Properties(property=[Property(name=script.content, value=echo 'Hello World!'), Property(name=use.custom.script, value=true)]))]))","time":{"start":1719159032058,"stop":1719159032091,"duration":33},"status":"passed","steps":[],"attachments":[{"uid":"3b5c391e15f3c8b0","name":"Request","source":"3b5c391e15f3c8b0.html","type":"text/html","size":2924},{"uid":"d7bb8e98fe6f563","name":"HTTP/1.1 200 ","source":"d7bb8e98fe6f563.html","type":"text/html","size":3750}],"parameters":[{"name":"model","value":"BuildType(id=TestfOTdHAzCre, name=TesthNseLMIDYu, project=NewProjectDescription(id=TestMIlpiFmgTP, name=TestwdJTtEbnYO, parentProject=Project(id=null, name=null, locator=_Root)), steps=Steps(step=[Step(name=TestglduIxlSdV, type=simpleRunner, properties=Properties(property=[Property(name=script.content, value=echo 'Hello World!'), Property(name=use.custom.script, value=true)]))]))"}],"shouldDisplayMessage":false,"stepsCount":0,"attachmentsCount":2,"hasContent":true},{"name":"Create Build(id=null, buildType=BuildType(id=TestfOTdHAzCre, name=TesthNseLMIDYu, project=NewProjectDescription(id=TestMIlpiFmgTP, name=TestwdJTtEbnYO, parentProject=Project(id=null, name=null, locator=_Root)), steps=Steps(step=[Step(name=TestglduIxlSdV, type=simpleRunner, properties=Properties(property=[Property(name=script.content, value=echo 'Hello World!'), Property(name=use.custom.script, value=true)]))])), status=null, state=null)","time":{"start":1719159032094,"stop":1719159032131,"duration":37},"status":"passed","steps":[],"attachments":[{"uid":"b113ca79ab2eeb26","name":"Request","source":"b113ca79ab2eeb26.html","type":"text/html","size":3430},{"uid":"5291942a2d1a654f","name":"HTTP/1.1 200 ","source":"5291942a2d1a654f.html","type":"text/html","size":2293}],"parameters":[{"name":"model","value":"Build(id=null, buildType=BuildType(id=TestfOTdHAzCre, name=TesthNseLMIDYu, project=NewProjectDescription(id=TestMIlpiFmgTP, name=TestwdJTtEbnYO, parentProject=Project(id=null, name=null, locator=_Root)), steps=Steps(step=[Step(name=TestglduIxlSdV, type=simpleRunner, properties=Properties(property=[Property(name=script.content, value=echo 'Hello World!'), Property(name=use.custom.script, value=true)]))])), status=null, state=null)"}],"shouldDisplayMessage":false,"stepsCount":0,"attachmentsCount":2,"hasContent":true},{"name":"assertThat 'queued'","time":{"start":1719159032134,"stop":1719159032134,"duration":0},"status":"passed","steps":[],"attachments":[],"parameters":[],"shouldDisplayMessage":false,"stepsCount":0,"attachmentsCount":0,"hasContent":false},{"name":"describedAs 'buildState'","time":{"start":1719159032134,"stop":1719159032134,"duration":0},"status":"passed","steps":[],"attachments":[],"parameters":[],"shouldDisplayMessage":false,"stepsCount":0,"attachmentsCount":0,"hasContent":false},{"name":"isEqualTo 'queued'","time":{"start":1719159032134,"stop":1719159032134,"duration":0},"status":"passed","steps":[{"name":"isEqualTo$accessor$iCPNc3If 'queued'","time":{"start":1719159032134,"stop":1719159032134,"duration":0},"status":"passed","steps":[{"name":"isEqualTo 'queued'","time":{"start":1719159032134,"stop":1719159032134,"duration":0},"status":"passed","steps":[{"name":"isEqualTo 'queued'","time":{"start":1719159032134,"stop":1719159032134,"duration":0},"status":"passed","steps":[],"attachments":[],"parameters":[],"shouldDisplayMessage":false,"stepsCount":0,"attachmentsCount":0,"hasContent":false}],"attachments":[],"parameters":[],"shouldDisplayMessage":false,"stepsCount":1,"attachmentsCount":0,"hasContent":true}],"attachments":[],"parameters":[],"shouldDisplayMessage":false,"stepsCount":2,"attachmentsCount":0,"hasContent":true}],"attachments":[],"parameters":[],"shouldDisplayMessage":false,"stepsCount":3,"attachmentsCount":0,"hasContent":true},{"name":"Wait until build is finished","time":{"start":1719159032135,"stop":1719159047232,"duration":15097},"status":"broken","statusMessage":"Condition with com.teamcity.api.StartBuildTest was not fulfilled within 15 seconds.","statusTrace":"org.awaitility.core.ConditionTimeoutException: Condition with com.teamcity.api.StartBuildTest was not fulfilled within 15 seconds.\n\tat org.awaitility.core.ConditionAwaiter.await(ConditionAwaiter.java:167)\n\tat org.awaitility.core.CallableCondition.await(CallableCondition.java:78)\n\tat org.awaitility.core.CallableCondition.await(CallableCondition.java:26)\n\tat org.awaitility.core.ConditionFactory.until(ConditionFactory.java:985)\n\tat org.awaitility.core.ConditionFactory.until(ConditionFactory.java:954)\n\tat com.teamcity.api.StartBuildTest.waitUntilBuildIsFinished(StartBuildTest.java:57)\n\tat com.teamcity.api.StartBuildTest.userStartsBuildTest(StartBuildTest.java:44)\n\tat java.base/jdk.internal.reflect.NativeMethodAccessorImpl.invoke0(Native Method)\n\tat java.base/jdk.internal.reflect.NativeMethodAccessorImpl.invoke(NativeMethodAccessorImpl.java:77)\n\tat java.base/jdk.internal.reflect.DelegatingMethodAccessorImpl.invoke(DelegatingMethodAccessorImpl.java:43)\n\tat java.base/java.lang.reflect.Method.invoke(Method.java:568)\n\tat org.testng.internal.invokers.MethodInvocationHelper.invokeMethod(MethodInvocationHelper.java:139)\n\tat org.testng.internal.invokers.TestInvoker.invokeMethod(TestInvoker.java:664)\n\tat org.testng.internal.invokers.TestInvoker.retryFailed(TestInvoker.java:248)\n\tat org.testng.internal.invokers.MethodRunner.runInSequence(MethodRunner.java:62)\n\tat org.testng.internal.invokers.TestInvoker$MethodInvocationAgent.invoke(TestInvoker.java:957)\n\tat org.testng.internal.invokers.TestInvoker.invokeTestMethods(TestInvoker.java:200)\n\tat org.testng.internal.invokers.TestMethodWorker.invokeTestMethods(TestMethodWorker.java:148)\n\tat org.testng.internal.invokers.TestMethodWorker.run(TestMethodWorker.java:128)\n\tat java.base/java.util.ArrayList.forEach(ArrayList.java:1511)\n\tat org.testng.TestRunner.privateRun(TestRunner.java:848)\n\tat org.testng.TestRunner.run(TestRunner.java:621)\n\tat org.testng.SuiteRunner.runTest(SuiteRunner.java:443)\n\tat org.testng.SuiteRunner.runSequentially(SuiteRunner.java:437)\n\tat org.testng.SuiteRunner.privateRun(SuiteRunner.java:397)\n\tat org.testng.SuiteRunner.run(SuiteRunner.java:336)\n\tat org.testng.SuiteRunnerWorker.runSuite(SuiteRunnerWorker.java:52)\n\tat org.testng.SuiteRunnerWorker.run(SuiteRunnerWorker.java:95)\n\tat org.testng.TestNG.runSuitesSequentially(TestNG.java:1280)\n\tat org.testng.TestNG.runSuitesLocally(TestNG.java:1200)\n\tat org.testng.TestNG.runSuites(TestNG.java:1114)\n\tat org.testng.TestNG.run(TestNG.java:1082)\n\tat org.apache.maven.surefire.testng.TestNGExecutor.run(TestNGExecutor.java:155)\n\tat org.apache.maven.surefire.testng.TestNGDirectoryTestSuite.executeMulti(TestNGDirectoryTestSuite.java:169)\n\tat org.apache.maven.surefire.testng.TestNGDirectoryTestSuite.execute(TestNGDirectoryTestSuite.java:88)\n\tat org.apache.maven.surefire.testng.TestNGProvider.invoke(TestNGProvider.java:137)\n\tat org.apache.maven.surefire.booter.ForkedBooter.runSuitesInProcess(ForkedBooter.java:385)\n\tat org.apache.maven.surefire.booter.ForkedBooter.execute(ForkedBooter.java:162)\n\tat org.apache.maven.surefire.booter.ForkedBooter.run(ForkedBooter.java:507)\n\tat org.apache.maven.surefire.booter.ForkedBooter.main(ForkedBooter.java:495)\n","steps":[{"name":"Read 2","time":{"start":1719159035135,"stop":1719159035159,"duration":24},"status":"passed","steps":[],"attachments":[{"uid":"58681bee0ffcde4d","name":"Request","source":"58681bee0ffcde4d.html","type":"text/html","size":537},{"uid":"e7e1438576bd5579","name":"HTTP/1.1 200 ","source":"e7e1438576bd5579.html","type":"text/html","size":2305}],"parameters":[{"name":"id","value":"2"}],"shouldDisplayMessage":false,"stepsCount":0,"attachmentsCount":2,"hasContent":true},{"name":"Read 2","time":{"start":1719159038162,"stop":1719159038185,"duration":23},"status":"passed","steps":[],"attachments":[{"uid":"1652ff3c8bba5419","name":"Request","source":"1652ff3c8bba5419.html","type":"text/html","size":537},{"uid":"f064ece3748f777d","name":"HTTP/1.1 200 ","source":"f064ece3748f777d.html","type":"text/html","size":2305}],"parameters":[{"name":"id","value":"2"}],"shouldDisplayMessage":false,"stepsCount":0,"attachmentsCount":2,"hasContent":true},{"name":"Read 2","time":{"start":1719159041187,"stop":1719159041207,"duration":20},"status":"passed","steps":[],"attachments":[{"uid":"ce960ae5a45ffcb","name":"Request","source":"ce960ae5a45ffcb.html","type":"text/html","size":537},{"uid":"73af0adec616ea84","name":"HTTP/1.1 200 ","source":"73af0adec616ea84.html","type":"text/html","size":2305}],"parameters":[{"name":"id","value":"2"}],"shouldDisplayMessage":false,"stepsCount":0,"attachmentsCount":2,"hasContent":true},{"name":"Read 2","time":{"start":1719159044208,"stop":1719159044229,"duration":21},"status":"passed","steps":[],"attachments":[{"uid":"9463c1d2280a5a5e","name":"Request","source":"9463c1d2280a5a5e.html","type":"text/html","size":537},{"uid":"faea28ea2726c232","name":"HTTP/1.1 200 ","source":"faea28ea2726c232.html","type":"text/html","size":2305}],"parameters":[{"name":"id","value":"2"}],"shouldDisplayMessage":false,"stepsCount":0,"attachmentsCount":2,"hasContent":true}],"attachments":[],"parameters":[{"name":"build","value":"Build(id=2, buildType=BuildType(id=TestfOTdHAzCre, name=TesthNseLMIDYu, project=null, steps=null), status=null, state=queued)"}],"shouldDisplayMessage":true,"stepsCount":4,"attachmentsCount":8,"hasContent":true}],"attachments":[],"parameters":[],"shouldDisplayMessage":false,"stepsCount":15,"attachmentsCount":16,"hasContent":true},"afterStages":[{"name":"deleteCreatedEntities","time":{"start":1719159047233,"stop":1719159047306,"duration":73},"description":"","status":"passed","steps":[{"name":"Delete 2","time":{"start":1719159047233,"stop":1719159047260,"duration":27},"status":"passed","steps":[],"attachments":[{"uid":"c7c13d78b3ec3a75","name":"Request","source":"c7c13d78b3ec3a75.html","type":"text/html","size":533},{"uid":"ab7f86a579e8a5c8","name":"HTTP/1.1 204 ","source":"ab7f86a579e8a5c8.html","type":"text/html","size":478}],"parameters":[{"name":"id","value":"2"}],"shouldDisplayMessage":false,"stepsCount":0,"attachmentsCount":2,"hasContent":true},{"name":"Delete TestfOTdHAzCre","time":{"start":1719159047261,"stop":1719159047275,"duration":14},"status":"passed","steps":[],"attachments":[{"uid":"80835c9e74ef7905","name":"Request","source":"80835c9e74ef7905.html","type":"text/html","size":559},{"uid":"de7b51981f45f058","name":"HTTP/1.1 204 ","source":"de7b51981f45f058.html","type":"text/html","size":478}],"parameters":[{"name":"id","value":"TestfOTdHAzCre"}],"shouldDisplayMessage":false,"stepsCount":0,"attachmentsCount":2,"hasContent":true},{"name":"Delete 35","time":{"start":1719159047276,"stop":1719159047289,"duration":13},"status":"passed","steps":[],"attachments":[{"uid":"e42fce2967d3d89d","name":"Request","source":"e42fce2967d3d89d.html","type":"text/html","size":525},{"uid":"661b7c43248cf4d6","name":"HTTP/1.1 204 ","source":"661b7c43248cf4d6.html","type":"text/html","size":478}],"parameters":[{"name":"id","value":"35"}],"shouldDisplayMessage":false,"stepsCount":0,"attachmentsCount":2,"hasContent":true},{"name":"Delete TestMIlpiFmgTP","time":{"start":1719159047290,"stop":1719159047306,"duration":16},"status":"passed","steps":[],"attachments":[{"uid":"7931bd6e2df8c6c6","name":"Request","source":"7931bd6e2df8c6c6.html","type":"text/html","size":555},{"uid":"65c155e8ee6d80ba","name":"HTTP/1.1 204 ","source":"65c155e8ee6d80ba.html","type":"text/html","size":478}],"parameters":[{"name":"id","value":"TestMIlpiFmgTP"}],"shouldDisplayMessage":false,"stepsCount":0,"attachmentsCount":2,"hasContent":true}],"attachments":[],"parameters":[],"shouldDisplayMessage":false,"stepsCount":4,"attachmentsCount":8,"hasContent":true}],"labels":[{"name":"package","value":"com.teamcity.api.StartBuildTest"},{"name":"testClass","value":"com.teamcity.api.StartBuildTest"},{"name":"testMethod","value":"userStartsBuildTest"},{"name":"parentSuite","value":"Surefire suite"},{"name":"suite","value":"Surefire test"},{"name":"subSuite","value":"com.teamcity.api.StartBuildTest"},{"name":"host","value":"fv-az1249-297"},{"name":"thread","value":"4372@fv-az1249-297.main(1)"},{"name":"framework","value":"testng"},{"name":"language","value":"java"},{"name":"feature","value":"Start build"},{"name":"resultFormat","value":"allure2"}],"parameters":[],"links":[],"hidden":false,"retry":false,"extra":{"severity":"normal","retries":[{"uid":"b3aa4291a2aabbb6","status":"skipped","statusDetails":"Condition with com.teamcity.api.StartBuildTest was not fulfilled within 15 seconds.","time":{"start":1719159016066,"stop":1719159031710,"duration":15644}}],"categories":[{"name":"Test defects","matchedStatuses":[],"flaky":false}],"tags":[]},"source":"4c065254f9ce9432.json","parameterValues":[]}