{"uid":"b3aa4291a2aabbb6","name":"User should be able to start build","fullName":"com.teamcity.api.StartBuildTest.userStartsBuildTest","historyId":"71cbaf3174a16ded8759f2de3e4b99a7","time":{"start":1719159016066,"stop":1719159031710,"duration":15644},"status":"skipped","statusMessage":"Condition with com.teamcity.api.StartBuildTest was not fulfilled within 15 seconds.","statusTrace":"org.awaitility.core.ConditionTimeoutException: Condition with com.teamcity.api.StartBuildTest was not fulfilled within 15 seconds.\n\tat org.awaitility.core.ConditionAwaiter.await(ConditionAwaiter.java:167)\n\tat org.awaitility.core.CallableCondition.await(CallableCondition.java:78)\n\tat org.awaitility.core.CallableCondition.await(CallableCondition.java:26)\n\tat org.awaitility.core.ConditionFactory.until(ConditionFactory.java:985)\n\tat org.awaitility.core.ConditionFactory.until(ConditionFactory.java:954)\n\tat com.teamcity.api.StartBuildTest.waitUntilBuildIsFinished(StartBuildTest.java:57)\n\tat com.teamcity.api.StartBuildTest.userStartsBuildTest(StartBuildTest.java:44)\n\tat java.base/jdk.internal.reflect.NativeMethodAccessorImpl.invoke0(Native Method)\n\tat java.base/jdk.internal.reflect.NativeMethodAccessorImpl.invoke(NativeMethodAccessorImpl.java:77)\n\tat java.base/jdk.internal.reflect.DelegatingMethodAccessorImpl.invoke(DelegatingMethodAccessorImpl.java:43)\n\tat java.base/java.lang.reflect.Method.invoke(Method.java:568)\n\tat org.testng.internal.invokers.MethodInvocationHelper.invokeMethod(MethodInvocationHelper.java:139)\n\tat org.testng.internal.invokers.TestInvoker.invokeMethod(TestInvoker.java:664)\n\tat org.testng.internal.invokers.TestInvoker.invokeTestMethod(TestInvoker.java:227)\n\tat org.testng.internal.invokers.MethodRunner.runInSequence(MethodRunner.java:50)\n\tat org.testng.internal.invokers.TestInvoker$MethodInvocationAgent.invoke(TestInvoker.java:957)\n\tat org.testng.internal.invokers.TestInvoker.invokeTestMethods(TestInvoker.java:200)\n\tat org.testng.internal.invokers.TestMethodWorker.invokeTestMethods(TestMethodWorker.java:148)\n\tat org.testng.internal.invokers.TestMethodWorker.run(TestMethodWorker.java:128)\n\tat java.base/java.util.ArrayList.forEach(ArrayList.java:1511)\n\tat org.testng.TestRunner.privateRun(TestRunner.java:848)\n\tat org.testng.TestRunner.run(TestRunner.java:621)\n\tat org.testng.SuiteRunner.runTest(SuiteRunner.java:443)\n\tat org.testng.SuiteRunner.runSequentially(SuiteRunner.java:437)\n\tat org.testng.SuiteRunner.privateRun(SuiteRunner.java:397)\n\tat org.testng.SuiteRunner.run(SuiteRunner.java:336)\n\tat org.testng.SuiteRunnerWorker.runSuite(SuiteRunnerWorker.java:52)\n\tat org.testng.SuiteRunnerWorker.run(SuiteRunnerWorker.java:95)\n\tat org.testng.TestNG.runSuitesSequentially(TestNG.java:1280)\n\tat org.testng.TestNG.runSuitesLocally(TestNG.java:1200)\n\tat org.testng.TestNG.runSuites(TestNG.java:1114)\n\tat org.testng.TestNG.run(TestNG.java:1082)\n\tat org.apache.maven.surefire.testng.TestNGExecutor.run(TestNGExecutor.java:155)\n\tat org.apache.maven.surefire.testng.TestNGDirectoryTestSuite.executeMulti(TestNGDirectoryTestSuite.java:169)\n\tat org.apache.maven.surefire.testng.TestNGDirectoryTestSuite.execute(TestNGDirectoryTestSuite.java:88)\n\tat org.apache.maven.surefire.testng.TestNGProvider.invoke(TestNGProvider.java:137)\n\tat org.apache.maven.surefire.booter.ForkedBooter.runSuitesInProcess(ForkedBooter.java:385)\n\tat org.apache.maven.surefire.booter.ForkedBooter.execute(ForkedBooter.java:162)\n\tat org.apache.maven.surefire.booter.ForkedBooter.run(ForkedBooter.java:507)\n\tat org.apache.maven.surefire.booter.ForkedBooter.main(ForkedBooter.java:495)\n","flaky":false,"newFailed":false,"newBroken":false,"newPassed":false,"retriesCount":0,"retriesStatusChange":false,"beforeStages":[{"name":"generateBaseTestData","time":{"start":1719159016064,"stop":1719159016065,"duration":1},"description":"","status":"passed","steps":[],"attachments":[],"parameters":[],"shouldDisplayMessage":false,"stepsCount":0,"attachmentsCount":0,"hasContent":false}],"testStage":{"status":"skipped","statusMessage":"Condition with com.teamcity.api.StartBuildTest was not fulfilled within 15 seconds.","statusTrace":"org.awaitility.core.ConditionTimeoutException: Condition with com.teamcity.api.StartBuildTest was not fulfilled within 15 seconds.\n\tat org.awaitility.core.ConditionAwaiter.await(ConditionAwaiter.java:167)\n\tat org.awaitility.core.CallableCondition.await(CallableCondition.java:78)\n\tat org.awaitility.core.CallableCondition.await(CallableCondition.java:26)\n\tat org.awaitility.core.ConditionFactory.until(ConditionFactory.java:985)\n\tat org.awaitility.core.ConditionFactory.until(ConditionFactory.java:954)\n\tat com.teamcity.api.StartBuildTest.waitUntilBuildIsFinished(StartBuildTest.java:57)\n\tat com.teamcity.api.StartBuildTest.userStartsBuildTest(StartBuildTest.java:44)\n\tat java.base/jdk.internal.reflect.NativeMethodAccessorImpl.invoke0(Native Method)\n\tat java.base/jdk.internal.reflect.NativeMethodAccessorImpl.invoke(NativeMethodAccessorImpl.java:77)\n\tat java.base/jdk.internal.reflect.DelegatingMethodAccessorImpl.invoke(DelegatingMethodAccessorImpl.java:43)\n\tat java.base/java.lang.reflect.Method.invoke(Method.java:568)\n\tat org.testng.internal.invokers.MethodInvocationHelper.invokeMethod(MethodInvocationHelper.java:139)\n\tat org.testng.internal.invokers.TestInvoker.invokeMethod(TestInvoker.java:664)\n\tat org.testng.internal.invokers.TestInvoker.invokeTestMethod(TestInvoker.java:227)\n\tat org.testng.internal.invokers.MethodRunner.runInSequence(MethodRunner.java:50)\n\tat org.testng.internal.invokers.TestInvoker$MethodInvocationAgent.invoke(TestInvoker.java:957)\n\tat org.testng.internal.invokers.TestInvoker.invokeTestMethods(TestInvoker.java:200)\n\tat org.testng.internal.invokers.TestMethodWorker.invokeTestMethods(TestMethodWorker.java:148)\n\tat org.testng.internal.invokers.TestMethodWorker.run(TestMethodWorker.java:128)\n\tat java.base/java.util.ArrayList.forEach(ArrayList.java:1511)\n\tat org.testng.TestRunner.privateRun(TestRunner.java:848)\n\tat org.testng.TestRunner.run(TestRunner.java:621)\n\tat org.testng.SuiteRunner.runTest(SuiteRunner.java:443)\n\tat org.testng.SuiteRunner.runSequentially(SuiteRunner.java:437)\n\tat org.testng.SuiteRunner.privateRun(SuiteRunner.java:397)\n\tat org.testng.SuiteRunner.run(SuiteRunner.java:336)\n\tat org.testng.SuiteRunnerWorker.runSuite(SuiteRunnerWorker.java:52)\n\tat org.testng.SuiteRunnerWorker.run(SuiteRunnerWorker.java:95)\n\tat org.testng.TestNG.runSuitesSequentially(TestNG.java:1280)\n\tat org.testng.TestNG.runSuitesLocally(TestNG.java:1200)\n\tat org.testng.TestNG.runSuites(TestNG.java:1114)\n\tat org.testng.TestNG.run(TestNG.java:1082)\n\tat org.apache.maven.surefire.testng.TestNGExecutor.run(TestNGExecutor.java:155)\n\tat org.apache.maven.surefire.testng.TestNGDirectoryTestSuite.executeMulti(TestNGDirectoryTestSuite.java:169)\n\tat org.apache.maven.surefire.testng.TestNGDirectoryTestSuite.execute(TestNGDirectoryTestSuite.java:88)\n\tat org.apache.maven.surefire.testng.TestNGProvider.invoke(TestNGProvider.java:137)\n\tat org.apache.maven.surefire.booter.ForkedBooter.runSuitesInProcess(ForkedBooter.java:385)\n\tat org.apache.maven.surefire.booter.ForkedBooter.execute(ForkedBooter.java:162)\n\tat org.apache.maven.surefire.booter.ForkedBooter.run(ForkedBooter.java:507)\n\tat org.apache.maven.surefire.booter.ForkedBooter.main(ForkedBooter.java:495)\n","steps":[{"name":"Create User(id=null, username=TestVvlxUfMrCD, email=TestIUTLNpyqRU, password=TesthAECaKoPNA, roles=Roles(role=[Role(roleId=SYSTEM_ADMIN, scope=g)]))","time":{"start":1719159016066,"stop":1719159016096,"duration":30},"status":"passed","steps":[],"attachments":[{"uid":"44015c0201076d3f","name":"Request","source":"44015c0201076d3f.html","type":"text/html","size":1384},{"uid":"986efc9788978d3d","name":"HTTP/1.1 200 ","source":"986efc9788978d3d.html","type":"text/html","size":2141}],"parameters":[{"name":"model","value":"User(id=null, username=TestVvlxUfMrCD, email=TestIUTLNpyqRU, password=TesthAECaKoPNA, roles=Roles(role=[Role(roleId=SYSTEM_ADMIN, scope=g)]))"}],"shouldDisplayMessage":false,"stepsCount":0,"attachmentsCount":2,"hasContent":true},{"name":"Create NewProjectDescription(id=TestVjanIkBIXK, name=TestVAmXzHTlPM, parentProject=Project(id=null, name=null, locator=_Root))","time":{"start":1719159016098,"stop":1719159016122,"duration":24},"status":"passed","steps":[],"attachments":[{"uid":"d50c688021864e2f","name":"Request","source":"d50c688021864e2f.html","type":"text/html","size":1096},{"uid":"8ee7179d4118c0a3","name":"HTTP/1.1 200 ","source":"8ee7179d4118c0a3.html","type":"text/html","size":2218}],"parameters":[{"name":"model","value":"NewProjectDescription(id=TestVjanIkBIXK, name=TestVAmXzHTlPM, parentProject=Project(id=null, name=null, locator=_Root))"}],"shouldDisplayMessage":false,"stepsCount":0,"attachmentsCount":2,"hasContent":true},{"name":"Create BuildType(id=TestdHAyjGPGYJ, name=TestxgIGTNRSRs, project=NewProjectDescription(id=TestVjanIkBIXK, name=TestVAmXzHTlPM, parentProject=Project(id=null, name=null, locator=_Root)), steps=Steps(step=[Step(name=TestzmWkllAbfr, type=simpleRunner, properties=Properties(property=[Property(name=script.content, value=echo 'Hello World!'), Property(name=use.custom.script, value=true)]))]))","time":{"start":1719159016124,"stop":1719159016164,"duration":40},"status":"passed","steps":[],"attachments":[{"uid":"2e6a150082c696b7","name":"Request","source":"2e6a150082c696b7.html","type":"text/html","size":2924},{"uid":"3d6f56bb7965cd82","name":"HTTP/1.1 200 ","source":"3d6f56bb7965cd82.html","type":"text/html","size":3750}],"parameters":[{"name":"model","value":"BuildType(id=TestdHAyjGPGYJ, name=TestxgIGTNRSRs, project=NewProjectDescription(id=TestVjanIkBIXK, name=TestVAmXzHTlPM, parentProject=Project(id=null, name=null, locator=_Root)), steps=Steps(step=[Step(name=TestzmWkllAbfr, type=simpleRunner, properties=Properties(property=[Property(name=script.content, value=echo 'Hello World!'), Property(name=use.custom.script, value=true)]))]))"}],"shouldDisplayMessage":false,"stepsCount":0,"attachmentsCount":2,"hasContent":true},{"name":"Create Build(id=null, buildType=BuildType(id=TestdHAyjGPGYJ, name=TestxgIGTNRSRs, project=NewProjectDescription(id=TestVjanIkBIXK, name=TestVAmXzHTlPM, parentProject=Project(id=null, name=null, locator=_Root)), steps=Steps(step=[Step(name=TestzmWkllAbfr, type=simpleRunner, properties=Properties(property=[Property(name=script.content, value=echo 'Hello World!'), Property(name=use.custom.script, value=true)]))])), status=null, state=null)","time":{"start":1719159016168,"stop":1719159016577,"duration":409},"status":"passed","steps":[],"attachments":[{"uid":"1a02619a028c3d93","name":"Request","source":"1a02619a028c3d93.html","type":"text/html","size":3430},{"uid":"8830e39d5c649ec6","name":"HTTP/1.1 200 ","source":"8830e39d5c649ec6.html","type":"text/html","size":2282}],"parameters":[{"name":"model","value":"Build(id=null, buildType=BuildType(id=TestdHAyjGPGYJ, name=TestxgIGTNRSRs, project=NewProjectDescription(id=TestVjanIkBIXK, name=TestVAmXzHTlPM, parentProject=Project(id=null, name=null, locator=_Root)), steps=Steps(step=[Step(name=TestzmWkllAbfr, type=simpleRunner, properties=Properties(property=[Property(name=script.content, value=echo 'Hello World!'), Property(name=use.custom.script, value=true)]))])), status=null, state=null)"}],"shouldDisplayMessage":false,"stepsCount":0,"attachmentsCount":2,"hasContent":true},{"name":"assertThat 'queued'","time":{"start":1719159016580,"stop":1719159016580,"duration":0},"status":"passed","steps":[],"attachments":[],"parameters":[],"shouldDisplayMessage":false,"stepsCount":0,"attachmentsCount":0,"hasContent":false},{"name":"describedAs 'buildState'","time":{"start":1719159016580,"stop":1719159016580,"duration":0},"status":"passed","steps":[],"attachments":[],"parameters":[],"shouldDisplayMessage":false,"stepsCount":0,"attachmentsCount":0,"hasContent":false},{"name":"isEqualTo 'queued'","time":{"start":1719159016580,"stop":1719159016580,"duration":0},"status":"passed","steps":[{"name":"isEqualTo$accessor$iCPNc3If 'queued'","time":{"start":1719159016580,"stop":1719159016580,"duration":0},"status":"passed","steps":[{"name":"isEqualTo 'queued'","time":{"start":1719159016580,"stop":1719159016580,"duration":0},"status":"passed","steps":[{"name":"isEqualTo 'queued'","time":{"start":1719159016580,"stop":1719159016580,"duration":0},"status":"passed","steps":[],"attachments":[],"parameters":[],"shouldDisplayMessage":false,"stepsCount":0,"attachmentsCount":0,"hasContent":false}],"attachments":[],"parameters":[],"shouldDisplayMessage":false,"stepsCount":1,"attachmentsCount":0,"hasContent":true}],"attachments":[],"parameters":[],"shouldDisplayMessage":false,"stepsCount":2,"attachmentsCount":0,"hasContent":true}],"attachments":[],"parameters":[],"shouldDisplayMessage":false,"stepsCount":3,"attachmentsCount":0,"hasContent":true},{"name":"Wait until build is finished","time":{"start":1719159016580,"stop":1719159031710,"duration":15130},"status":"broken","statusMessage":"Condition with com.teamcity.api.StartBuildTest was not fulfilled within 15 seconds.","statusTrace":"org.awaitility.core.ConditionTimeoutException: Condition with com.teamcity.api.StartBuildTest was not fulfilled within 15 seconds.\n\tat org.awaitility.core.ConditionAwaiter.await(ConditionAwaiter.java:167)\n\tat org.awaitility.core.CallableCondition.await(CallableCondition.java:78)\n\tat org.awaitility.core.CallableCondition.await(CallableCondition.java:26)\n\tat org.awaitility.core.ConditionFactory.until(ConditionFactory.java:985)\n\tat org.awaitility.core.ConditionFactory.until(ConditionFactory.java:954)\n\tat com.teamcity.api.StartBuildTest.waitUntilBuildIsFinished(StartBuildTest.java:57)\n\tat com.teamcity.api.StartBuildTest.userStartsBuildTest(StartBuildTest.java:44)\n\tat java.base/jdk.internal.reflect.NativeMethodAccessorImpl.invoke0(Native Method)\n\tat java.base/jdk.internal.reflect.NativeMethodAccessorImpl.invoke(NativeMethodAccessorImpl.java:77)\n\tat java.base/jdk.internal.reflect.DelegatingMethodAccessorImpl.invoke(DelegatingMethodAccessorImpl.java:43)\n\tat java.base/java.lang.reflect.Method.invoke(Method.java:568)\n\tat org.testng.internal.invokers.MethodInvocationHelper.invokeMethod(MethodInvocationHelper.java:139)\n\tat org.testng.internal.invokers.TestInvoker.invokeMethod(TestInvoker.java:664)\n\tat org.testng.internal.invokers.TestInvoker.invokeTestMethod(TestInvoker.java:227)\n\tat org.testng.internal.invokers.MethodRunner.runInSequence(MethodRunner.java:50)\n\tat org.testng.internal.invokers.TestInvoker$MethodInvocationAgent.invoke(TestInvoker.java:957)\n\tat org.testng.internal.invokers.TestInvoker.invokeTestMethods(TestInvoker.java:200)\n\tat org.testng.internal.invokers.TestMethodWorker.invokeTestMethods(TestMethodWorker.java:148)\n\tat org.testng.internal.invokers.TestMethodWorker.run(TestMethodWorker.java:128)\n\tat java.base/java.util.ArrayList.forEach(ArrayList.java:1511)\n\tat org.testng.TestRunner.privateRun(TestRunner.java:848)\n\tat org.testng.TestRunner.run(TestRunner.java:621)\n\tat org.testng.SuiteRunner.runTest(SuiteRunner.java:443)\n\tat org.testng.SuiteRunner.runSequentially(SuiteRunner.java:437)\n\tat org.testng.SuiteRunner.privateRun(SuiteRunner.java:397)\n\tat org.testng.SuiteRunner.run(SuiteRunner.java:336)\n\tat org.testng.SuiteRunnerWorker.runSuite(SuiteRunnerWorker.java:52)\n\tat org.testng.SuiteRunnerWorker.run(SuiteRunnerWorker.java:95)\n\tat org.testng.TestNG.runSuitesSequentially(TestNG.java:1280)\n\tat org.testng.TestNG.runSuitesLocally(TestNG.java:1200)\n\tat org.testng.TestNG.runSuites(TestNG.java:1114)\n\tat org.testng.TestNG.run(TestNG.java:1082)\n\tat org.apache.maven.surefire.testng.TestNGExecutor.run(TestNGExecutor.java:155)\n\tat org.apache.maven.surefire.testng.TestNGDirectoryTestSuite.executeMulti(TestNGDirectoryTestSuite.java:169)\n\tat org.apache.maven.surefire.testng.TestNGDirectoryTestSuite.execute(TestNGDirectoryTestSuite.java:88)\n\tat org.apache.maven.surefire.testng.TestNGProvider.invoke(TestNGProvider.java:137)\n\tat org.apache.maven.surefire.booter.ForkedBooter.runSuitesInProcess(ForkedBooter.java:385)\n\tat org.apache.maven.surefire.booter.ForkedBooter.execute(ForkedBooter.java:162)\n\tat org.apache.maven.surefire.booter.ForkedBooter.run(ForkedBooter.java:507)\n\tat org.apache.maven.surefire.booter.ForkedBooter.main(ForkedBooter.java:495)\n","steps":[{"name":"Read 1","time":{"start":1719159019597,"stop":1719159019621,"duration":24},"status":"passed","steps":[],"attachments":[{"uid":"877f66598378fb20","name":"Request","source":"877f66598378fb20.html","type":"text/html","size":537},{"uid":"c17f27886ab783e7","name":"HTTP/1.1 200 ","source":"c17f27886ab783e7.html","type":"text/html","size":2305}],"parameters":[{"name":"id","value":"1"}],"shouldDisplayMessage":false,"stepsCount":0,"attachmentsCount":2,"hasContent":true},{"name":"Read 1","time":{"start":1719159022627,"stop":1719159022650,"duration":23},"status":"passed","steps":[],"attachments":[{"uid":"7621a8f00656d624","name":"Request","source":"7621a8f00656d624.html","type":"text/html","size":537},{"uid":"28cdff8a0530c16e","name":"HTTP/1.1 200 ","source":"28cdff8a0530c16e.html","type":"text/html","size":2305}],"parameters":[{"name":"id","value":"1"}],"shouldDisplayMessage":false,"stepsCount":0,"attachmentsCount":2,"hasContent":true},{"name":"Read 1","time":{"start":1719159025653,"stop":1719159025679,"duration":26},"status":"passed","steps":[],"attachments":[{"uid":"f56b5e86303373d5","name":"Request","source":"f56b5e86303373d5.html","type":"text/html","size":537},{"uid":"1c4b885f67210d01","name":"HTTP/1.1 200 ","source":"1c4b885f67210d01.html","type":"text/html","size":2305}],"parameters":[{"name":"id","value":"1"}],"shouldDisplayMessage":false,"stepsCount":0,"attachmentsCount":2,"hasContent":true},{"name":"Read 1","time":{"start":1719159028682,"stop":1719159028703,"duration":21},"status":"passed","steps":[],"attachments":[{"uid":"a4b1444b2a27eb7","name":"Request","source":"a4b1444b2a27eb7.html","type":"text/html","size":537},{"uid":"73bd2ad95c4ce52d","name":"HTTP/1.1 200 ","source":"73bd2ad95c4ce52d.html","type":"text/html","size":2305}],"parameters":[{"name":"id","value":"1"}],"shouldDisplayMessage":false,"stepsCount":0,"attachmentsCount":2,"hasContent":true}],"attachments":[],"parameters":[{"name":"build","value":"Build(id=1, buildType=BuildType(id=TestdHAyjGPGYJ, name=TestxgIGTNRSRs, project=null, steps=null), status=null, state=queued)"}],"shouldDisplayMessage":true,"stepsCount":4,"attachmentsCount":8,"hasContent":true}],"attachments":[],"parameters":[],"shouldDisplayMessage":false,"stepsCount":15,"attachmentsCount":16,"hasContent":true},"afterStages":[{"name":"deleteCreatedEntities","time":{"start":1719159031711,"stop":1719159031997,"duration":286},"description":"","status":"passed","steps":[{"name":"Delete 1","time":{"start":1719159031712,"stop":1719159031948,"duration":236},"status":"passed","steps":[],"attachments":[{"uid":"92550f33cf0b9cf1","name":"Request","source":"92550f33cf0b9cf1.html","type":"text/html","size":533},{"uid":"804b14a1c060ceea","name":"HTTP/1.1 204 ","source":"804b14a1c060ceea.html","type":"text/html","size":478}],"parameters":[{"name":"id","value":"1"}],"shouldDisplayMessage":false,"stepsCount":0,"attachmentsCount":2,"hasContent":true},{"name":"Delete TestdHAyjGPGYJ","time":{"start":1719159031948,"stop":1719159031966,"duration":18},"status":"passed","steps":[],"attachments":[{"uid":"8604c19f40ed47db","name":"Request","source":"8604c19f40ed47db.html","type":"text/html","size":559},{"uid":"2f226996b8ebbc4a","name":"HTTP/1.1 204 ","source":"2f226996b8ebbc4a.html","type":"text/html","size":478}],"parameters":[{"name":"id","value":"TestdHAyjGPGYJ"}],"shouldDisplayMessage":false,"stepsCount":0,"attachmentsCount":2,"hasContent":true},{"name":"Delete 34","time":{"start":1719159031966,"stop":1719159031982,"duration":16},"status":"passed","steps":[],"attachments":[{"uid":"3c6ff190312cee52","name":"Request","source":"3c6ff190312cee52.html","type":"text/html","size":525},{"uid":"4b88570f58cd64b7","name":"HTTP/1.1 204 ","source":"4b88570f58cd64b7.html","type":"text/html","size":478}],"parameters":[{"name":"id","value":"34"}],"shouldDisplayMessage":false,"stepsCount":0,"attachmentsCount":2,"hasContent":true},{"name":"Delete TestVjanIkBIXK","time":{"start":1719159031982,"stop":1719159031997,"duration":15},"status":"passed","steps":[],"attachments":[{"uid":"6aad7cb367a8145d","name":"Request","source":"6aad7cb367a8145d.html","type":"text/html","size":555},{"uid":"26724fb820dd22aa","name":"HTTP/1.1 204 ","source":"26724fb820dd22aa.html","type":"text/html","size":478}],"parameters":[{"name":"id","value":"TestVjanIkBIXK"}],"shouldDisplayMessage":false,"stepsCount":0,"attachmentsCount":2,"hasContent":true}],"attachments":[],"parameters":[],"shouldDisplayMessage":false,"stepsCount":4,"attachmentsCount":8,"hasContent":true}],"labels":[{"name":"package","value":"com.teamcity.api.StartBuildTest"},{"name":"testClass","value":"com.teamcity.api.StartBuildTest"},{"name":"testMethod","value":"userStartsBuildTest"},{"name":"parentSuite","value":"Surefire suite"},{"name":"suite","value":"Surefire test"},{"name":"subSuite","value":"com.teamcity.api.StartBuildTest"},{"name":"host","value":"fv-az1249-297"},{"name":"thread","value":"4372@fv-az1249-297.main(1)"},{"name":"framework","value":"testng"},{"name":"language","value":"java"},{"name":"feature","value":"Start build"},{"name":"resultFormat","value":"allure2"}],"parameters":[],"links":[],"hidden":true,"retry":true,"extra":{"categories":[],"tags":[]},"source":"b3aa4291a2aabbb6.json","parameterValues":[]}