{"uid":"fbe65c4dfe6e701e","name":"Project Admin should not be able to create a build config to a project they are not assigned to","fullName":"com.teamcity.api.RolesTest.projectAdminShouldNotHaveRightsToCreateBuildConfigToAnotherProject","historyId":"245bce7a1bbdd3af95193938adee7245","time":{"start":1719159012523,"stop":1719159012747,"duration":224},"status":"skipped","statusMessage":"1 expectation failed.\nResponse body doesn't match expectation.\nExpected: a string containing \"You do not have enough permissions to access project with internal id: project\"\n  Actual: Responding with error, status code: 403 (Forbidden).\nDetails: jetbrains.buildServer.serverSide.auth.AccessDeniedException: You do not have enough permissions to edit project with id: TestAHExHESvqI\nAccess denied. Check the user has enough permissions to perform the operation.\n","statusTrace":"java.lang.AssertionError: 1 expectation failed.\nResponse body doesn't match expectation.\nExpected: a string containing \"You do not have enough permissions to access project with internal id: project\"\n  Actual: Responding with error, status code: 403 (Forbidden).\nDetails: jetbrains.buildServer.serverSide.auth.AccessDeniedException: You do not have enough permissions to edit project with id: TestAHExHESvqI\nAccess denied. Check the user has enough permissions to perform the operation.\n\n\tat java.base/jdk.internal.reflect.NativeConstructorAccessorImpl.newInstance0(Native Method)\n\tat java.base/jdk.internal.reflect.NativeConstructorAccessorImpl.newInstance(NativeConstructorAccessorImpl.java:77)\n\tat java.base/jdk.internal.reflect.DelegatingConstructorAccessorImpl.newInstance(DelegatingConstructorAccessorImpl.java:45)\n\tat java.base/java.lang.reflect.Constructor.newInstanceWithCaller(Constructor.java:499)\n\tat java.base/java.lang.reflect.Constructor.newInstance(Constructor.java:480)\n\tat org.codehaus.groovy.reflection.CachedConstructor.invoke(CachedConstructor.java:73)\n\tat org.codehaus.groovy.runtime.callsite.ConstructorSite$ConstructorSiteNoUnwrapNoCoerce.callConstructor(ConstructorSite.java:108)\n\tat org.codehaus.groovy.runtime.callsite.CallSiteArray.defaultCallConstructor(CallSiteArray.java:57)\n\tat org.codehaus.groovy.runtime.callsite.AbstractCallSite.callConstructor(AbstractCallSite.java:263)\n\tat org.codehaus.groovy.runtime.callsite.AbstractCallSite.callConstructor(AbstractCallSite.java:277)\n\tat io.restassured.internal.ResponseSpecificationImpl$HamcrestAssertionClosure.validate(ResponseSpecificationImpl.groovy:512)\n\tat io.restassured.internal.ResponseSpecificationImpl$HamcrestAssertionClosure$validate$1.call(Unknown Source)\n\tat io.restassured.internal.ResponseSpecificationImpl.validateResponseIfRequired(ResponseSpecificationImpl.groovy:696)\n\tat io.restassured.internal.ResponseSpecificationImpl.this$2$validateResponseIfRequired(ResponseSpecificationImpl.groovy)\n\tat jdk.internal.reflect.GeneratedMethodAccessor256.invoke(Unknown Source)\n\tat java.base/jdk.internal.reflect.DelegatingMethodAccessorImpl.invoke(DelegatingMethodAccessorImpl.java:43)\n\tat java.base/java.lang.reflect.Method.invoke(Method.java:568)\n\tat org.codehaus.groovy.runtime.callsite.PlainObjectMetaMethodSite.doInvoke(PlainObjectMetaMethodSite.java:43)\n\tat org.codehaus.groovy.runtime.callsite.PogoMetaMethodSite$PogoCachedMethodSiteNoUnwrapNoCoerce.invoke(PogoMetaMethodSite.java:198)\n\tat org.codehaus.groovy.runtime.callsite.PogoMetaMethodSite.callCurrent(PogoMetaMethodSite.java:62)\n\tat org.codehaus.groovy.runtime.callsite.CallSiteArray.defaultCallCurrent(CallSiteArray.java:49)\n\tat org.codehaus.groovy.runtime.callsite.AbstractCallSite.callCurrent(AbstractCallSite.java:171)\n\tat org.codehaus.groovy.runtime.callsite.AbstractCallSite.callCurrent(AbstractCallSite.java:185)\n\tat io.restassured.internal.ResponseSpecificationImpl.body(ResponseSpecificationImpl.groovy:107)\n\tat io.restassured.internal.ValidatableResponseOptionsImpl.body(ValidatableResponseOptionsImpl.java:238)\n\tat com.teamcity.api.RolesTest.projectAdminShouldNotHaveRightsToCreateBuildConfigToAnotherProject(RolesTest.java:102)\n\tat java.base/jdk.internal.reflect.NativeMethodAccessorImpl.invoke0(Native Method)\n\tat java.base/jdk.internal.reflect.NativeMethodAccessorImpl.invoke(NativeMethodAccessorImpl.java:77)\n\tat java.base/jdk.internal.reflect.DelegatingMethodAccessorImpl.invoke(DelegatingMethodAccessorImpl.java:43)\n\tat java.base/java.lang.reflect.Method.invoke(Method.java:568)\n\tat org.testng.internal.invokers.MethodInvocationHelper.invokeMethod(MethodInvocationHelper.java:139)\n\tat org.testng.internal.invokers.TestInvoker.invokeMethod(TestInvoker.java:664)\n\tat org.testng.internal.invokers.TestInvoker.invokeTestMethod(TestInvoker.java:227)\n\tat org.testng.internal.invokers.MethodRunner.runInSequence(MethodRunner.java:50)\n\tat org.testng.internal.invokers.TestInvoker$MethodInvocationAgent.invoke(TestInvoker.java:957)\n\tat org.testng.internal.invokers.TestInvoker.invokeTestMethods(TestInvoker.java:200)\n\tat org.testng.internal.invokers.TestMethodWorker.invokeTestMethods(TestMethodWorker.java:148)\n\tat org.testng.internal.invokers.TestMethodWorker.run(TestMethodWorker.java:128)\n\tat java.base/java.util.ArrayList.forEach(ArrayList.java:1511)\n\tat org.testng.TestRunner.privateRun(TestRunner.java:848)\n\tat org.testng.TestRunner.run(TestRunner.java:621)\n\tat org.testng.SuiteRunner.runTest(SuiteRunner.java:443)\n\tat org.testng.SuiteRunner.runSequentially(SuiteRunner.java:437)\n\tat org.testng.SuiteRunner.privateRun(SuiteRunner.java:397)\n\tat org.testng.SuiteRunner.run(SuiteRunner.java:336)\n\tat org.testng.SuiteRunnerWorker.runSuite(SuiteRunnerWorker.java:52)\n\tat org.testng.SuiteRunnerWorker.run(SuiteRunnerWorker.java:95)\n\tat org.testng.TestNG.runSuitesSequentially(TestNG.java:1280)\n\tat org.testng.TestNG.runSuitesLocally(TestNG.java:1200)\n\tat org.testng.TestNG.runSuites(TestNG.java:1114)\n\tat org.testng.TestNG.run(TestNG.java:1082)\n\tat org.apache.maven.surefire.testng.TestNGExecutor.run(TestNGExecutor.java:155)\n\tat org.apache.maven.surefire.testng.TestNGDirectoryTestSuite.executeMulti(TestNGDirectoryTestSuite.java:169)\n\tat org.apache.maven.surefire.testng.TestNGDirectoryTestSuite.execute(TestNGDirectoryTestSuite.java:88)\n\tat org.apache.maven.surefire.testng.TestNGProvider.invoke(TestNGProvider.java:137)\n\tat org.apache.maven.surefire.booter.ForkedBooter.runSuitesInProcess(ForkedBooter.java:385)\n\tat org.apache.maven.surefire.booter.ForkedBooter.execute(ForkedBooter.java:162)\n\tat org.apache.maven.surefire.booter.ForkedBooter.run(ForkedBooter.java:507)\n\tat org.apache.maven.surefire.booter.ForkedBooter.main(ForkedBooter.java:495)\n","flaky":false,"newFailed":false,"newBroken":false,"newPassed":false,"retriesCount":0,"retriesStatusChange":false,"beforeStages":[{"name":"generateBaseTestData","time":{"start":1719159012517,"stop":1719159012520,"duration":3},"description":"","status":"passed","steps":[],"attachments":[],"parameters":[],"shouldDisplayMessage":false,"stepsCount":0,"attachmentsCount":0,"hasContent":false}],"testStage":{"status":"skipped","statusMessage":"1 expectation failed.\nResponse body doesn't match expectation.\nExpected: a string containing \"You do not have enough permissions to access project with internal id: project\"\n  Actual: Responding with error, status code: 403 (Forbidden).\nDetails: jetbrains.buildServer.serverSide.auth.AccessDeniedException: You do not have enough permissions to edit project with id: TestAHExHESvqI\nAccess denied. Check the user has enough permissions to perform the operation.\n","statusTrace":"java.lang.AssertionError: 1 expectation failed.\nResponse body doesn't match expectation.\nExpected: a string containing \"You do not have enough permissions to access project with internal id: project\"\n  Actual: Responding with error, status code: 403 (Forbidden).\nDetails: jetbrains.buildServer.serverSide.auth.AccessDeniedException: You do not have enough permissions to edit project with id: TestAHExHESvqI\nAccess denied. Check the user has enough permissions to perform the operation.\n\n\tat java.base/jdk.internal.reflect.NativeConstructorAccessorImpl.newInstance0(Native Method)\n\tat java.base/jdk.internal.reflect.NativeConstructorAccessorImpl.newInstance(NativeConstructorAccessorImpl.java:77)\n\tat java.base/jdk.internal.reflect.DelegatingConstructorAccessorImpl.newInstance(DelegatingConstructorAccessorImpl.java:45)\n\tat java.base/java.lang.reflect.Constructor.newInstanceWithCaller(Constructor.java:499)\n\tat java.base/java.lang.reflect.Constructor.newInstance(Constructor.java:480)\n\tat org.codehaus.groovy.reflection.CachedConstructor.invoke(CachedConstructor.java:73)\n\tat org.codehaus.groovy.runtime.callsite.ConstructorSite$ConstructorSiteNoUnwrapNoCoerce.callConstructor(ConstructorSite.java:108)\n\tat org.codehaus.groovy.runtime.callsite.CallSiteArray.defaultCallConstructor(CallSiteArray.java:57)\n\tat org.codehaus.groovy.runtime.callsite.AbstractCallSite.callConstructor(AbstractCallSite.java:263)\n\tat org.codehaus.groovy.runtime.callsite.AbstractCallSite.callConstructor(AbstractCallSite.java:277)\n\tat io.restassured.internal.ResponseSpecificationImpl$HamcrestAssertionClosure.validate(ResponseSpecificationImpl.groovy:512)\n\tat io.restassured.internal.ResponseSpecificationImpl$HamcrestAssertionClosure$validate$1.call(Unknown Source)\n\tat io.restassured.internal.ResponseSpecificationImpl.validateResponseIfRequired(ResponseSpecificationImpl.groovy:696)\n\tat io.restassured.internal.ResponseSpecificationImpl.this$2$validateResponseIfRequired(ResponseSpecificationImpl.groovy)\n\tat jdk.internal.reflect.GeneratedMethodAccessor256.invoke(Unknown Source)\n\tat java.base/jdk.internal.reflect.DelegatingMethodAccessorImpl.invoke(DelegatingMethodAccessorImpl.java:43)\n\tat java.base/java.lang.reflect.Method.invoke(Method.java:568)\n\tat org.codehaus.groovy.runtime.callsite.PlainObjectMetaMethodSite.doInvoke(PlainObjectMetaMethodSite.java:43)\n\tat org.codehaus.groovy.runtime.callsite.PogoMetaMethodSite$PogoCachedMethodSiteNoUnwrapNoCoerce.invoke(PogoMetaMethodSite.java:198)\n\tat org.codehaus.groovy.runtime.callsite.PogoMetaMethodSite.callCurrent(PogoMetaMethodSite.java:62)\n\tat org.codehaus.groovy.runtime.callsite.CallSiteArray.defaultCallCurrent(CallSiteArray.java:49)\n\tat org.codehaus.groovy.runtime.callsite.AbstractCallSite.callCurrent(AbstractCallSite.java:171)\n\tat org.codehaus.groovy.runtime.callsite.AbstractCallSite.callCurrent(AbstractCallSite.java:185)\n\tat io.restassured.internal.ResponseSpecificationImpl.body(ResponseSpecificationImpl.groovy:107)\n\tat io.restassured.internal.ValidatableResponseOptionsImpl.body(ValidatableResponseOptionsImpl.java:238)\n\tat com.teamcity.api.RolesTest.projectAdminShouldNotHaveRightsToCreateBuildConfigToAnotherProject(RolesTest.java:102)\n\tat java.base/jdk.internal.reflect.NativeMethodAccessorImpl.invoke0(Native Method)\n\tat java.base/jdk.internal.reflect.NativeMethodAccessorImpl.invoke(NativeMethodAccessorImpl.java:77)\n\tat java.base/jdk.internal.reflect.DelegatingMethodAccessorImpl.invoke(DelegatingMethodAccessorImpl.java:43)\n\tat java.base/java.lang.reflect.Method.invoke(Method.java:568)\n\tat org.testng.internal.invokers.MethodInvocationHelper.invokeMethod(MethodInvocationHelper.java:139)\n\tat org.testng.internal.invokers.TestInvoker.invokeMethod(TestInvoker.java:664)\n\tat org.testng.internal.invokers.TestInvoker.invokeTestMethod(TestInvoker.java:227)\n\tat org.testng.internal.invokers.MethodRunner.runInSequence(MethodRunner.java:50)\n\tat org.testng.internal.invokers.TestInvoker$MethodInvocationAgent.invoke(TestInvoker.java:957)\n\tat org.testng.internal.invokers.TestInvoker.invokeTestMethods(TestInvoker.java:200)\n\tat org.testng.internal.invokers.TestMethodWorker.invokeTestMethods(TestMethodWorker.java:148)\n\tat org.testng.internal.invokers.TestMethodWorker.run(TestMethodWorker.java:128)\n\tat java.base/java.util.ArrayList.forEach(ArrayList.java:1511)\n\tat org.testng.TestRunner.privateRun(TestRunner.java:848)\n\tat org.testng.TestRunner.run(TestRunner.java:621)\n\tat org.testng.SuiteRunner.runTest(SuiteRunner.java:443)\n\tat org.testng.SuiteRunner.runSequentially(SuiteRunner.java:437)\n\tat org.testng.SuiteRunner.privateRun(SuiteRunner.java:397)\n\tat org.testng.SuiteRunner.run(SuiteRunner.java:336)\n\tat org.testng.SuiteRunnerWorker.runSuite(SuiteRunnerWorker.java:52)\n\tat org.testng.SuiteRunnerWorker.run(SuiteRunnerWorker.java:95)\n\tat org.testng.TestNG.runSuitesSequentially(TestNG.java:1280)\n\tat org.testng.TestNG.runSuitesLocally(TestNG.java:1200)\n\tat org.testng.TestNG.runSuites(TestNG.java:1114)\n\tat org.testng.TestNG.run(TestNG.java:1082)\n\tat org.apache.maven.surefire.testng.TestNGExecutor.run(TestNGExecutor.java:155)\n\tat org.apache.maven.surefire.testng.TestNGDirectoryTestSuite.executeMulti(TestNGDirectoryTestSuite.java:169)\n\tat org.apache.maven.surefire.testng.TestNGDirectoryTestSuite.execute(TestNGDirectoryTestSuite.java:88)\n\tat org.apache.maven.surefire.testng.TestNGProvider.invoke(TestNGProvider.java:137)\n\tat org.apache.maven.surefire.booter.ForkedBooter.runSuitesInProcess(ForkedBooter.java:385)\n\tat org.apache.maven.surefire.booter.ForkedBooter.execute(ForkedBooter.java:162)\n\tat org.apache.maven.surefire.booter.ForkedBooter.run(ForkedBooter.java:507)\n\tat org.apache.maven.surefire.booter.ForkedBooter.main(ForkedBooter.java:495)\n","steps":[{"name":"Create NewProjectDescription(id=TestAHExHESvqI, name=TestBgaGnAIQUH, parentProject=Project(id=null, name=null, locator=_Root))","time":{"start":1719159012523,"stop":1719159012565,"duration":42},"status":"passed","steps":[],"attachments":[{"uid":"cefd8a230d8c6aea","name":"Request","source":"cefd8a230d8c6aea.html","type":"text/html","size":1096},{"uid":"fc216bff870052c4","name":"HTTP/1.1 200 ","source":"fc216bff870052c4.html","type":"text/html","size":2218}],"parameters":[{"name":"model","value":"NewProjectDescription(id=TestAHExHESvqI, name=TestBgaGnAIQUH, parentProject=Project(id=null, name=null, locator=_Root))"}],"shouldDisplayMessage":false,"stepsCount":0,"attachmentsCount":2,"hasContent":true},{"name":"Create NewProjectDescription(id=TestGYBnjgbhHn, name=TestEvMAQKhzmc, parentProject=Project(id=null, name=null, locator=_Root))","time":{"start":1719159012569,"stop":1719159012594,"duration":25},"status":"passed","steps":[],"attachments":[{"uid":"c9226112d03aea7f","name":"Request","source":"c9226112d03aea7f.html","type":"text/html","size":1096},{"uid":"63cf79d6313cc69a","name":"HTTP/1.1 200 ","source":"63cf79d6313cc69a.html","type":"text/html","size":2218}],"parameters":[{"name":"model","value":"NewProjectDescription(id=TestGYBnjgbhHn, name=TestEvMAQKhzmc, parentProject=Project(id=null, name=null, locator=_Root))"}],"shouldDisplayMessage":false,"stepsCount":0,"attachmentsCount":2,"hasContent":true},{"name":"Create User(id=null, username=TestpsYwMGEqTy, email=TestMrHtXzRQpk, password=TestdGhepwVxkn, roles=Roles(role=[Role(roleId=PROJECT_ADMIN, scope=p:TestAHExHESvqI)]))","time":{"start":1719159012598,"stop":1719159012630,"duration":32},"status":"passed","steps":[],"attachments":[{"uid":"8f6764379572575b","name":"Request","source":"8f6764379572575b.html","type":"text/html","size":1416},{"uid":"2253d4cf3dfee425","name":"HTTP/1.1 200 ","source":"2253d4cf3dfee425.html","type":"text/html","size":2173}],"parameters":[{"name":"model","value":"User(id=null, username=TestpsYwMGEqTy, email=TestMrHtXzRQpk, password=TestdGhepwVxkn, roles=Roles(role=[Role(roleId=PROJECT_ADMIN, scope=p:TestAHExHESvqI)]))"}],"shouldDisplayMessage":false,"stepsCount":0,"attachmentsCount":2,"hasContent":true},{"name":"Create User(id=null, username=TestsmPCFwgvqF, email=TestGyFyLxBoft, password=TesthfupEcnbKv, roles=Roles(role=[Role(roleId=PROJECT_ADMIN, scope=p:TestGYBnjgbhHn)]))","time":{"start":1719159012632,"stop":1719159012661,"duration":29},"status":"passed","steps":[],"attachments":[{"uid":"4d398c77f3a80202","name":"Request","source":"4d398c77f3a80202.html","type":"text/html","size":1416},{"uid":"5a5c1785135f1926","name":"HTTP/1.1 200 ","source":"5a5c1785135f1926.html","type":"text/html","size":2173}],"parameters":[{"name":"model","value":"User(id=null, username=TestsmPCFwgvqF, email=TestGyFyLxBoft, password=TesthfupEcnbKv, roles=Roles(role=[Role(roleId=PROJECT_ADMIN, scope=p:TestGYBnjgbhHn)]))"}],"shouldDisplayMessage":false,"stepsCount":0,"attachmentsCount":2,"hasContent":true},{"name":"Create BuildType(id=TestTJbcsDrMmK, name=TestNjcFrGcDvm, project=NewProjectDescription(id=TestAHExHESvqI, name=TestBgaGnAIQUH, parentProject=Project(id=null, name=null, locator=_Root)), steps=null)","time":{"start":1719159012663,"stop":1719159012696,"duration":33},"status":"passed","steps":[],"attachments":[{"uid":"b9215639829c7f59","name":"Request","source":"b9215639829c7f59.html","type":"text/html","size":1494},{"uid":"58ba823bfbd005a4","name":"HTTP/1.1 403 ","source":"58ba823bfbd005a4.html","type":"text/html","size":844}],"parameters":[{"name":"model","value":"BuildType(id=TestTJbcsDrMmK, name=TestNjcFrGcDvm, project=NewProjectDescription(id=TestAHExHESvqI, name=TestBgaGnAIQUH, parentProject=Project(id=null, name=null, locator=_Root)), steps=null)"}],"shouldDisplayMessage":false,"stepsCount":0,"attachmentsCount":2,"hasContent":true}],"attachments":[],"parameters":[],"shouldDisplayMessage":true,"stepsCount":5,"attachmentsCount":10,"hasContent":true},"afterStages":[{"name":"deleteCreatedEntities","time":{"start":1719159012749,"stop":1719159012847,"duration":98},"description":"","status":"passed","steps":[{"name":"Delete 13","time":{"start":1719159012750,"stop":1719159012772,"duration":22},"status":"passed","steps":[],"attachments":[{"uid":"f1f42a6236061125","name":"Request","source":"f1f42a6236061125.html","type":"text/html","size":525},{"uid":"b18dcdfbe1002ffa","name":"HTTP/1.1 204 ","source":"b18dcdfbe1002ffa.html","type":"text/html","size":478}],"parameters":[{"name":"id","value":"13"}],"shouldDisplayMessage":false,"stepsCount":0,"attachmentsCount":2,"hasContent":true},{"name":"Delete 14","time":{"start":1719159012772,"stop":1719159012795,"duration":23},"status":"passed","steps":[],"attachments":[{"uid":"5c74d9b59284e366","name":"Request","source":"5c74d9b59284e366.html","type":"text/html","size":525},{"uid":"cb0dd1b385f032f0","name":"HTTP/1.1 204 ","source":"cb0dd1b385f032f0.html","type":"text/html","size":478}],"parameters":[{"name":"id","value":"14"}],"shouldDisplayMessage":false,"stepsCount":0,"attachmentsCount":2,"hasContent":true},{"name":"Delete TestAHExHESvqI","time":{"start":1719159012796,"stop":1719159012819,"duration":23},"status":"passed","steps":[],"attachments":[{"uid":"1cbe59433b7a7838","name":"Request","source":"1cbe59433b7a7838.html","type":"text/html","size":555},{"uid":"3f8123f0b31f5b41","name":"HTTP/1.1 204 ","source":"3f8123f0b31f5b41.html","type":"text/html","size":478}],"parameters":[{"name":"id","value":"TestAHExHESvqI"}],"shouldDisplayMessage":false,"stepsCount":0,"attachmentsCount":2,"hasContent":true},{"name":"Delete TestGYBnjgbhHn","time":{"start":1719159012820,"stop":1719159012847,"duration":27},"status":"passed","steps":[],"attachments":[{"uid":"cdf529ddf570e431","name":"Request","source":"cdf529ddf570e431.html","type":"text/html","size":555},{"uid":"d6e1df1c09c22915","name":"HTTP/1.1 204 ","source":"d6e1df1c09c22915.html","type":"text/html","size":478}],"parameters":[{"name":"id","value":"TestGYBnjgbhHn"}],"shouldDisplayMessage":false,"stepsCount":0,"attachmentsCount":2,"hasContent":true}],"attachments":[],"parameters":[],"shouldDisplayMessage":false,"stepsCount":4,"attachmentsCount":8,"hasContent":true}],"labels":[{"name":"package","value":"com.teamcity.api.RolesTest"},{"name":"testClass","value":"com.teamcity.api.RolesTest"},{"name":"testMethod","value":"projectAdminShouldNotHaveRightsToCreateBuildConfigToAnotherProject"},{"name":"parentSuite","value":"Surefire suite"},{"name":"suite","value":"Surefire test"},{"name":"subSuite","value":"com.teamcity.api.RolesTest"},{"name":"host","value":"fv-az1249-297"},{"name":"thread","value":"4372@fv-az1249-297.main(1)"},{"name":"framework","value":"testng"},{"name":"language","value":"java"},{"name":"resultFormat","value":"allure2"}],"parameters":[],"links":[],"hidden":true,"retry":true,"extra":{"categories":[],"tags":[]},"source":"fbe65c4dfe6e701e.json","parameterValues":[]}