{"uid":"93ad1cbd39130827","name":"projectAdminShouldNotHaveRightsToCreateBuildConfigToAnotherProject","fullName":"com.example.teamcity.api.RolesTest.projectAdminShouldNotHaveRightsToCreateBuildConfigToAnotherProject","historyId":"3015efe1cf857d34767aefd598dc847b","time":{"start":1717143581292,"stop":1717143581560,"duration":268},"status":"failed","statusMessage":"1 expectation failed.\nExpected status code <403> but was <200>.\n","statusTrace":"java.lang.AssertionError: 1 expectation failed.\nExpected status code <403> but was <200>.\n\n\tat java.base/jdk.internal.reflect.NativeConstructorAccessorImpl.newInstance0(Native Method)\n\tat java.base/jdk.internal.reflect.NativeConstructorAccessorImpl.newInstance(NativeConstructorAccessorImpl.java:77)\n\tat java.base/jdk.internal.reflect.DelegatingConstructorAccessorImpl.newInstance(DelegatingConstructorAccessorImpl.java:45)\n\tat java.base/java.lang.reflect.Constructor.newInstanceWithCaller(Constructor.java:499)\n\tat java.base/java.lang.reflect.Constructor.newInstance(Constructor.java:480)\n\tat org.codehaus.groovy.reflection.CachedConstructor.invoke(CachedConstructor.java:73)\n\tat org.codehaus.groovy.runtime.callsite.ConstructorSite$ConstructorSiteNoUnwrapNoCoerce.callConstructor(ConstructorSite.java:108)\n\tat org.codehaus.groovy.runtime.callsite.AbstractCallSite.callConstructor(AbstractCallSite.java:277)\n\tat io.restassured.internal.ResponseSpecificationImpl$HamcrestAssertionClosure.validate(ResponseSpecificationImpl.groovy:512)\n\tat io.restassured.internal.ResponseSpecificationImpl$HamcrestAssertionClosure$validate$1.call(Unknown Source)\n\tat io.restassured.internal.ResponseSpecificationImpl.validateResponseIfRequired(ResponseSpecificationImpl.groovy:696)\n\tat io.restassured.internal.ResponseSpecificationImpl.this$2$validateResponseIfRequired(ResponseSpecificationImpl.groovy)\n\tat jdk.internal.reflect.GeneratedMethodAccessor181.invoke(Unknown Source)\n\tat java.base/jdk.internal.reflect.DelegatingMethodAccessorImpl.invoke(DelegatingMethodAccessorImpl.java:43)\n\tat java.base/java.lang.reflect.Method.invoke(Method.java:568)\n\tat org.codehaus.groovy.runtime.callsite.PlainObjectMetaMethodSite.doInvoke(PlainObjectMetaMethodSite.java:43)\n\tat org.codehaus.groovy.runtime.callsite.PogoMetaMethodSite$PogoCachedMethodSiteNoUnwrapNoCoerce.invoke(PogoMetaMethodSite.java:198)\n\tat org.codehaus.groovy.runtime.callsite.PogoMetaMethodSite.callCurrent(PogoMetaMethodSite.java:62)\n\tat org.codehaus.groovy.runtime.callsite.AbstractCallSite.callCurrent(AbstractCallSite.java:185)\n\tat io.restassured.internal.ResponseSpecificationImpl.statusCode(ResponseSpecificationImpl.groovy:135)\n\tat io.restassured.specification.ResponseSpecification$statusCode$0.callCurrent(Unknown Source)\n\tat io.restassured.internal.ResponseSpecificationImpl.statusCode(ResponseSpecificationImpl.groovy:143)\n\tat io.restassured.internal.ValidatableResponseOptionsImpl.statusCode(ValidatableResponseOptionsImpl.java:89)\n\tat com.example.teamcity.api.RolesTest.projectAdminShouldNotHaveRightsToCreateBuildConfigToAnotherProject(RolesTest.java:97)\n\tat java.base/jdk.internal.reflect.NativeMethodAccessorImpl.invoke0(Native Method)\n\tat java.base/jdk.internal.reflect.NativeMethodAccessorImpl.invoke(NativeMethodAccessorImpl.java:77)\n\tat java.base/jdk.internal.reflect.DelegatingMethodAccessorImpl.invoke(DelegatingMethodAccessorImpl.java:43)\n\tat java.base/java.lang.reflect.Method.invoke(Method.java:568)\n\tat org.testng.internal.invokers.MethodInvocationHelper.invokeMethod(MethodInvocationHelper.java:139)\n\tat org.testng.internal.invokers.TestInvoker.invokeMethod(TestInvoker.java:677)\n\tat org.testng.internal.invokers.TestInvoker.invokeTestMethod(TestInvoker.java:221)\n\tat org.testng.internal.invokers.MethodRunner.runInSequence(MethodRunner.java:50)\n\tat org.testng.internal.invokers.TestInvoker$MethodInvocationAgent.invoke(TestInvoker.java:969)\n\tat org.testng.internal.invokers.TestInvoker.invokeTestMethods(TestInvoker.java:194)\n\tat org.testng.internal.invokers.TestMethodWorker.invokeTestMethods(TestMethodWorker.java:148)\n\tat org.testng.internal.invokers.TestMethodWorker.run(TestMethodWorker.java:128)\n\tat java.base/java.util.ArrayList.forEach(ArrayList.java:1511)\n\tat org.testng.TestRunner.privateRun(TestRunner.java:829)\n\tat org.testng.TestRunner.run(TestRunner.java:602)\n\tat org.testng.SuiteRunner.runTest(SuiteRunner.java:437)\n\tat org.testng.SuiteRunner.runSequentially(SuiteRunner.java:431)\n\tat org.testng.SuiteRunner.privateRun(SuiteRunner.java:391)\n\tat org.testng.SuiteRunner.run(SuiteRunner.java:330)\n\tat org.testng.SuiteRunnerWorker.runSuite(SuiteRunnerWorker.java:52)\n\tat org.testng.SuiteRunnerWorker.run(SuiteRunnerWorker.java:95)\n\tat org.testng.TestNG.runSuitesSequentially(TestNG.java:1256)\n\tat org.testng.TestNG.runSuitesLocally(TestNG.java:1176)\n\tat org.testng.TestNG.runSuites(TestNG.java:1099)\n\tat org.testng.TestNG.run(TestNG.java:1067)\n\tat org.apache.maven.surefire.testng.TestNGExecutor.run(TestNGExecutor.java:283)\n\tat org.apache.maven.surefire.testng.TestNGXmlTestSuite.execute(TestNGXmlTestSuite.java:75)\n\tat org.apache.maven.surefire.testng.TestNGProvider.invoke(TestNGProvider.java:120)\n\tat org.apache.maven.surefire.booter.ForkedBooter.invokeProviderInSameClassLoader(ForkedBooter.java:384)\n\tat org.apache.maven.surefire.booter.ForkedBooter.runSuitesInProcess(ForkedBooter.java:345)\n\tat org.apache.maven.surefire.booter.ForkedBooter.execute(ForkedBooter.java:126)\n\tat org.apache.maven.surefire.booter.ForkedBooter.main(ForkedBooter.java:418)\n","flaky":false,"newFailed":false,"newBroken":false,"newPassed":false,"retriesCount":0,"retriesStatusChange":false,"beforeStages":[{"name":"beforeTest","time":{"start":1717143581290,"stop":1717143581290,"duration":0},"description":"","status":"passed","steps":[],"attachments":[],"parameters":[],"shouldDisplayMessage":false,"stepsCount":0,"attachmentsCount":0,"hasContent":false}],"afterStages":[{"name":"afterTest","time":{"start":1717143581562,"stop":1717143582114,"duration":552},"description":"","status":"passed","steps":[],"attachments":[],"parameters":[],"shouldDisplayMessage":false,"stepsCount":0,"attachmentsCount":0,"hasContent":false}],"labels":[{"name":"package","value":"com.example.teamcity.api.RolesTest"},{"name":"testClass","value":"com.example.teamcity.api.RolesTest"},{"name":"testMethod","value":"projectAdminShouldNotHaveRightsToCreateBuildConfigToAnotherProject"},{"name":"parentSuite","value":"API Suite"},{"name":"suite","value":"API Test"},{"name":"subSuite","value":"com.example.teamcity.api.RolesTest"},{"name":"host","value":"fv-az1251-183"},{"name":"thread","value":"4385@fv-az1251-183.main(1)"},{"name":"framework","value":"testng"},{"name":"language","value":"java"},{"name":"resultFormat","value":"allure2"}],"parameters":[],"links":[],"hidden":false,"retry":false,"extra":{"severity":"normal","retries":[],"categories":[{"name":"Product defects","matchedStatuses":[],"flaky":false}],"history":{"statistic":{"failed":11,"broken":3,"skipped":0,"passed":0,"unknown":0,"total":14},"items":[{"uid":"e7ce67b74d1040e4","reportUrl":"https://katerina-klinova.github.io/teamcity-testing-framework/104//#testresult/e7ce67b74d1040e4","status":"failed","statusDetails":"1 expectation failed.\nExpected status code <403> but was <200>.\n","time":{"start":1717095879481,"stop":1717095879686,"duration":205}},{"uid":"d49fb4ec747ca351","reportUrl":"https://katerina-klinova.github.io/teamcity-testing-framework/117//#testresult/d49fb4ec747ca351","status":"broken","statusDetails":"com.fasterxml.jackson.databind.exc.UnrecognizedPropertyException: Unrecognized field \"virtual\" (class com.example.teamcity.api.models.Project), not marked as ignorable (4 known properties: \"parentProjectId\", \"id\", \"locator\", \"name\"])\n at [Source: (String)\"{\"id\":\"project_test_MviLXXNgYs\",\"name\":\"test_raCCOfKjcx\",\"parentProjectId\":\"_Root\",\"virtual\":false,\"href\":\"/app/rest/projects/id:project_test_MviLXXNgYs\",\"webUrl\":\"http://localhost:8111/project.html?projectId=project_test_MviLXXNgYs\",\"parentProject\":{\"id\":\"_Root\",\"name\":\"<Root project>\",\"description\":\"Contains all other projects\",\"href\":\"/app/rest/projects/id:_Root\",\"webUrl\":\"http://localhost:8111/project.html?projectId=_Root\"},\"buildTypes\":{\"count\":0,\"buildType\":[]},\"templates\":{\"count\":0,\"buil\"[truncated 372 chars]; line: 1, column: 99] (through reference chain: com.example.teamcity.api.models.Project[\"virtual\"])","time":{"start":1717084948509,"stop":1717084948590,"duration":81}},{"uid":"a7ac3c45020ab559","reportUrl":"https://katerina-klinova.github.io/teamcity-testing-framework/116//#testresult/a7ac3c45020ab559","status":"broken","statusDetails":"com.fasterxml.jackson.databind.exc.UnrecognizedPropertyException: Unrecognized field \"virtual\" (class com.example.teamcity.api.models.Project), not marked as ignorable (4 known properties: \"parentProjectId\", \"id\", \"locator\", \"name\"])\n at [Source: (String)\"{\"id\":\"project_test_SNxGJHzJpc\",\"name\":\"test_EpqTwDbcoY\",\"parentProjectId\":\"_Root\",\"virtual\":false,\"href\":\"/app/rest/projects/id:project_test_SNxGJHzJpc\",\"webUrl\":\"http://localhost:8111/project.html?projectId=project_test_SNxGJHzJpc\",\"parentProject\":{\"id\":\"_Root\",\"name\":\"<Root project>\",\"description\":\"Contains all other projects\",\"href\":\"/app/rest/projects/id:_Root\",\"webUrl\":\"http://localhost:8111/project.html?projectId=_Root\"},\"buildTypes\":{\"count\":0,\"buildType\":[]},\"templates\":{\"count\":0,\"buil\"[truncated 372 chars]; line: 1, column: 99] (through reference chain: com.example.teamcity.api.models.Project[\"virtual\"])","time":{"start":1717084376075,"stop":1717084376161,"duration":86}},{"uid":"ca00517ae5df3d2f","reportUrl":"https://katerina-klinova.github.io/teamcity-testing-framework/115//#testresult/ca00517ae5df3d2f","status":"broken","statusDetails":"com.fasterxml.jackson.databind.exc.UnrecognizedPropertyException: Unrecognized field \"virtual\" (class com.example.teamcity.api.models.Project), not marked as ignorable (4 known properties: \"parentProjectId\", \"id\", \"locator\", \"name\"])\n at [Source: (String)\"{\"id\":\"project_test_IDaoXTpgGw\",\"name\":\"test_UvNlyaQIPb\",\"parentProjectId\":\"_Root\",\"virtual\":false,\"href\":\"/app/rest/projects/id:project_test_IDaoXTpgGw\",\"webUrl\":\"http://localhost:8111/project.html?projectId=project_test_IDaoXTpgGw\",\"parentProject\":{\"id\":\"_Root\",\"name\":\"<Root project>\",\"description\":\"Contains all other projects\",\"href\":\"/app/rest/projects/id:_Root\",\"webUrl\":\"http://localhost:8111/project.html?projectId=_Root\"},\"buildTypes\":{\"count\":0,\"buildType\":[]},\"templates\":{\"count\":0,\"buil\"[truncated 372 chars]; line: 1, column: 99] (through reference chain: com.example.teamcity.api.models.Project[\"virtual\"])","time":{"start":1717083938565,"stop":1717083938669,"duration":104}},{"uid":"1fd2b03431b93077","reportUrl":"https://katerina-klinova.github.io/teamcity-testing-framework/114//#testresult/1fd2b03431b93077","status":"failed","statusDetails":"1 expectation failed.\nExpected status code <403> but was <200>.\n","time":{"start":1717081565189,"stop":1717081565534,"duration":345}},{"uid":"371c0d8d550cd05e","reportUrl":"https://katerina-klinova.github.io/teamcity-testing-framework/113//#testresult/371c0d8d550cd05e","status":"failed","statusDetails":"1 expectation failed.\nExpected status code <403> but was <200>.\n","time":{"start":1717080063351,"stop":1717080063732,"duration":381}},{"uid":"28a738537d70bafc","reportUrl":"https://katerina-klinova.github.io/teamcity-testing-framework/112//#testresult/28a738537d70bafc","status":"failed","statusDetails":"1 expectation failed.\nExpected status code <403> but was <200>.\n","time":{"start":1717079651129,"stop":1717079651409,"duration":280}},{"uid":"d322ee0d80fc3f0","reportUrl":"https://katerina-klinova.github.io/teamcity-testing-framework/109//#testresult/d322ee0d80fc3f0","status":"failed","statusDetails":"1 expectation failed.\nExpected status code <403> but was <200>.\n","time":{"start":1717078649611,"stop":1717078649935,"duration":324}},{"uid":"686b75ca8c570728","reportUrl":"https://katerina-klinova.github.io/teamcity-testing-framework/108//#testresult/686b75ca8c570728","status":"failed","statusDetails":"1 expectation failed.\nExpected status code <403> but was <200>.\n","time":{"start":1717078078073,"stop":1717078078386,"duration":313}},{"uid":"531eb6d9b92db7c2","reportUrl":"https://katerina-klinova.github.io/teamcity-testing-framework/107//#testresult/531eb6d9b92db7c2","status":"failed","statusDetails":"1 expectation failed.\nExpected status code <403> but was <200>.\n","time":{"start":1717077621653,"stop":1717077621957,"duration":304}},{"uid":"8afef4af5d6b2f10","reportUrl":"https://katerina-klinova.github.io/teamcity-testing-framework/106//#testresult/8afef4af5d6b2f10","status":"failed","statusDetails":"1 expectation failed.\nExpected status code <403> but was <200>.\n","time":{"start":1717076993974,"stop":1717076994241,"duration":267}},{"uid":"fe685421d8ebda","reportUrl":"https://katerina-klinova.github.io/teamcity-testing-framework/105//#testresult/fe685421d8ebda","status":"failed","statusDetails":"1 expectation failed.\nExpected status code <403> but was <200>.\n","time":{"start":1717075605482,"stop":1717075605713,"duration":231}},{"uid":"6f0ab125afb38cbe","reportUrl":"https://katerina-klinova.github.io/teamcity-testing-framework/104//#testresult/6f0ab125afb38cbe","status":"failed","statusDetails":"1 expectation failed.\nExpected status code <403> but was <200>.\n","time":{"start":1717074888689,"stop":1717074888983,"duration":294}}]},"tags":[]},"source":"93ad1cbd39130827.json","parameterValues":[]}