{"uid":"21b4114d6ec1673f","name":"authorizedUserShouldBeAbleToCreateNewProjectFromRepository","fullName":"com.example.teamcity.ui.CreateNewProjectTest.authorizedUserShouldBeAbleToCreateNewProjectFromRepository","historyId":"1a23a75925ce57ac085cbacb2ca4e1c7","time":{"start":1717079657978,"stop":1717079712550,"duration":54572},"status":"failed","statusMessage":"Element should exist {[class=\"Subproject__container--Px\"].snapshot(1 elements)[0]}\nElement: 'Ups, failed to described the element [caused by: StaleElementReferenceException: The element reference of <div class=\"Subproject__container--Px\"> is stale; either the element is no longer attached to the DOM, it is not in the current frame context, or the document has been refreshed]'\nActual value: does not exist\nScreenshot: file:/home/runner/work/teamcity-testing-framework/teamcity-testing-framework/target/surefire-reports/1717079712278.0.png\nPage source: file:/home/runner/work/teamcity-testing-framework/teamcity-testing-framework/target/surefire-reports/1717079712278.0.html\nTimeout: 4 s.","statusTrace":"Element should exist {[class=\"Subproject__container--Px\"].snapshot(1 elements)[0]}\nElement: 'Ups, failed to described the element [caused by: StaleElementReferenceException: The element reference of <div class=\"Subproject__container--Px\"> is stale; either the element is no longer attached to the DOM, it is not in the current frame context, or the document has been refreshed]'\nActual value: does not exist\nScreenshot: file:/home/runner/work/teamcity-testing-framework/teamcity-testing-framework/target/surefire-reports/1717079712278.0.png\nPage source: file:/home/runner/work/teamcity-testing-framework/teamcity-testing-framework/target/surefire-reports/1717079712278.0.html\nTimeout: 4 s.\n\tat com.codeborne.selenide.impl.WebElementSource.handleError(WebElementSource.java:149)\n\tat com.codeborne.selenide.impl.WebElementSource.checkConditionAndReturnElement(WebElementSource.java:127)\n\tat com.codeborne.selenide.impl.WebElementSource.checkCondition(WebElementSource.java:104)\n\tat com.codeborne.selenide.impl.ElementFinder.createElementNotFoundError(ElementFinder.java:139)\n\tat com.codeborne.selenide.impl.WebElementSource.handleError(WebElementSource.java:143)\n\tat com.codeborne.selenide.impl.WebElementSource.checkConditionAndReturnElement(WebElementSource.java:127)\n\tat com.codeborne.selenide.impl.WebElementSource.checkCondition(WebElementSource.java:104)\n\tat com.codeborne.selenide.commands.Should.execute(Should.java:30)\n\tat com.codeborne.selenide.commands.Should.execute(Should.java:14)\n\tat com.codeborne.selenide.commands.Commands.execute(Commands.java:161)\n\tat com.codeborne.selenide.impl.SelenideElementProxy.dispatchAndRetry(SelenideElementProxy.java:132)\n\tat com.codeborne.selenide.impl.SelenideElementProxy.invoke(SelenideElementProxy.java:84)\n\tat jdk.proxy2/jdk.proxy2.$Proxy46.shouldHave(Unknown Source)\n\tat com.example.teamcity.ui.CreateNewProjectTest.authorizedUserShouldBeAbleToCreateNewProjectFromRepository(CreateNewProjectTest.java:25)\n\tat java.base/jdk.internal.reflect.NativeMethodAccessorImpl.invoke0(Native Method)\n\tat java.base/jdk.internal.reflect.NativeMethodAccessorImpl.invoke(NativeMethodAccessorImpl.java:77)\n\tat java.base/jdk.internal.reflect.DelegatingMethodAccessorImpl.invoke(DelegatingMethodAccessorImpl.java:43)\n\tat java.base/java.lang.reflect.Method.invoke(Method.java:568)\n\tat org.testng.internal.invokers.MethodInvocationHelper.invokeMethod(MethodInvocationHelper.java:139)\n\tat org.testng.internal.invokers.TestInvoker.invokeMethod(TestInvoker.java:677)\n\tat org.testng.internal.invokers.TestInvoker.invokeTestMethod(TestInvoker.java:221)\n\tat org.testng.internal.invokers.MethodRunner.runInSequence(MethodRunner.java:50)\n\tat org.testng.internal.invokers.TestInvoker$MethodInvocationAgent.invoke(TestInvoker.java:969)\n\tat org.testng.internal.invokers.TestInvoker.invokeTestMethods(TestInvoker.java:194)\n\tat org.testng.internal.invokers.TestMethodWorker.invokeTestMethods(TestMethodWorker.java:148)\n\tat org.testng.internal.invokers.TestMethodWorker.run(TestMethodWorker.java:128)\n\tat java.base/java.util.ArrayList.forEach(ArrayList.java:1511)\n\tat org.testng.TestRunner.privateRun(TestRunner.java:829)\n\tat org.testng.TestRunner.run(TestRunner.java:602)\n\tat org.testng.SuiteRunner.runTest(SuiteRunner.java:437)\n\tat org.testng.SuiteRunner.runSequentially(SuiteRunner.java:431)\n\tat org.testng.SuiteRunner.privateRun(SuiteRunner.java:391)\n\tat org.testng.SuiteRunner.run(SuiteRunner.java:330)\n\tat org.testng.SuiteRunnerWorker.runSuite(SuiteRunnerWorker.java:52)\n\tat org.testng.SuiteRunnerWorker.run(SuiteRunnerWorker.java:95)\n\tat org.testng.TestNG.runSuitesSequentially(TestNG.java:1256)\n\tat org.testng.TestNG.runSuitesLocally(TestNG.java:1176)\n\tat org.testng.TestNG.runSuites(TestNG.java:1099)\n\tat org.testng.TestNG.run(TestNG.java:1067)\n\tat org.apache.maven.surefire.testng.TestNGExecutor.run(TestNGExecutor.java:283)\n\tat org.apache.maven.surefire.testng.TestNGXmlTestSuite.execute(TestNGXmlTestSuite.java:75)\n\tat org.apache.maven.surefire.testng.TestNGProvider.invoke(TestNGProvider.java:120)\n\tat org.apache.maven.surefire.booter.ForkedBooter.invokeProviderInSameClassLoader(ForkedBooter.java:384)\n\tat org.apache.maven.surefire.booter.ForkedBooter.runSuitesInProcess(ForkedBooter.java:345)\n\tat org.apache.maven.surefire.booter.ForkedBooter.execute(ForkedBooter.java:126)\n\tat org.apache.maven.surefire.booter.ForkedBooter.main(ForkedBooter.java:418)\n","flaky":false,"newFailed":true,"newBroken":false,"newPassed":false,"retriesCount":0,"retriesStatusChange":false,"beforeStages":[{"name":"beforeTest","time":{"start":1717079657977,"stop":1717079657977,"duration":0},"description":"","status":"passed","steps":[],"attachments":[],"parameters":[],"shouldDisplayMessage":false,"stepsCount":0,"attachmentsCount":0,"hasContent":false}],"afterStages":[{"name":"afterTest","time":{"start":1717079712552,"stop":1717079713125,"duration":573},"description":"","status":"passed","steps":[],"attachments":[],"parameters":[],"shouldDisplayMessage":false,"stepsCount":0,"attachmentsCount":0,"hasContent":false}],"labels":[{"name":"package","value":"com.example.teamcity.ui.CreateNewProjectTest"},{"name":"testClass","value":"com.example.teamcity.ui.CreateNewProjectTest"},{"name":"testMethod","value":"authorizedUserShouldBeAbleToCreateNewProjectFromRepository"},{"name":"parentSuite","value":"UI Suite"},{"name":"suite","value":"UI Test"},{"name":"subSuite","value":"com.example.teamcity.ui.CreateNewProjectTest"},{"name":"host","value":"fv-az1788-779"},{"name":"thread","value":"4324@fv-az1788-779.main(1)"},{"name":"framework","value":"testng"},{"name":"language","value":"java"},{"name":"resultFormat","value":"allure2"}],"parameters":[],"links":[],"hidden":false,"retry":false,"extra":{"severity":"normal","retries":[],"categories":[{"name":"Product defects","matchedStatuses":[],"flaky":false}],"history":{"statistic":{"failed":1,"broken":0,"skipped":0,"passed":6,"unknown":0,"total":7},"items":[{"uid":"7650764993336e95","reportUrl":"https://katerina-klinova.github.io/teamcity-testing-framework/109//#testresult/7650764993336e95","status":"passed","time":{"start":1717078657028,"stop":1717078704093,"duration":47065}},{"uid":"f20f7a326748ae91","reportUrl":"https://katerina-klinova.github.io/teamcity-testing-framework/108//#testresult/f20f7a326748ae91","status":"passed","time":{"start":1717078085242,"stop":1717078134992,"duration":49750}},{"uid":"12f301da0388feb9","reportUrl":"https://katerina-klinova.github.io/teamcity-testing-framework/107//#testresult/12f301da0388feb9","status":"passed","time":{"start":1717077628600,"stop":1717077677134,"duration":48534}},{"uid":"f31b968bf3f6a7a4","reportUrl":"https://katerina-klinova.github.io/teamcity-testing-framework/106//#testresult/f31b968bf3f6a7a4","status":"passed","time":{"start":1717077001215,"stop":1717077050115,"duration":48900}},{"uid":"d74a000a99cdc041","reportUrl":"https://katerina-klinova.github.io/teamcity-testing-framework/105//#testresult/d74a000a99cdc041","status":"passed","time":{"start":1717075612783,"stop":1717075659565,"duration":46782}},{"uid":"464da12338884858","reportUrl":"https://katerina-klinova.github.io/teamcity-testing-framework/104//#testresult/464da12338884858","status":"passed","time":{"start":1717074895186,"stop":1717074948281,"duration":53095}}]},"tags":[]},"source":"21b4114d6ec1673f.json","parameterValues":[]}