{"uid":"e833a9794b9823c1","name":"authorizedUserShouldNotBeAbleToCreateNewProjectFromPrivateRepository","fullName":"com.example.teamcity.ui.CreateNewProjectTest.authorizedUserShouldNotBeAbleToCreateNewProjectFromPrivateRepository","historyId":"1470e6bda8f89b3c19dbc2e6804f8238","time":{"start":1717148228492,"stop":1717148237387,"duration":8895},"status":"failed","statusMessage":"Element not found {[id=\"error_url\"]}\nExpected: text \"Anonymous authentication has failed. The repository is either private or does not exist\"\nScreenshot: file:/home/runner/work/teamcity-testing-framework/teamcity-testing-framework/target/surefire-reports/1717148237122.0.png\nPage source: file:/home/runner/work/teamcity-testing-framework/teamcity-testing-framework/target/surefire-reports/1717148237122.0.html\nTimeout: 4 s.\nCaused by: NoSuchElementException: Unable to locate element: [id=\"error_url\"]","statusTrace":"Element not found {[id=\"error_url\"]}\nExpected: text \"Anonymous authentication has failed. The repository is either private or does not exist\"\nScreenshot: file:/home/runner/work/teamcity-testing-framework/teamcity-testing-framework/target/surefire-reports/1717148237122.0.png\nPage source: file:/home/runner/work/teamcity-testing-framework/teamcity-testing-framework/target/surefire-reports/1717148237122.0.html\nTimeout: 4 s.\nCaused by: NoSuchElementException: Unable to locate element: [id=\"error_url\"]\n\tat com.codeborne.selenide.impl.WebElementSource.createElementNotFoundError(WebElementSource.java:91)\n\tat com.codeborne.selenide.impl.ElementFinder.createElementNotFoundError(ElementFinder.java:142)\n\tat com.codeborne.selenide.impl.WebElementSource.handleError(WebElementSource.java:143)\n\tat com.codeborne.selenide.impl.WebElementSource.checkConditionAndReturnElement(WebElementSource.java:127)\n\tat com.codeborne.selenide.impl.WebElementSource.checkCondition(WebElementSource.java:104)\n\tat com.codeborne.selenide.commands.Should.execute(Should.java:30)\n\tat com.codeborne.selenide.commands.Should.execute(Should.java:14)\n\tat com.codeborne.selenide.commands.Commands.execute(Commands.java:161)\n\tat com.codeborne.selenide.impl.SelenideElementProxy.dispatchAndRetry(SelenideElementProxy.java:132)\n\tat com.codeborne.selenide.impl.SelenideElementProxy.invoke(SelenideElementProxy.java:84)\n\tat jdk.proxy2/jdk.proxy2.$Proxy56.shouldHave(Unknown Source)\n\tat com.example.teamcity.ui.CreateNewProjectTest.authorizedUserShouldNotBeAbleToCreateNewProjectFromPrivateRepository(CreateNewProjectTest.java:54)\n\tat java.base/jdk.internal.reflect.NativeMethodAccessorImpl.invoke0(Native Method)\n\tat java.base/jdk.internal.reflect.NativeMethodAccessorImpl.invoke(NativeMethodAccessorImpl.java:77)\n\tat java.base/jdk.internal.reflect.DelegatingMethodAccessorImpl.invoke(DelegatingMethodAccessorImpl.java:43)\n\tat java.base/java.lang.reflect.Method.invoke(Method.java:568)\n\tat org.testng.internal.invokers.MethodInvocationHelper.invokeMethod(MethodInvocationHelper.java:139)\n\tat org.testng.internal.invokers.TestInvoker.invokeMethod(TestInvoker.java:677)\n\tat org.testng.internal.invokers.TestInvoker.invokeTestMethod(TestInvoker.java:221)\n\tat org.testng.internal.invokers.MethodRunner.runInSequence(MethodRunner.java:50)\n\tat org.testng.internal.invokers.TestInvoker$MethodInvocationAgent.invoke(TestInvoker.java:969)\n\tat org.testng.internal.invokers.TestInvoker.invokeTestMethods(TestInvoker.java:194)\n\tat org.testng.internal.invokers.TestMethodWorker.invokeTestMethods(TestMethodWorker.java:148)\n\tat org.testng.internal.invokers.TestMethodWorker.run(TestMethodWorker.java:128)\n\tat java.base/java.util.ArrayList.forEach(ArrayList.java:1511)\n\tat org.testng.TestRunner.privateRun(TestRunner.java:829)\n\tat org.testng.TestRunner.run(TestRunner.java:602)\n\tat org.testng.SuiteRunner.runTest(SuiteRunner.java:437)\n\tat org.testng.SuiteRunner.runSequentially(SuiteRunner.java:431)\n\tat org.testng.SuiteRunner.privateRun(SuiteRunner.java:391)\n\tat org.testng.SuiteRunner.run(SuiteRunner.java:330)\n\tat org.testng.SuiteRunnerWorker.runSuite(SuiteRunnerWorker.java:52)\n\tat org.testng.SuiteRunnerWorker.run(SuiteRunnerWorker.java:95)\n\tat org.testng.TestNG.runSuitesSequentially(TestNG.java:1256)\n\tat org.testng.TestNG.runSuitesLocally(TestNG.java:1176)\n\tat org.testng.TestNG.runSuites(TestNG.java:1099)\n\tat org.testng.TestNG.run(TestNG.java:1067)\n\tat org.apache.maven.surefire.testng.TestNGExecutor.run(TestNGExecutor.java:283)\n\tat org.apache.maven.surefire.testng.TestNGXmlTestSuite.execute(TestNGXmlTestSuite.java:75)\n\tat org.apache.maven.surefire.testng.TestNGProvider.invoke(TestNGProvider.java:120)\n\tat org.apache.maven.surefire.booter.ForkedBooter.invokeProviderInSameClassLoader(ForkedBooter.java:384)\n\tat org.apache.maven.surefire.booter.ForkedBooter.runSuitesInProcess(ForkedBooter.java:345)\n\tat org.apache.maven.surefire.booter.ForkedBooter.execute(ForkedBooter.java:126)\n\tat org.apache.maven.surefire.booter.ForkedBooter.main(ForkedBooter.java:418)\nCaused by: org.openqa.selenium.NoSuchElementException: Unable to locate element: [id=\"error_url\"]\nFor documentation on this error, please visit: https://www.selenium.dev/documentation/webdriver/troubleshooting/errors#no-such-element-exception\nBuild info: version: '4.13.0', revision: 'ba948ece5b*'\nSystem info: os.name: 'Linux', os.arch: 'amd64', os.version: '6.5.0-1021-azure', java.version: '17.0.11'\nDriver info: org.openqa.selenium.remote.RemoteWebDriver\nCommand: [f2d8b823-a5c6-4bd6-8ee0-8e5ce00d7927, findElement {using=css selector, value=[id=\"error_url\"]}]\nCapabilities {acceptInsecureCerts: true, browserName: firefox, browserVersion: 89.0, moz:accessibilityChecks: false, moz:buildID: 20210527174632, moz:debuggerAddress: localhost:43003, moz:geckodriverVersion: 0.29.1, moz:headless: false, moz:processID: 91, moz:profile: /tmp/rust_mozprofile3W51Hu, moz:shutdownTimeout: 60000, moz:useNonSpecCompliantPointerOrigin: false, moz:webdriverClick: true, pageLoadStrategy: normal, platformName: linux, platformVersion: 6.5.0-1021-azure, se:cdp: ws://localhost:4444/devtool..., se:cdpVersion: 89.0, setWindowRect: true, strictFileInteractability: false, timeouts: {implicit: 0, pageLoad: 300000, script: 30000}, unhandledPromptBehavior: accept}\nSession ID: f2d8b823-a5c6-4bd6-8ee0-8e5ce00d7927\n\tat jdk.internal.reflect.GeneratedConstructorAccessor76.newInstance(Unknown Source)\n\tat java.base/jdk.internal.reflect.DelegatingConstructorAccessorImpl.newInstance(DelegatingConstructorAccessorImpl.java:45)\n\tat java.base/java.lang.reflect.Constructor.newInstanceWithCaller(Constructor.java:499)\n\tat java.base/java.lang.reflect.Constructor.newInstance(Constructor.java:480)\n\tat org.openqa.selenium.remote.codec.w3c.W3CHttpResponseCodec.createException(W3CHttpResponseCodec.java:200)\n\tat org.openqa.selenium.remote.codec.w3c.W3CHttpResponseCodec.decode(W3CHttpResponseCodec.java:133)\n\tat org.openqa.selenium.remote.codec.w3c.W3CHttpResponseCodec.decode(W3CHttpResponseCodec.java:52)\n\tat org.openqa.selenium.remote.HttpCommandExecutor.execute(HttpCommandExecutor.java:191)\n\tat org.openqa.selenium.remote.RemoteWebDriver.execute(RemoteWebDriver.java:602)\n\tat org.openqa.selenium.remote.ElementLocation$ElementFinder$2.findElement(ElementLocation.java:165)\n\tat org.openqa.selenium.remote.ElementLocation.findElement(ElementLocation.java:59)\n\tat org.openqa.selenium.remote.RemoteWebDriver.findElement(RemoteWebDriver.java:359)\n\tat org.openqa.selenium.remote.RemoteWebDriver.findElement(RemoteWebDriver.java:353)\n\tat com.codeborne.selenide.impl.WebElementSelector.findElement(WebElementSelector.java:70)\n\tat com.codeborne.selenide.impl.WebElementSelector.findElement(WebElementSelector.java:44)\n\tat com.codeborne.selenide.impl.WebElementSelector.findElement(WebElementSelector.java:33)\n\tat com.codeborne.selenide.impl.ElementFinder.getWebElement(ElementFinder.java:122)\n\tat com.codeborne.selenide.impl.WebElementSource.checkConditionAndReturnElement(WebElementSource.java:116)\n\t... 40 more\n","flaky":false,"newFailed":false,"newBroken":false,"newPassed":false,"retriesCount":0,"retriesStatusChange":false,"beforeStages":[{"name":"beforeTest","time":{"start":1717148228491,"stop":1717148228491,"duration":0},"description":"","status":"passed","steps":[],"attachments":[],"parameters":[],"shouldDisplayMessage":false,"stepsCount":0,"attachmentsCount":0,"hasContent":false}],"afterStages":[{"name":"afterTest","time":{"start":1717148237389,"stop":1717148238065,"duration":676},"description":"","status":"passed","steps":[],"attachments":[],"parameters":[],"shouldDisplayMessage":false,"stepsCount":0,"attachmentsCount":0,"hasContent":false}],"labels":[{"name":"package","value":"com.example.teamcity.ui.CreateNewProjectTest"},{"name":"testClass","value":"com.example.teamcity.ui.CreateNewProjectTest"},{"name":"testMethod","value":"authorizedUserShouldNotBeAbleToCreateNewProjectFromPrivateRepository"},{"name":"parentSuite","value":"UI Suite"},{"name":"suite","value":"UI Test"},{"name":"subSuite","value":"com.example.teamcity.ui.CreateNewProjectTest"},{"name":"host","value":"fv-az735-743"},{"name":"thread","value":"4335@fv-az735-743.main(1)"},{"name":"framework","value":"testng"},{"name":"language","value":"java"},{"name":"resultFormat","value":"allure2"}],"parameters":[],"links":[],"hidden":false,"retry":false,"extra":{"severity":"normal","retries":[],"categories":[{"name":"Product defects","matchedStatuses":[],"flaky":false}],"history":{"statistic":{"failed":15,"broken":3,"skipped":0,"passed":0,"unknown":0,"total":18},"items":[{"uid":"4ca433a1b6016782","reportUrl":"https://katerina-klinova.github.io/teamcity-testing-framework/120//#testresult/4ca433a1b6016782","status":"failed","statusDetails":"Element not found {[id=\"error_url\"]}\nExpected: text \"Anonymous authentication has failed. The repository is either private or does not exist\"\nScreenshot: file:/home/runner/work/teamcity-testing-framework/teamcity-testing-framework/target/surefire-reports/1717147544144.0.png\nPage source: file:/home/runner/work/teamcity-testing-framework/teamcity-testing-framework/target/surefire-reports/1717147544144.0.html\nTimeout: 4 s.\nCaused by: NoSuchElementException: Unable to locate element: [id=\"error_url\"]","time":{"start":1717147536072,"stop":1717147544326,"duration":8254}},{"uid":"f50e4487817eddc4","reportUrl":"https://katerina-klinova.github.io/teamcity-testing-framework/119//#testresult/f50e4487817eddc4","status":"failed","statusDetails":"Element not found {[id=\"error_url\"]}\nExpected: text \"Anonymous authentication has failed. The repository is either private or does not exist\"\nScreenshot: file:/home/runner/work/teamcity-testing-framework/teamcity-testing-framework/target/surefire-reports/1717146720951.0.png\nPage source: file:/home/runner/work/teamcity-testing-framework/teamcity-testing-framework/target/surefire-reports/1717146720951.0.html\nTimeout: 4 s.\nCaused by: NoSuchElementException: Unable to locate element: [id=\"error_url\"]","time":{"start":1717146712248,"stop":1717146722222,"duration":9974}},{"uid":"80ba8ae082433d18","reportUrl":"https://katerina-klinova.github.io/teamcity-testing-framework/118//#testresult/80ba8ae082433d18","status":"failed","statusDetails":"Element not found {[id=\"error_url\"]}\nExpected: text \"Anonymous authentication has failed. The repository is either private or does not exist\"\nScreenshot: file:/home/runner/work/teamcity-testing-framework/teamcity-testing-framework/target/surefire-reports/1717145697499.0.png\nPage source: file:/home/runner/work/teamcity-testing-framework/teamcity-testing-framework/target/surefire-reports/1717145697499.0.html\nTimeout: 4 s.\nCaused by: NoSuchElementException: Unable to locate element: [id=\"error_url\"]","time":{"start":1717145688625,"stop":1717145697843,"duration":9218}},{"uid":"567f6e9eef962290","reportUrl":"https://katerina-klinova.github.io/teamcity-testing-framework/104//#testresult/567f6e9eef962290","status":"failed","statusDetails":"Element not found {[id=\"error_url\"]}\nExpected: text \"Anonymous authentication has failed. The repository is either private or does not exist\"\nScreenshot: file:/home/runner/work/teamcity-testing-framework/teamcity-testing-framework/target/surefire-reports/1717143657787.0.png\nPage source: file:/home/runner/work/teamcity-testing-framework/teamcity-testing-framework/target/surefire-reports/1717143657787.0.html\nTimeout: 4 s.\nCaused by: NoSuchElementException: Unable to locate element: [id=\"error_url\"]","time":{"start":1717143648221,"stop":1717143658058,"duration":9837}},{"uid":"5a0d40963d26b89b","reportUrl":"https://katerina-klinova.github.io/teamcity-testing-framework/104//#testresult/5a0d40963d26b89b","status":"failed","statusDetails":"Element not found {[id=\"error_url\"]}\nExpected: text \"Anonymous authentication has failed. The repository is either private or does not exist\"\nScreenshot: file:/home/runner/work/teamcity-testing-framework/teamcity-testing-framework/target/surefire-reports/1717095955270.0.png\nPage source: file:/home/runner/work/teamcity-testing-framework/teamcity-testing-framework/target/surefire-reports/1717095955270.0.html\nTimeout: 4 s.\nCaused by: NoSuchElementException: Unable to locate element: [id=\"error_url\"]","time":{"start":1717095947077,"stop":1717095955597,"duration":8520}},{"uid":"7b42887509216710","reportUrl":"https://katerina-klinova.github.io/teamcity-testing-framework/117//#testresult/7b42887509216710","status":"broken","statusDetails":"com.fasterxml.jackson.databind.exc.UnrecognizedPropertyException: Unrecognized field \"id\" (class com.example.teamcity.api.models.User), not marked as ignorable (4 known properties: \"password\", \"email\", \"roles\", \"username\"])\n at [Source: (String)\"{\"username\":\"user_test_flyekdtkaw\",\"id\":5,\"email\":\"test_MJZGWwTPYc@gmail.com\",\"href\":\"/app/rest/users/id:5\",\"properties\":{\"property\":[{\"name\":\"addTriggeredBuildToFavorites\",\"value\":\"true\"},{\"name\":\"plugin:vcs:anyVcs:anyVcsRoot\",\"value\":\"user_test_flYEkdtkAW\"},{\"name\":\"teamcity.server.buildNumber\",\"value\":\"147412\"}],\"count\":3,\"href\":\"/app/rest/users/id:5/properties\"},\"roles\":{\"role\":[{\"roleId\":\"SYSTEM_ADMIN\",\"scope\":\"g\",\"href\":\"/app/rest/users/id:5/roles/SYSTEM_ADMIN/g\"}]},\"groups\":{\"count\":1,\"gr\"[truncated 147 chars]; line: 1, column: 42] (through reference chain: com.example.teamcity.api.models.User[\"id\"])","time":{"start":1717084955287,"stop":1717084955584,"duration":297}},{"uid":"920015f1bbf3335c","reportUrl":"https://katerina-klinova.github.io/teamcity-testing-framework/116//#testresult/920015f1bbf3335c","status":"broken","statusDetails":"com.fasterxml.jackson.databind.exc.UnrecognizedPropertyException: Unrecognized field \"id\" (class com.example.teamcity.api.models.User), not marked as ignorable (4 known properties: \"password\", \"email\", \"roles\", \"username\"])\n at [Source: (String)\"{\"username\":\"user_test_jxpwqlnorn\",\"id\":5,\"email\":\"test_WwsHQVBhGY@gmail.com\",\"href\":\"/app/rest/users/id:5\",\"properties\":{\"property\":[{\"name\":\"addTriggeredBuildToFavorites\",\"value\":\"true\"},{\"name\":\"plugin:vcs:anyVcs:anyVcsRoot\",\"value\":\"user_test_jXPWqlnOrN\"},{\"name\":\"teamcity.server.buildNumber\",\"value\":\"147412\"}],\"count\":3,\"href\":\"/app/rest/users/id:5/properties\"},\"roles\":{\"role\":[{\"roleId\":\"SYSTEM_ADMIN\",\"scope\":\"g\",\"href\":\"/app/rest/users/id:5/roles/SYSTEM_ADMIN/g\"}]},\"groups\":{\"count\":1,\"gr\"[truncated 147 chars]; line: 1, column: 42] (through reference chain: com.example.teamcity.api.models.User[\"id\"])","time":{"start":1717084382789,"stop":1717084383031,"duration":242}},{"uid":"1d83e178f12d4e07","reportUrl":"https://katerina-klinova.github.io/teamcity-testing-framework/115//#testresult/1d83e178f12d4e07","status":"broken","statusDetails":"com.fasterxml.jackson.databind.exc.UnrecognizedPropertyException: Unrecognized field \"id\" (class com.example.teamcity.api.models.User), not marked as ignorable (4 known properties: \"password\", \"email\", \"roles\", \"username\"])\n at [Source: (String)\"{\"username\":\"user_test_jltqjlqrkw\",\"id\":5,\"email\":\"test_cCwDoSsmhb@gmail.com\",\"href\":\"/app/rest/users/id:5\",\"properties\":{\"property\":[{\"name\":\"addTriggeredBuildToFavorites\",\"value\":\"true\"},{\"name\":\"plugin:vcs:anyVcs:anyVcsRoot\",\"value\":\"user_test_jltQjlqRkw\"},{\"name\":\"teamcity.server.buildNumber\",\"value\":\"147412\"}],\"count\":3,\"href\":\"/app/rest/users/id:5/properties\"},\"roles\":{\"role\":[{\"roleId\":\"SYSTEM_ADMIN\",\"scope\":\"g\",\"href\":\"/app/rest/users/id:5/roles/SYSTEM_ADMIN/g\"}]},\"groups\":{\"count\":1,\"gr\"[truncated 147 chars]; line: 1, column: 42] (through reference chain: com.example.teamcity.api.models.User[\"id\"])","time":{"start":1717083945241,"stop":1717083945588,"duration":347}},{"uid":"7f7aca14643cd4bb","reportUrl":"https://katerina-klinova.github.io/teamcity-testing-framework/114//#testresult/7f7aca14643cd4bb","status":"failed","statusDetails":"Element not found {[id=\"error_url\"]}\nExpected: text \"Anonymous authentication has failed. The repository is either private or does not exist\"\nScreenshot: file:/home/runner/work/teamcity-testing-framework/teamcity-testing-framework/target/surefire-reports/1717081644157.0.png\nPage source: file:/home/runner/work/teamcity-testing-framework/teamcity-testing-framework/target/surefire-reports/1717081644157.0.html\nTimeout: 4 s.\nCaused by: NoSuchElementException: Unable to locate element: [id=\"error_url\"]","time":{"start":1717081635466,"stop":1717081644533,"duration":9067}},{"uid":"72d21db12661047b","reportUrl":"https://katerina-klinova.github.io/teamcity-testing-framework/113//#testresult/72d21db12661047b","status":"failed","statusDetails":"Element not found {[id=\"error_url\"]}\nExpected: text \"Anonymous authentication has failed. The repository is either private or does not exist\"\nScreenshot: file:/home/runner/work/teamcity-testing-framework/teamcity-testing-framework/target/surefire-reports/1717080142841.0.png\nPage source: file:/home/runner/work/teamcity-testing-framework/teamcity-testing-framework/target/surefire-reports/1717080142841.0.html\nTimeout: 4 s.\nCaused by: NoSuchElementException: Unable to locate element: [id=\"error_url\"]","time":{"start":1717080134503,"stop":1717080143114,"duration":8611}},{"uid":"e8a30f52d63b72b0","reportUrl":"https://katerina-klinova.github.io/teamcity-testing-framework/112//#testresult/e8a30f52d63b72b0","status":"failed","statusDetails":"Element not found {[id=\"error_url\"]}\nExpected: text \"Anonymous authentication has failed. The repository is either private or does not exist\"\nScreenshot: file:/home/runner/work/teamcity-testing-framework/teamcity-testing-framework/target/surefire-reports/1717079732052.1.png\nPage source: file:/home/runner/work/teamcity-testing-framework/teamcity-testing-framework/target/surefire-reports/1717079732052.1.html\nTimeout: 4 s.\nCaused by: NoSuchElementException: Unable to locate element: [id=\"error_url\"]","time":{"start":1717079723465,"stop":1717079732220,"duration":8755}},{"uid":"4f8620b2ce2d257f","reportUrl":"https://katerina-klinova.github.io/teamcity-testing-framework/109//#testresult/4f8620b2ce2d257f","status":"failed","statusDetails":"Element not found {[id=\"error_url\"]}\nExpected: text \"Anonymous authentication has failed. The repository is either private or does not exist\"\nScreenshot: file:/home/runner/work/teamcity-testing-framework/teamcity-testing-framework/target/surefire-reports/1717078723531.0.png\nPage source: file:/home/runner/work/teamcity-testing-framework/teamcity-testing-framework/target/surefire-reports/1717078723531.0.html\nTimeout: 4 s.\nCaused by: NoSuchElementException: Unable to locate element: [id=\"error_url\"]","time":{"start":1717078714972,"stop":1717078723704,"duration":8732}},{"uid":"b9abe22b3f5c410b","reportUrl":"https://katerina-klinova.github.io/teamcity-testing-framework/108//#testresult/b9abe22b3f5c410b","status":"failed","statusDetails":"Element not found {[id=\"error_url\"]}\nExpected: text \"Anonymous authentication has failed. The repository is either private or does not exist\"\nScreenshot: file:/home/runner/work/teamcity-testing-framework/teamcity-testing-framework/target/surefire-reports/1717078153395.0.png\nPage source: file:/home/runner/work/teamcity-testing-framework/teamcity-testing-framework/target/surefire-reports/1717078153395.0.html\nTimeout: 4 s.\nCaused by: NoSuchElementException: Unable to locate element: [id=\"error_url\"]","time":{"start":1717078145059,"stop":1717078153700,"duration":8641}},{"uid":"e0bb128648bcd635","reportUrl":"https://katerina-klinova.github.io/teamcity-testing-framework/107//#testresult/e0bb128648bcd635","status":"failed","statusDetails":"Element not found {[id=\"error_url\"]}\nExpected: text \"Anonymous authentication has failed. The repository is either private or does not exist\"\nScreenshot: file:/home/runner/work/teamcity-testing-framework/teamcity-testing-framework/target/surefire-reports/1717077696592.0.png\nPage source: file:/home/runner/work/teamcity-testing-framework/teamcity-testing-framework/target/surefire-reports/1717077696592.0.html\nTimeout: 4 s.\nCaused by: NoSuchElementException: Unable to locate element: [id=\"error_url\"]","time":{"start":1717077688059,"stop":1717077696798,"duration":8739}},{"uid":"cce780b48a0a181f","reportUrl":"https://katerina-klinova.github.io/teamcity-testing-framework/106//#testresult/cce780b48a0a181f","status":"failed","statusDetails":"Element not found {[id=\"error_url\"]}\nExpected: text \"Anonymous authentication has failed. The repository is either private or does not exist\"\nScreenshot: file:/home/runner/work/teamcity-testing-framework/teamcity-testing-framework/target/surefire-reports/1717077070791.0.png\nPage source: file:/home/runner/work/teamcity-testing-framework/teamcity-testing-framework/target/surefire-reports/1717077070791.0.html\nTimeout: 4 s.\nCaused by: NoSuchElementException: Unable to locate element: [id=\"error_url\"]","time":{"start":1717077061318,"stop":1717077071099,"duration":9781}},{"uid":"b6ffc0cd26260b28","reportUrl":"https://katerina-klinova.github.io/teamcity-testing-framework/105//#testresult/b6ffc0cd26260b28","status":"failed","statusDetails":"Element not found {[id=\"error_url\"]}\nExpected: text \"Anonymous authentication has failed. The repository is either private or does not exist\"\nScreenshot: file:/home/runner/work/teamcity-testing-framework/teamcity-testing-framework/target/surefire-reports/1717075679116.0.png\nPage source: file:/home/runner/work/teamcity-testing-framework/teamcity-testing-framework/target/surefire-reports/1717075679116.0.html\nTimeout: 4 s.\nCaused by: NoSuchElementException: Unable to locate element: [id=\"error_url\"]","time":{"start":1717075670103,"stop":1717075680260,"duration":10157}},{"uid":"90bd8e51a0a8ff0e","reportUrl":"https://katerina-klinova.github.io/teamcity-testing-framework/104//#testresult/90bd8e51a0a8ff0e","status":"failed","statusDetails":"Element not found {[id=\"error_url\"]}\nExpected: text \"Anonymous authentication has failed. The repository is either private or does not exist\"\nScreenshot: file:/home/runner/work/teamcity-testing-framework/teamcity-testing-framework/target/surefire-reports/1717074967673.0.png\nPage source: file:/home/runner/work/teamcity-testing-framework/teamcity-testing-framework/target/surefire-reports/1717074967673.0.html\nTimeout: 4 s.\nCaused by: NoSuchElementException: Unable to locate element: [id=\"error_url\"]","time":{"start":1717074958970,"stop":1717074968438,"duration":9468}}]},"tags":[]},"source":"e833a9794b9823c1.json","parameterValues":[]}