{"uid":"2d27d11de2c5b4f4","name":"projectAdminShouldNotHaveRightsToCreateBuildConfigToAnotherProject","fullName":"com.example.teamcity.api.RolesTest.projectAdminShouldNotHaveRightsToCreateBuildConfigToAnotherProject","historyId":"3015efe1cf857d34767aefd598dc847b","time":{"start":1717330819429,"stop":1717330819844,"duration":415},"status":"failed","statusMessage":"1 expectation failed.\nResponse body doesn't match expectation.\nExpected: a string containing \"You do not have enough permissions to access project with internal id: project\"\n  Actual: Responding with error, status code: 403 (Forbidden).\nDetails: jetbrains.buildServer.serverSide.auth.AccessDeniedException: You do not have enough permissions to edit project with id: ProjectIdTestrpmUwNXRGV\nAccess denied. Check the user has enough permissions to perform the operation.\n","statusTrace":"java.lang.AssertionError: 1 expectation failed.\nResponse body doesn't match expectation.\nExpected: a string containing \"You do not have enough permissions to access project with internal id: project\"\n  Actual: Responding with error, status code: 403 (Forbidden).\nDetails: jetbrains.buildServer.serverSide.auth.AccessDeniedException: You do not have enough permissions to edit project with id: ProjectIdTestrpmUwNXRGV\nAccess denied. Check the user has enough permissions to perform the operation.\n\n\tat java.base/jdk.internal.reflect.NativeConstructorAccessorImpl.newInstance0(Native Method)\n\tat java.base/jdk.internal.reflect.NativeConstructorAccessorImpl.newInstance(NativeConstructorAccessorImpl.java:77)\n\tat java.base/jdk.internal.reflect.DelegatingConstructorAccessorImpl.newInstance(DelegatingConstructorAccessorImpl.java:45)\n\tat java.base/java.lang.reflect.Constructor.newInstanceWithCaller(Constructor.java:499)\n\tat java.base/java.lang.reflect.Constructor.newInstance(Constructor.java:480)\n\tat org.codehaus.groovy.reflection.CachedConstructor.invoke(CachedConstructor.java:73)\n\tat org.codehaus.groovy.runtime.callsite.ConstructorSite$ConstructorSiteNoUnwrapNoCoerce.callConstructor(ConstructorSite.java:108)\n\tat org.codehaus.groovy.runtime.callsite.AbstractCallSite.callConstructor(AbstractCallSite.java:277)\n\tat io.restassured.internal.ResponseSpecificationImpl$HamcrestAssertionClosure.validate(ResponseSpecificationImpl.groovy:512)\n\tat io.restassured.internal.ResponseSpecificationImpl$HamcrestAssertionClosure$validate$1.call(Unknown Source)\n\tat io.restassured.internal.ResponseSpecificationImpl.validateResponseIfRequired(ResponseSpecificationImpl.groovy:696)\n\tat io.restassured.internal.ResponseSpecificationImpl.this$2$validateResponseIfRequired(ResponseSpecificationImpl.groovy)\n\tat jdk.internal.reflect.GeneratedMethodAccessor187.invoke(Unknown Source)\n\tat java.base/jdk.internal.reflect.DelegatingMethodAccessorImpl.invoke(DelegatingMethodAccessorImpl.java:43)\n\tat java.base/java.lang.reflect.Method.invoke(Method.java:568)\n\tat org.codehaus.groovy.runtime.callsite.PlainObjectMetaMethodSite.doInvoke(PlainObjectMetaMethodSite.java:43)\n\tat org.codehaus.groovy.runtime.callsite.PogoMetaMethodSite$PogoCachedMethodSiteNoUnwrapNoCoerce.invoke(PogoMetaMethodSite.java:198)\n\tat org.codehaus.groovy.runtime.callsite.PogoMetaMethodSite.callCurrent(PogoMetaMethodSite.java:62)\n\tat org.codehaus.groovy.runtime.callsite.AbstractCallSite.callCurrent(AbstractCallSite.java:185)\n\tat io.restassured.internal.ResponseSpecificationImpl.body(ResponseSpecificationImpl.groovy:107)\n\tat io.restassured.internal.ValidatableResponseOptionsImpl.body(ValidatableResponseOptionsImpl.java:238)\n\tat com.example.teamcity.api.RolesTest.projectAdminShouldNotHaveRightsToCreateBuildConfigToAnotherProject(RolesTest.java:98)\n\tat java.base/jdk.internal.reflect.NativeMethodAccessorImpl.invoke0(Native Method)\n\tat java.base/jdk.internal.reflect.NativeMethodAccessorImpl.invoke(NativeMethodAccessorImpl.java:77)\n\tat java.base/jdk.internal.reflect.DelegatingMethodAccessorImpl.invoke(DelegatingMethodAccessorImpl.java:43)\n\tat java.base/java.lang.reflect.Method.invoke(Method.java:568)\n\tat org.testng.internal.invokers.MethodInvocationHelper.invokeMethod(MethodInvocationHelper.java:139)\n\tat org.testng.internal.invokers.TestInvoker.invokeMethod(TestInvoker.java:677)\n\tat org.testng.internal.invokers.TestInvoker.invokeTestMethod(TestInvoker.java:221)\n\tat org.testng.internal.invokers.MethodRunner.runInSequence(MethodRunner.java:50)\n\tat org.testng.internal.invokers.TestInvoker$MethodInvocationAgent.invoke(TestInvoker.java:969)\n\tat org.testng.internal.invokers.TestInvoker.invokeTestMethods(TestInvoker.java:194)\n\tat org.testng.internal.invokers.TestMethodWorker.invokeTestMethods(TestMethodWorker.java:148)\n\tat org.testng.internal.invokers.TestMethodWorker.run(TestMethodWorker.java:128)\n\tat java.base/java.util.ArrayList.forEach(ArrayList.java:1511)\n\tat org.testng.TestRunner.privateRun(TestRunner.java:829)\n\tat org.testng.TestRunner.run(TestRunner.java:602)\n\tat org.testng.SuiteRunner.runTest(SuiteRunner.java:437)\n\tat org.testng.SuiteRunner.runSequentially(SuiteRunner.java:431)\n\tat org.testng.SuiteRunner.privateRun(SuiteRunner.java:391)\n\tat org.testng.SuiteRunner.run(SuiteRunner.java:330)\n\tat org.testng.SuiteRunnerWorker.runSuite(SuiteRunnerWorker.java:52)\n\tat org.testng.SuiteRunnerWorker.run(SuiteRunnerWorker.java:95)\n\tat org.testng.TestNG.runSuitesSequentially(TestNG.java:1256)\n\tat org.testng.TestNG.runSuitesLocally(TestNG.java:1176)\n\tat org.testng.TestNG.runSuites(TestNG.java:1099)\n\tat org.testng.TestNG.run(TestNG.java:1067)\n\tat org.apache.maven.surefire.testng.TestNGExecutor.run(TestNGExecutor.java:283)\n\tat org.apache.maven.surefire.testng.TestNGXmlTestSuite.execute(TestNGXmlTestSuite.java:75)\n\tat org.apache.maven.surefire.testng.TestNGProvider.invoke(TestNGProvider.java:120)\n\tat org.apache.maven.surefire.booter.ForkedBooter.invokeProviderInSameClassLoader(ForkedBooter.java:384)\n\tat org.apache.maven.surefire.booter.ForkedBooter.runSuitesInProcess(ForkedBooter.java:345)\n\tat org.apache.maven.surefire.booter.ForkedBooter.execute(ForkedBooter.java:126)\n\tat org.apache.maven.surefire.booter.ForkedBooter.main(ForkedBooter.java:418)\n","flaky":false,"newFailed":false,"newBroken":false,"newPassed":false,"retriesCount":0,"retriesStatusChange":false,"beforeStages":[{"name":"beforeTest","time":{"start":1717330819428,"stop":1717330819428,"duration":0},"description":"","status":"passed","steps":[],"attachments":[],"parameters":[],"shouldDisplayMessage":false,"stepsCount":0,"attachmentsCount":0,"hasContent":false}],"afterStages":[{"name":"afterTest","time":{"start":1717330819846,"stop":1717330820341,"duration":495},"description":"","status":"passed","steps":[],"attachments":[],"parameters":[],"shouldDisplayMessage":false,"stepsCount":0,"attachmentsCount":0,"hasContent":false}],"labels":[{"name":"package","value":"com.example.teamcity.api.RolesTest"},{"name":"testClass","value":"com.example.teamcity.api.RolesTest"},{"name":"testMethod","value":"projectAdminShouldNotHaveRightsToCreateBuildConfigToAnotherProject"},{"name":"parentSuite","value":"API Suite"},{"name":"suite","value":"API Test"},{"name":"subSuite","value":"com.example.teamcity.api.RolesTest"},{"name":"host","value":"fv-az735-743"},{"name":"thread","value":"4512@fv-az735-743.main(1)"},{"name":"framework","value":"testng"},{"name":"language","value":"java"},{"name":"resultFormat","value":"allure2"}],"parameters":[],"links":[],"hidden":false,"retry":false,"extra":{"severity":"normal","retries":[],"categories":[{"name":"Product defects","matchedStatuses":[],"flaky":false}],"history":{"statistic":{"failed":3,"broken":0,"skipped":2,"passed":0,"unknown":0,"total":5},"items":[{"uid":"97cbf318fdcc76c0","reportUrl":"https://katerina-klinova.github.io/teamcity-testing-framework/139//#testresult/97cbf318fdcc76c0","status":"failed","statusDetails":"1 expectation failed.\nResponse body doesn't match expectation.\nExpected: a string containing \"You do not have enough permissions to access project with internal id: project\"\n  Actual: Responding with error, status code: 403 (Forbidden).\nDetails: jetbrains.buildServer.serverSide.auth.AccessDeniedException: You do not have enough permissions to edit project with id: ProjectIdTestHgatnXbNgO\nAccess denied. Check the user has enough permissions to perform the operation.\n","time":{"start":1717329074908,"stop":1717329075234,"duration":326}},{"uid":"37215f1aeadf9190","reportUrl":"https://katerina-klinova.github.io/teamcity-testing-framework/127//#testresult/37215f1aeadf9190","status":"failed","statusDetails":"1 expectation failed.\nResponse body doesn't match expectation.\nExpected: a string containing \"You do not have enough permissions to access project with internal id: project\"\n  Actual: Responding with error, status code: 403 (Forbidden).\nDetails: jetbrains.buildServer.serverSide.auth.AccessDeniedException: You do not have enough permissions to edit project with id: ProjectIdTestQhELvKoYwS\nAccess denied. Check the user has enough permissions to perform the operation.\n","time":{"start":1717327091813,"stop":1717327092136,"duration":323}},{"uid":"aaa8df54191df8d8","reportUrl":"https://katerina-klinova.github.io/teamcity-testing-framework/136//#testresult/aaa8df54191df8d8","status":"skipped","statusDetails":"Connection timed out","time":{"start":1717326822064,"stop":1717326822064,"duration":0}},{"uid":"737325c2e9c028be","reportUrl":"https://katerina-klinova.github.io/teamcity-testing-framework/136//#testresult/737325c2e9c028be","status":"skipped","statusDetails":"Connection timed out","time":{"start":1717325885748,"stop":1717325885748,"duration":0}}]},"tags":[]},"source":"2d27d11de2c5b4f4.json","parameterValues":[]}