{"uid":"e0a34d5163629066","name":"Project Admin should not be able to create a build config to a project they are not assigned to","fullName":"com.teamcity.api.RolesTest.projectAdminShouldNotHaveRightsToCreateBuildConfigToAnotherProject","historyId":"245bce7a1bbdd3af95193938adee7245","time":{"start":1719162772178,"stop":1719162772610,"duration":432},"status":"failed","statusMessage":"1 expectation failed.\nResponse body doesn't match expectation.\nExpected: a string containing \"You do not have enough permissions to access project with internal id: project\"\n  Actual: Responding with error, status code: 403 (Forbidden).\nDetails: jetbrains.buildServer.serverSide.auth.AccessDeniedException: You do not have enough permissions to edit project with id: TestmnqqTVenEu\nAccess denied. Check the user has enough permissions to perform the operation.\n","statusTrace":"java.lang.AssertionError: 1 expectation failed.\nResponse body doesn't match expectation.\nExpected: a string containing \"You do not have enough permissions to access project with internal id: project\"\n  Actual: Responding with error, status code: 403 (Forbidden).\nDetails: jetbrains.buildServer.serverSide.auth.AccessDeniedException: You do not have enough permissions to edit project with id: TestmnqqTVenEu\nAccess denied. Check the user has enough permissions to perform the operation.\n\n\tat java.base/jdk.internal.reflect.NativeConstructorAccessorImpl.newInstance0(Native Method)\n\tat java.base/jdk.internal.reflect.NativeConstructorAccessorImpl.newInstance(NativeConstructorAccessorImpl.java:77)\n\tat java.base/jdk.internal.reflect.DelegatingConstructorAccessorImpl.newInstance(DelegatingConstructorAccessorImpl.java:45)\n\tat java.base/java.lang.reflect.Constructor.newInstanceWithCaller(Constructor.java:499)\n\tat java.base/java.lang.reflect.Constructor.newInstance(Constructor.java:480)\n\tat org.codehaus.groovy.reflection.CachedConstructor.invoke(CachedConstructor.java:73)\n\tat org.codehaus.groovy.runtime.callsite.ConstructorSite$ConstructorSiteNoUnwrapNoCoerce.callConstructor(ConstructorSite.java:108)\n\tat org.codehaus.groovy.runtime.callsite.AbstractCallSite.callConstructor(AbstractCallSite.java:277)\n\tat io.restassured.internal.ResponseSpecificationImpl$HamcrestAssertionClosure.validate(ResponseSpecificationImpl.groovy:512)\n\tat io.restassured.internal.ResponseSpecificationImpl$HamcrestAssertionClosure$validate$1.call(Unknown Source)\n\tat io.restassured.internal.ResponseSpecificationImpl.validateResponseIfRequired(ResponseSpecificationImpl.groovy:696)\n\tat io.restassured.internal.ResponseSpecificationImpl.this$2$validateResponseIfRequired(ResponseSpecificationImpl.groovy)\n\tat jdk.internal.reflect.GeneratedMethodAccessor254.invoke(Unknown Source)\n\tat java.base/jdk.internal.reflect.DelegatingMethodAccessorImpl.invoke(DelegatingMethodAccessorImpl.java:43)\n\tat java.base/java.lang.reflect.Method.invoke(Method.java:568)\n\tat org.codehaus.groovy.runtime.callsite.PlainObjectMetaMethodSite.doInvoke(PlainObjectMetaMethodSite.java:43)\n\tat org.codehaus.groovy.runtime.callsite.PogoMetaMethodSite$PogoCachedMethodSiteNoUnwrapNoCoerce.invoke(PogoMetaMethodSite.java:198)\n\tat org.codehaus.groovy.runtime.callsite.PogoMetaMethodSite.callCurrent(PogoMetaMethodSite.java:62)\n\tat org.codehaus.groovy.runtime.callsite.AbstractCallSite.callCurrent(AbstractCallSite.java:185)\n\tat io.restassured.internal.ResponseSpecificationImpl.body(ResponseSpecificationImpl.groovy:107)\n\tat io.restassured.internal.ValidatableResponseOptionsImpl.body(ValidatableResponseOptionsImpl.java:238)\n\tat com.teamcity.api.RolesTest.projectAdminShouldNotHaveRightsToCreateBuildConfigToAnotherProject(RolesTest.java:102)\n\tat java.base/jdk.internal.reflect.NativeMethodAccessorImpl.invoke0(Native Method)\n\tat java.base/jdk.internal.reflect.NativeMethodAccessorImpl.invoke(NativeMethodAccessorImpl.java:77)\n\tat java.base/jdk.internal.reflect.DelegatingMethodAccessorImpl.invoke(DelegatingMethodAccessorImpl.java:43)\n\tat java.base/java.lang.reflect.Method.invoke(Method.java:568)\n\tat org.testng.internal.invokers.MethodInvocationHelper.invokeMethod(MethodInvocationHelper.java:139)\n\tat org.testng.internal.invokers.TestInvoker.invokeMethod(TestInvoker.java:664)\n\tat org.testng.internal.invokers.TestInvoker.retryFailed(TestInvoker.java:248)\n\tat org.testng.internal.invokers.MethodRunner.runInSequence(MethodRunner.java:62)\n\tat org.testng.internal.invokers.TestInvoker$MethodInvocationAgent.invoke(TestInvoker.java:957)\n\tat org.testng.internal.invokers.TestInvoker.invokeTestMethods(TestInvoker.java:200)\n\tat org.testng.internal.invokers.TestMethodWorker.invokeTestMethods(TestMethodWorker.java:148)\n\tat org.testng.internal.invokers.TestMethodWorker.run(TestMethodWorker.java:128)\n\tat java.base/java.util.ArrayList.forEach(ArrayList.java:1511)\n\tat org.testng.TestRunner.privateRun(TestRunner.java:848)\n\tat org.testng.TestRunner.run(TestRunner.java:621)\n\tat org.testng.SuiteRunner.runTest(SuiteRunner.java:443)\n\tat org.testng.SuiteRunner.runSequentially(SuiteRunner.java:437)\n\tat org.testng.SuiteRunner.privateRun(SuiteRunner.java:397)\n\tat org.testng.SuiteRunner.run(SuiteRunner.java:336)\n\tat org.testng.SuiteRunnerWorker.runSuite(SuiteRunnerWorker.java:52)\n\tat org.testng.SuiteRunnerWorker.run(SuiteRunnerWorker.java:95)\n\tat org.testng.TestNG.runSuitesSequentially(TestNG.java:1280)\n\tat org.testng.TestNG.runSuitesLocally(TestNG.java:1200)\n\tat org.testng.TestNG.runSuites(TestNG.java:1114)\n\tat org.testng.TestNG.run(TestNG.java:1082)\n\tat org.apache.maven.surefire.testng.TestNGExecutor.run(TestNGExecutor.java:308)\n\tat org.apache.maven.surefire.testng.TestNGXmlTestSuite.execute(TestNGXmlTestSuite.java:71)\n\tat org.apache.maven.surefire.testng.TestNGProvider.invoke(TestNGProvider.java:113)\n\tat org.apache.maven.surefire.booter.ForkedBooter.runSuitesInProcess(ForkedBooter.java:385)\n\tat org.apache.maven.surefire.booter.ForkedBooter.execute(ForkedBooter.java:162)\n\tat org.apache.maven.surefire.booter.ForkedBooter.run(ForkedBooter.java:507)\n\tat org.apache.maven.surefire.booter.ForkedBooter.main(ForkedBooter.java:495)\n","flaky":false,"newFailed":false,"newBroken":false,"newPassed":false,"retriesCount":1,"retriesStatusChange":true,"beforeStages":[{"name":"generateBaseTestData","time":{"start":1719162772176,"stop":1719162772176,"duration":0},"description":"","status":"passed","steps":[],"attachments":[],"parameters":[],"shouldDisplayMessage":false,"stepsCount":0,"attachmentsCount":0,"hasContent":false}],"testStage":{"status":"failed","statusMessage":"1 expectation failed.\nResponse body doesn't match expectation.\nExpected: a string containing \"You do not have enough permissions to access project with internal id: project\"\n  Actual: Responding with error, status code: 403 (Forbidden).\nDetails: jetbrains.buildServer.serverSide.auth.AccessDeniedException: You do not have enough permissions to edit project with id: TestmnqqTVenEu\nAccess denied. Check the user has enough permissions to perform the operation.\n","statusTrace":"java.lang.AssertionError: 1 expectation failed.\nResponse body doesn't match expectation.\nExpected: a string containing \"You do not have enough permissions to access project with internal id: project\"\n  Actual: Responding with error, status code: 403 (Forbidden).\nDetails: jetbrains.buildServer.serverSide.auth.AccessDeniedException: You do not have enough permissions to edit project with id: TestmnqqTVenEu\nAccess denied. Check the user has enough permissions to perform the operation.\n\n\tat java.base/jdk.internal.reflect.NativeConstructorAccessorImpl.newInstance0(Native Method)\n\tat java.base/jdk.internal.reflect.NativeConstructorAccessorImpl.newInstance(NativeConstructorAccessorImpl.java:77)\n\tat java.base/jdk.internal.reflect.DelegatingConstructorAccessorImpl.newInstance(DelegatingConstructorAccessorImpl.java:45)\n\tat java.base/java.lang.reflect.Constructor.newInstanceWithCaller(Constructor.java:499)\n\tat java.base/java.lang.reflect.Constructor.newInstance(Constructor.java:480)\n\tat org.codehaus.groovy.reflection.CachedConstructor.invoke(CachedConstructor.java:73)\n\tat org.codehaus.groovy.runtime.callsite.ConstructorSite$ConstructorSiteNoUnwrapNoCoerce.callConstructor(ConstructorSite.java:108)\n\tat org.codehaus.groovy.runtime.callsite.AbstractCallSite.callConstructor(AbstractCallSite.java:277)\n\tat io.restassured.internal.ResponseSpecificationImpl$HamcrestAssertionClosure.validate(ResponseSpecificationImpl.groovy:512)\n\tat io.restassured.internal.ResponseSpecificationImpl$HamcrestAssertionClosure$validate$1.call(Unknown Source)\n\tat io.restassured.internal.ResponseSpecificationImpl.validateResponseIfRequired(ResponseSpecificationImpl.groovy:696)\n\tat io.restassured.internal.ResponseSpecificationImpl.this$2$validateResponseIfRequired(ResponseSpecificationImpl.groovy)\n\tat jdk.internal.reflect.GeneratedMethodAccessor254.invoke(Unknown Source)\n\tat java.base/jdk.internal.reflect.DelegatingMethodAccessorImpl.invoke(DelegatingMethodAccessorImpl.java:43)\n\tat java.base/java.lang.reflect.Method.invoke(Method.java:568)\n\tat org.codehaus.groovy.runtime.callsite.PlainObjectMetaMethodSite.doInvoke(PlainObjectMetaMethodSite.java:43)\n\tat org.codehaus.groovy.runtime.callsite.PogoMetaMethodSite$PogoCachedMethodSiteNoUnwrapNoCoerce.invoke(PogoMetaMethodSite.java:198)\n\tat org.codehaus.groovy.runtime.callsite.PogoMetaMethodSite.callCurrent(PogoMetaMethodSite.java:62)\n\tat org.codehaus.groovy.runtime.callsite.AbstractCallSite.callCurrent(AbstractCallSite.java:185)\n\tat io.restassured.internal.ResponseSpecificationImpl.body(ResponseSpecificationImpl.groovy:107)\n\tat io.restassured.internal.ValidatableResponseOptionsImpl.body(ValidatableResponseOptionsImpl.java:238)\n\tat com.teamcity.api.RolesTest.projectAdminShouldNotHaveRightsToCreateBuildConfigToAnotherProject(RolesTest.java:102)\n\tat java.base/jdk.internal.reflect.NativeMethodAccessorImpl.invoke0(Native Method)\n\tat java.base/jdk.internal.reflect.NativeMethodAccessorImpl.invoke(NativeMethodAccessorImpl.java:77)\n\tat java.base/jdk.internal.reflect.DelegatingMethodAccessorImpl.invoke(DelegatingMethodAccessorImpl.java:43)\n\tat java.base/java.lang.reflect.Method.invoke(Method.java:568)\n\tat org.testng.internal.invokers.MethodInvocationHelper.invokeMethod(MethodInvocationHelper.java:139)\n\tat org.testng.internal.invokers.TestInvoker.invokeMethod(TestInvoker.java:664)\n\tat org.testng.internal.invokers.TestInvoker.retryFailed(TestInvoker.java:248)\n\tat org.testng.internal.invokers.MethodRunner.runInSequence(MethodRunner.java:62)\n\tat org.testng.internal.invokers.TestInvoker$MethodInvocationAgent.invoke(TestInvoker.java:957)\n\tat org.testng.internal.invokers.TestInvoker.invokeTestMethods(TestInvoker.java:200)\n\tat org.testng.internal.invokers.TestMethodWorker.invokeTestMethods(TestMethodWorker.java:148)\n\tat org.testng.internal.invokers.TestMethodWorker.run(TestMethodWorker.java:128)\n\tat java.base/java.util.ArrayList.forEach(ArrayList.java:1511)\n\tat org.testng.TestRunner.privateRun(TestRunner.java:848)\n\tat org.testng.TestRunner.run(TestRunner.java:621)\n\tat org.testng.SuiteRunner.runTest(SuiteRunner.java:443)\n\tat org.testng.SuiteRunner.runSequentially(SuiteRunner.java:437)\n\tat org.testng.SuiteRunner.privateRun(SuiteRunner.java:397)\n\tat org.testng.SuiteRunner.run(SuiteRunner.java:336)\n\tat org.testng.SuiteRunnerWorker.runSuite(SuiteRunnerWorker.java:52)\n\tat org.testng.SuiteRunnerWorker.run(SuiteRunnerWorker.java:95)\n\tat org.testng.TestNG.runSuitesSequentially(TestNG.java:1280)\n\tat org.testng.TestNG.runSuitesLocally(TestNG.java:1200)\n\tat org.testng.TestNG.runSuites(TestNG.java:1114)\n\tat org.testng.TestNG.run(TestNG.java:1082)\n\tat org.apache.maven.surefire.testng.TestNGExecutor.run(TestNGExecutor.java:308)\n\tat org.apache.maven.surefire.testng.TestNGXmlTestSuite.execute(TestNGXmlTestSuite.java:71)\n\tat org.apache.maven.surefire.testng.TestNGProvider.invoke(TestNGProvider.java:113)\n\tat org.apache.maven.surefire.booter.ForkedBooter.runSuitesInProcess(ForkedBooter.java:385)\n\tat org.apache.maven.surefire.booter.ForkedBooter.execute(ForkedBooter.java:162)\n\tat org.apache.maven.surefire.booter.ForkedBooter.run(ForkedBooter.java:507)\n\tat org.apache.maven.surefire.booter.ForkedBooter.main(ForkedBooter.java:495)\n","steps":[{"name":"Create NewProjectDescription(id=TestmnqqTVenEu, name=TestHsJWsYhYxv, parentProject=Project(id=null, name=null, locator=_Root))","time":{"start":1719162772178,"stop":1719162772257,"duration":79},"status":"passed","steps":[],"attachments":[{"uid":"d9f1b86a7ae98bd2","name":"Request","source":"d9f1b86a7ae98bd2.html","type":"text/html","size":1096},{"uid":"e64c30a665d51a9e","name":"HTTP/1.1 200 ","source":"e64c30a665d51a9e.html","type":"text/html","size":2218}],"parameters":[{"name":"model","value":"NewProjectDescription(id=TestmnqqTVenEu, name=TestHsJWsYhYxv, parentProject=Project(id=null, name=null, locator=_Root))"}],"shouldDisplayMessage":false,"stepsCount":0,"attachmentsCount":2,"hasContent":true},{"name":"Create NewProjectDescription(id=TestBevqqGjDQh, name=TestYdyKRSFDdX, parentProject=Project(id=null, name=null, locator=_Root))","time":{"start":1719162772259,"stop":1719162772334,"duration":75},"status":"passed","steps":[],"attachments":[{"uid":"4f5d24791bde3b1e","name":"Request","source":"4f5d24791bde3b1e.html","type":"text/html","size":1096},{"uid":"bebc1de1fabc401c","name":"HTTP/1.1 200 ","source":"bebc1de1fabc401c.html","type":"text/html","size":2218}],"parameters":[{"name":"model","value":"NewProjectDescription(id=TestBevqqGjDQh, name=TestYdyKRSFDdX, parentProject=Project(id=null, name=null, locator=_Root))"}],"shouldDisplayMessage":false,"stepsCount":0,"attachmentsCount":2,"hasContent":true},{"name":"Create User(id=null, username=TestzURhAoSemO, email=TestLtJdKfIXfZ, password=TestmLhPaluvmu, roles=Roles(role=[Role(roleId=PROJECT_ADMIN, scope=p:TestmnqqTVenEu)]))","time":{"start":1719162772336,"stop":1719162772433,"duration":97},"status":"passed","steps":[],"attachments":[{"uid":"fa326add6ce9e537","name":"Request","source":"fa326add6ce9e537.html","type":"text/html","size":1416},{"uid":"47a7568956c392d1","name":"HTTP/1.1 200 ","source":"47a7568956c392d1.html","type":"text/html","size":2169}],"parameters":[{"name":"model","value":"User(id=null, username=TestzURhAoSemO, email=TestLtJdKfIXfZ, password=TestmLhPaluvmu, roles=Roles(role=[Role(roleId=PROJECT_ADMIN, scope=p:TestmnqqTVenEu)]))"}],"shouldDisplayMessage":false,"stepsCount":0,"attachmentsCount":2,"hasContent":true},{"name":"Create User(id=null, username=TestEzUbbsCrin, email=TestSCzUKMSRVf, password=TestVLVZreoFVX, roles=Roles(role=[Role(roleId=PROJECT_ADMIN, scope=p:TestBevqqGjDQh)]))","time":{"start":1719162772437,"stop":1719162772535,"duration":98},"status":"passed","steps":[],"attachments":[{"uid":"34a218b95dd7b15e","name":"Request","source":"34a218b95dd7b15e.html","type":"text/html","size":1416},{"uid":"33581979555fd3c2","name":"HTTP/1.1 200 ","source":"33581979555fd3c2.html","type":"text/html","size":2169}],"parameters":[{"name":"model","value":"User(id=null, username=TestEzUbbsCrin, email=TestSCzUKMSRVf, password=TestVLVZreoFVX, roles=Roles(role=[Role(roleId=PROJECT_ADMIN, scope=p:TestBevqqGjDQh)]))"}],"shouldDisplayMessage":false,"stepsCount":0,"attachmentsCount":2,"hasContent":true},{"name":"Create BuildType(id=TestOfVSRMgcOT, name=TestfLQOfhwItA, project=NewProjectDescription(id=TestmnqqTVenEu, name=TestHsJWsYhYxv, parentProject=Project(id=null, name=null, locator=_Root)), steps=null)","time":{"start":1719162772539,"stop":1719162772609,"duration":70},"status":"passed","steps":[],"attachments":[{"uid":"b026ab28c5f3255e","name":"Request","source":"b026ab28c5f3255e.html","type":"text/html","size":1494},{"uid":"585109a5fb5bcc9c","name":"HTTP/1.1 403 ","source":"585109a5fb5bcc9c.html","type":"text/html","size":844}],"parameters":[{"name":"model","value":"BuildType(id=TestOfVSRMgcOT, name=TestfLQOfhwItA, project=NewProjectDescription(id=TestmnqqTVenEu, name=TestHsJWsYhYxv, parentProject=Project(id=null, name=null, locator=_Root)), steps=null)"}],"shouldDisplayMessage":false,"stepsCount":0,"attachmentsCount":2,"hasContent":true}],"attachments":[],"parameters":[],"shouldDisplayMessage":true,"stepsCount":5,"attachmentsCount":10,"hasContent":true},"afterStages":[{"name":"deleteCreatedEntities","time":{"start":1719162772619,"stop":1719162772891,"duration":272},"description":"","status":"passed","steps":[{"name":"Delete 8","time":{"start":1719162772621,"stop":1719162772683,"duration":62},"status":"passed","steps":[],"attachments":[{"uid":"388b5d5b281afae","name":"Request","source":"388b5d5b281afae.html","type":"text/html","size":523},{"uid":"6573ee797753adfe","name":"HTTP/1.1 204 ","source":"6573ee797753adfe.html","type":"text/html","size":478}],"parameters":[{"name":"id","value":"8"}],"shouldDisplayMessage":false,"stepsCount":0,"attachmentsCount":2,"hasContent":true},{"name":"Delete 9","time":{"start":1719162772685,"stop":1719162772786,"duration":101},"status":"passed","steps":[],"attachments":[{"uid":"78714d25becca01e","name":"Request","source":"78714d25becca01e.html","type":"text/html","size":523},{"uid":"d83390204578a873","name":"HTTP/1.1 204 ","source":"d83390204578a873.html","type":"text/html","size":478}],"parameters":[{"name":"id","value":"9"}],"shouldDisplayMessage":false,"stepsCount":0,"attachmentsCount":2,"hasContent":true},{"name":"Delete TestmnqqTVenEu","time":{"start":1719162772787,"stop":1719162772838,"duration":51},"status":"passed","steps":[],"attachments":[{"uid":"ed7cdf8350570c8f","name":"Request","source":"ed7cdf8350570c8f.html","type":"text/html","size":555},{"uid":"b74405c77aeec107","name":"HTTP/1.1 204 ","source":"b74405c77aeec107.html","type":"text/html","size":478}],"parameters":[{"name":"id","value":"TestmnqqTVenEu"}],"shouldDisplayMessage":false,"stepsCount":0,"attachmentsCount":2,"hasContent":true},{"name":"Delete TestBevqqGjDQh","time":{"start":1719162772839,"stop":1719162772891,"duration":52},"status":"passed","steps":[],"attachments":[{"uid":"af882ccd7d1b283a","name":"Request","source":"af882ccd7d1b283a.html","type":"text/html","size":555},{"uid":"e6d03f0ac5ca0798","name":"HTTP/1.1 204 ","source":"e6d03f0ac5ca0798.html","type":"text/html","size":478}],"parameters":[{"name":"id","value":"TestBevqqGjDQh"}],"shouldDisplayMessage":false,"stepsCount":0,"attachmentsCount":2,"hasContent":true}],"attachments":[],"parameters":[],"shouldDisplayMessage":false,"stepsCount":4,"attachmentsCount":8,"hasContent":true}],"labels":[{"name":"package","value":"com.teamcity.api.RolesTest"},{"name":"testClass","value":"com.teamcity.api.RolesTest"},{"name":"testMethod","value":"projectAdminShouldNotHaveRightsToCreateBuildConfigToAnotherProject"},{"name":"parentSuite","value":"API Suite"},{"name":"suite","value":"API Test"},{"name":"subSuite","value":"com.teamcity.api.RolesTest"},{"name":"host","value":"fv-az1391-770"},{"name":"thread","value":"4480@fv-az1391-770.main(1)"},{"name":"framework","value":"testng"},{"name":"language","value":"java"},{"name":"resultFormat","value":"allure2"}],"parameters":[],"links":[],"hidden":false,"retry":false,"extra":{"severity":"normal","retries":[{"uid":"102a85a75f47c218","status":"skipped","statusDetails":"1 expectation failed.\nResponse body doesn't match expectation.\nExpected: a string containing \"You do not have enough permissions to access project with internal id: project\"\n  Actual: Responding with error, status code: 403 (Forbidden).\nDetails: jetbrains.buildServer.serverSide.auth.AccessDeniedException: You do not have enough permissions to edit project with id: TestvesEkxUHAo\nAccess denied. Check the user has enough permissions to perform the operation.\n","time":{"start":1719162770941,"stop":1719162771953,"duration":1012}}],"categories":[{"name":"Product defects","matchedStatuses":[],"flaky":false}],"history":{"statistic":{"failed":3,"broken":0,"skipped":0,"passed":0,"unknown":0,"total":3},"items":[{"uid":"fafe3e3268f2014d","reportUrl":"https://katerina-klinova.github.io/teamcity-testing-framework/154//#testresult/fafe3e3268f2014d","status":"failed","statusDetails":"1 expectation failed.\nResponse body doesn't match expectation.\nExpected: a string containing \"You do not have enough permissions to access project with internal id: project\"\n  Actual: Responding with error, status code: 403 (Forbidden).\nDetails: jetbrains.buildServer.serverSide.auth.AccessDeniedException: You do not have enough permissions to edit project with id: TestqVFxcBsGpp\nAccess denied. Check the user has enough permissions to perform the operation.\n","time":{"start":1719161084678,"stop":1719161085067,"duration":389}},{"uid":"321636cee3926bd7","reportUrl":"https://katerina-klinova.github.io/teamcity-testing-framework/151//#testresult/321636cee3926bd7","status":"failed","statusDetails":"1 expectation failed.\nResponse body doesn't match expectation.\nExpected: a string containing \"You do not have enough permissions to access project with internal id: project\"\n  Actual: Responding with error, status code: 403 (Forbidden).\nDetails: jetbrains.buildServer.serverSide.auth.AccessDeniedException: You do not have enough permissions to edit project with id: TestXciwFdMazj\nAccess denied. Check the user has enough permissions to perform the operation.\n","time":{"start":1719159012852,"stop":1719159013007,"duration":155}}]},"tags":[]},"source":"e0a34d5163629066.json","parameterValues":[]}